16:14:56, A, -68, -12, 2513058750621242
16:15:05, A, -75, -12, 2513067270391916
16:15:07, A, -78, -12, 2513069404292748
16:15:11, A, -77, -12, 2513073650878371
16:15:25, A, -88, -12, 2513087471281074
16:15:36, A, -82, -12, 2513098109005622
16:15:38, A, -82, -12, 2513100240468971
16:15:40, A, -84, -12, 2513102380093690
16:15:56, A, -80, -12, 2513118357505385
16:16:00, A, -67, -12, 2513122620399875
16:16:02, A, -66, -12, 2513124755892784
16:16:05, A, -66, -12, 2513126872209499
16:16:07, A, -70, -12, 2513129007986767
16:16:09, A, -67, -12, 2513131128381002
16:16:21, A, -71, -12, 2513142852885958
16:16:25, A, -71, -12, 2513147128301378
16:16:31, A, -69, -12, 2513153499417501
16:16:34, A, -69, -12, 2513156696372050
16:16:35, A, -70, -12, 2513157747124336
16:16:43, A, -72, -12, 2513165189262695
16:16:47, A, -70, -12, 2513169454119919
16:16:51, A, -72, -12, 2513173716116947
16:16:56, A, -70, -12, 2513177984236263
16:16:58, A, -74, -12, 2513180125810067
16:17:02, A, -71, -12, 2513184379199013
16:17:15, A, -100, -12, 2513197132651086
16:19:34, A, -60, -12, 2513336574364566
16:19:36, A, -66, -12, 2513338710409625
16:19:39, A, -70, -12, 2513340844053033
16:19:41, A, -69, -12, 2513342956236708
16:20:04, A, -67, -12, 2513366355010226
16:20:06, A, -68, -12, 2513368489296397
16:20:07, A, -67, -12, 2513369543349612
16:20:19, A, -67, -12, 2513381245842320
16:20:21, A, -67, -12, 2513383374640149
16:20:27, A, -68, -12, 2513389779554724
16:20:30, A, -70, -12, 2513391910354819
16:20:34, A, -70, -12, 2513396162938648
16:20:54, A, -74, -12, 2513416370170221
16:20:56, A, -75, -12, 2513418489080091
16:20:58, A, -73, -12, 2513420610194317
16:21:00, A, -76, -12, 2513422725455477
16:21:19, A, -72, -12, 2513440810283344
16:21:21, A, -73, -12, 2513442948080425
16:21:23, A, -73, -12, 2513445073670677
16:21:25, A, -71, -12, 2513447208801410
16:21:45, A, -70, -12, 2513467441185541
16:21:47, A, -72, -12, 2513469569436186
16:21:52, A, -72, -12, 2513473836973583
16:22:03, A, -73, -12, 2513485533948489
16:22:11, A, -69, -12, 2513492985517807
16:22:12, A, -72, -12, 2513494059396573
16:22:14, A, -70, -12, 2513496194025291
16:22:16, A, -71, -12, 2513498328599111
16:22:18, A, -71, -12, 2513500457131126
16:22:38, A, -72, -12, 2513520669434776
16:22:41, A, -70, -12, 2513522807156919
16:22:43, A, -73, -12, 2513524931369102
16:22:45, A, -71, -12, 2513527054326800
16:23:03, A, -70, -12, 2513545167654142
16:23:07, A, -72, -12, 2513549441517564
16:23:09, A, -68, -12, 2513551573557940
16:23:11, A, -75, -12, 2513553708777212
16:23:14, A, -74, -12, 2513555833873686
16:23:32, A, -72, -12, 2513573924875472
16:23:38, A, -70, -12, 2513580313854064
16:23:40, A, -71, -12, 2513582431860723
16:24:02, A, -73, -12, 2513604765486038
16:24:05, A, -73, -12, 2513606891622641
16:24:07, A, -73, -12, 2513609026032855
16:24:29, A, -65, -12, 2513631438071231
16:24:33, A, -63, -12, 2513635690745449
16:24:56, A, -64, -12, 2513658072909241
16:24:58, A, -64, -12, 2513660210156585
16:25:00, A, -63, -12, 2513662347431640
16:25:02, A, -63, -12, 2513664484786005
16:25:22, A, -67, -12, 2513684680554720
16:25:25, A, -67, -12, 2513686814311774
16:25:27, A, -67, -12, 2513688949053822
16:25:29, A, -67, -12, 2513691071154073
16:25:49, A, -64, -12, 2513711310770588
16:25:51, A, -67, -12, 2513713437964947
16:25:53, A, -67, -12, 2513715577134741
16:25:55, A, -69, -12, 2513717720089218
16:26:16, A, -67, -12, 2513737918523136
16:26:18, A, -70, -12, 2513740037915564
16:26:20, A, -66, -12, 2513742177249657
16:26:22, A, -67, -12, 2513744309986714
16:26:42, A, -67, -12, 2513764555911285
16:26:44, A, -66, -12, 2513766702828216
16:26:47, A, -65, -12, 2513768834175726
16:26:49, A, -66, -12, 2513770963370327
16:27:09, A, -68, -12, 2513791195062100
16:27:11, A, -66, -12, 2513793326445420
16:27:13, A, -66, -12, 2513795460754587
16:27:15, A, -82, -12, 2513797592948985
16:27:33, A, -62, -12, 2513815681770171
16:27:38, A, -61, -12, 2513819948103922
16:27:40, A, -68, -12, 2513822077454751
16:27:42, A, -66, -12, 2513824196256511
16:27:44, A, -72, -12, 2513826317371729
16:28:04, A, -61, -12, 2513846550379336
16:28:06, A, -66, -12, 2513848677964638
16:28:09, A, -64, -12, 2513850825384585
16:28:11, A, -66, -12, 2513852956246328
16:28:27, A, -62, -12, 2513868903198964
16:28:31, A, -70, -12, 2513873166668274
16:28:33, A, -73, -12, 2513875283764305
16:28:35, A, -67, -12, 2513877421255709
16:28:37, A, -80, -12, 2513879546955547
16:28:55, A, -66, -12, 2513897623189203
16:28:57, A, -70, -12, 2513899764001598
16:29:06, A, -66, -12, 2513908293751960
16:29:20, A, -66, -12, 2513922141415079
16:29:33, A, -66, -12, 2513934900993929
16:44:08, A, -76, -12, 2514809830466562
16:44:10, A, -74, -12, 2514811966019010
16:44:13, A, -74, -12, 2514815166832656
16:44:15, A, -74, -12, 2514817300891925
16:44:16, A, -73, -12, 2514818359246040
16:46:39, A, -74, -12, 2514960981179318
16:48:49, A, -65, -12, 2515090909696561
16:48:51, A, -66, -12, 2515093036908850
16:48:53, A, -67, -12, 2515095154400257
16:51:13, A, -69, -12, 2515235378945620
16:51:22, A, -68, -12, 2515243912720408
16:51:24, A, -69, -12, 2515246047163219
16:51:26, A, -70, -12, 2515248173259208
16:51:28, A, -70, -12, 2515250304680718
16:51:30, A, -70, -12, 2515252433641967
16:53:41, A, -68, -12, 2515383451999261
16:53:43, A, -74, -12, 2515385587104262
16:53:45, A, -66, -12, 2515387711426445
16:53:48, A, -71, -12, 2515389845628998
16:53:51, A, -76, -12, 2515393039569987
16:55:59, A, -73, -12, 2515520820744417
16:56:01, A, -81, -12, 2515522948184676
16:56:03, A, -72, -12, 2515525080841550
16:56:05, A, -84, -12, 2515527214027644
16:58:20, A, -80, -12, 2515662400299260
16:58:22, A, -78, -12, 2515664526792228
16:58:24, A, -81, -12, 2515666671784570
17:00:40, A, -77, -12, 2515801823312748
17:00:42, A, -76, -12, 2515803961453996
17:00:44, A, -72, -12, 2515806099470507
17:02:58, A, -72, -12, 2515940182962745
17:02:59, A, -72, -12, 2515941255366757
17:03:01, A, -77, -12, 2515943380921756
17:05:14, A, -82, -12, 2516076550174881
17:05:16, A, -80, -12, 2516078679633630
17:05:18, A, -82, -12, 2516080791737848
17:05:21, A, -85, -12, 2516082920710503
17:07:36, A, -76, -12, 2516218145835921
17:07:38, A, -76, -12, 2516220278851077
17:09:53, A, -75, -12, 2516355522368995
17:09:55, A, -75, -12, 2516357647339463
17:10:20, A, -82, -12, 2516382157182056
17:12:30, A, -88, -12, 2516512755369559
17:12:33, A, -88, -12, 2516514876374767
17:12:35, A, -82, -12, 2516517012551174
17:14:50, A, -80, -12, 2516652210223464
17:14:52, A, -77, -12, 2516654349613775
17:14:56, A, -81, -12, 2516658627909295
17:17:16, A, -76, -12, 2516798149622263
17:17:40, A, -83, -12, 2516822645445275
17:17:42, A, -82, -12, 2516824762289076
17:17:45, A, -90, -12, 2516826890102616
17:17:47, A, -98, -12, 2516829034512928
17:19:58, A, -79, -12, 2516960051339180
17:20:02, A, -85, -12, 2516964314107096
17:20:08, A, -79, -12, 2516970708827040
17:20:24, A, -78, -12, 2516986708042243
17:20:29, A, -86, -12, 2516990952533751
17:20:31, A, -82, -12, 2516993076716199
17:20:33, A, -82, -12, 2516995208739167
17:20:37, A, -83, -12, 2516999470027029
17:20:45, A, -78, -12, 2517006938163401
17:20:57, A, -81, -12, 2517019704688115
17:21:00, A, -87, -12, 2517021828894416
17:21:04, A, -79, -12, 2517026099772021
17:21:24, A, -71, -12, 2517046316711648
17:21:26, A, -71, -12, 2517048448448469
17:21:30, A, -65, -12, 2517052697396071
17:21:34, A, -73, -12, 2517055892024352
17:21:53, A, -62, -12, 2517075060096012
17:21:55, A, -65, -12, 2517077177346375
17:21:57, A, -76, -12, 2517079304091584
17:21:59, A, -75, -12, 2517081441772622
17:22:01, A, -69, -12, 2517083572926894
17:24:12, A, -72, -12, 2517214491073458
17:24:14, A, -82, -12, 2517216630149759
17:24:16, A, -82, -12, 2517218769874602
17:24:19, A, -84, -12, 2517220899820800
17:24:35, A, -70, -12, 2517236857913345
17:24:39, A, -79, -12, 2517241109651000
17:24:43, A, -75, -12, 2517245370317874
17:24:45, A, -80, -12, 2517247506601310
17:25:01, A, -83, -12, 2517263459158569
17:25:03, A, -86, -12, 2517265605813339
17:25:05, A, -82, -12, 2517267734687191
17:25:10, A, -89, -12, 2517271989987252
17:25:21, A, -79, -12, 2517283714264538
17:25:30, A, -70, -12, 2517292246380003
17:25:34, A, -97, -12, 2517296494781396
17:25:36, A, -84, -12, 2517298641653469
17:26:09, A, -90, -12, 2517331709993835
17:26:12, A, -90, -12, 2517333850564719
17:26:15, A, -95, -12, 2517337029678520
17:26:16, A, -91, -12, 2517338099827062
17:26:34, A, -67, -12, 2517356204519711
17:26:36, A, -67, -12, 2517358371257105
17:26:38, A, -67, -12, 2517360449779291
17:26:40, A, -70, -12, 2517362582807884
17:26:56, A, -67, -12, 2517378547415952
17:27:00, A, -67, -12, 2517382803410376
17:27:03, A, -69, -12, 2517384930724178
17:27:05, A, -66, -12, 2517387059444230
17:27:07, A, -67, -12, 2517389195670791
17:27:09, A, -66, -12, 2517391328051623
17:27:29, A, -69, -12, 2517411576838023
17:27:31, A, -66, -12, 2517413713307761
17:27:34, A, -63, -12, 2517415835978282
17:27:36, A, -66, -12, 2517417966160312
17:27:56, A, -65, -12, 2517438188681502
17:27:58, A, -67, -12, 2517440325784888
17:28:00, A, -68, -12, 2517442451726191
17:28:02, A, -71, -12, 2517444582748477
17:28:04, A, -66, -12, 2517446712460147
17:28:28, A, -67, -12, 2517470163153261
17:28:29, A, -72, -12, 2517471213181437
17:28:31, A, -68, -12, 2517473350130812
17:28:33, A, -72, -12, 2517475480365446
17:28:43, A, -69, -12, 2517485045808619
17:28:51, A, -69, -12, 2517493557682522
17:28:53, A, -73, -12, 2517495691387834
17:28:56, A, -65, -12, 2517497835744343
17:28:58, A, -65, -12, 2517499961304031
17:29:00, A, -67, -12, 2517502086082150
17:29:20, A, -65, -12, 2517522336390013
17:29:22, A, -65, -12, 2517524459022823
17:29:24, A, -67, -12, 2517526595642037
17:29:27, A, -66, -12, 2517529792424344
17:29:47, A, -66, -12, 2517548958860582
17:29:49, A, -66, -12, 2517551088710313
17:29:51, A, -66, -12, 2517553216465470
17:29:55, A, -66, -12, 2517557485412967
17:30:15, A, -66, -12, 2517577705840407
17:30:18, A, -64, -12, 2517579828896657
17:30:22, A, -65, -12, 2517584078652957
17:30:24, A, -67, -12, 2517586198258530
17:30:35, A, -66, -12, 2517597539520973
17:30:37, A, -64, -12, 2517599669803055
17:30:39, A, -65, -12, 2517601786076544
17:30:42, A, -65, -12, 2517603928432897
17:30:55, A, -66, -12, 2517617755692892
17:31:04, A, -64, -12, 2517626275974712
17:31:06, A, -69, -12, 2517628404866585
17:31:08, A, -72, -12, 2517630534049866
17:31:33, A, -73, -12, 2517655043141836
17:31:36, A, -68, -12, 2517658239513449
17:31:37, A, -69, -12, 2517659309917875
17:31:39, A, -70, -12, 2517661447434957
17:31:55, A, -65, -12, 2517677433210160
17:31:57, A, -65, -12, 2517679576374856
17:32:02, A, -72, -12, 2517683829801147
17:32:04, A, -66, -12, 2517685952698282
17:32:06, A, -64, -12, 2517688090222916
17:32:08, A, -64, -12, 2517690234305625
17:32:20, A, -65, -12, 2517701946477496
17:32:30, A, -66, -12, 2517712580027907
17:32:35, A, -64, -12, 2517716849599624
17:32:55, A, -70, -12, 2517737071843940
17:32:57, A, -67, -12, 2517739203298782
17:32:59, A, -65, -12, 2517741329317949
17:33:17, A, -70, -12, 2517759398154245
17:33:19, A, -75, -12, 2517761526402316
17:33:21, A, -68, -12, 2517763658732680
17:33:23, A, -69, -12, 2517765774930960
17:33:46, A, -68, -12, 2517788163875702
17:33:48, A, -70, -12, 2517790292739848
17:33:50, A, -70, -12, 2517792424236886
17:33:52, A, -70, -12, 2517794540489984
17:34:06, A, -71, -12, 2517808424766174
17:34:15, A, -70, -12, 2517816952754017
17:34:19, A, -70, -12, 2517821206525307
17:34:21, A, -70, -12, 2517823330032613
17:34:41, A, -71, -12, 2517843597515314
17:34:43, A, -72, -12, 2517845728492232
17:34:46, A, -70, -12, 2517847863370251
17:34:48, A, -70, -12, 2517849991061762
17:35:10, A, -61, -12, 2517872364367481
17:35:12, A, -62, -12, 2517874499529148
17:35:14, A, -61, -12, 2517876629816387
17:35:39, A, -61, -12, 2517901125173721
17:35:41, A, -59, -12, 2517903250938200
