16:14:49, B, -69, -12, 2513051657272391
16:15:16, B, -76, -12, 2513078285711080
16:15:18, B, -76, -12, 2513080407313577
16:15:32, B, -73, -12, 2513094250761587
16:15:36, B, -73, -12, 2513098507418611
16:15:43, B, -72, -12, 2513104887591849
16:15:45, B, -72, -12, 2513107020333732
16:15:47, B, -74, -12, 2513109160104087
16:15:49, B, -72, -12, 2513111288485753
16:16:03, B, -66, -12, 2513125145911708
16:16:11, B, -64, -12, 2513133672269929
16:16:13, B, -68, -12, 2513135800683212
16:16:18, B, -68, -12, 2513140065808154
16:16:40, B, -68, -12, 2513162422733330
16:16:42, B, -66, -12, 2513164540509940
16:16:47, B, -70, -12, 2513168827164997
16:17:07, B, -76, -12, 2513189057993276
16:17:09, B, -90, -12, 2513191172741088
16:17:11, B, -86, -12, 2513193373738587
16:19:23, B, -91, -12, 2513325326447077
16:19:25, B, -85, -12, 2513327608968171
16:19:57, B, -70, -12, 2513359346903237
16:20:12, B, -77, -12, 2513374248944722
16:20:16, B, -74, -12, 2513378501789803
16:20:41, B, -74, -12, 2513402997540331
16:20:45, B, -73, -12, 2513407250393406
16:20:48, B, -75, -12, 2513410449590796
16:21:05, B, -76, -12, 2513427493016954
16:21:09, B, -72, -12, 2513431750954932
16:21:12, B, -74, -12, 2513433886039842
16:21:34, B, -75, -12, 2513456243505933
16:21:36, B, -72, -12, 2513458369457284
16:21:38, B, -72, -12, 2513460509724275
16:21:52, B, -70, -12, 2513474327604109
16:21:58, B, -73, -12, 2513480717195877
16:22:01, B, -74, -12, 2513482844113693
16:22:03, B, -69, -12, 2513484955851598
16:22:05, B, -72, -12, 2513487084146491
16:22:25, B, -71, -12, 2513507349486268
16:22:27, B, -70, -12, 2513509479051066
16:22:29, B, -70, -12, 2513511616100670
16:22:31, B, -69, -12, 2513513750759065
16:22:45, B, -72, -12, 2513527625031654
16:22:54, B, -68, -12, 2513536129787666
16:22:56, B, -69, -12, 2513538271429522
16:22:58, B, -72, -12, 2513540398389555
16:23:00, B, -71, -12, 2513542526786518
16:23:20, B, -72, -12, 2513562771698647
16:23:23, B, -77, -12, 2513564890515764
16:23:25, B, -75, -12, 2513567021335068
16:23:27, B, -71, -12, 2513569148734578
16:23:46, B, -72, -12, 2513588327453781
16:23:49, B, -73, -12, 2513591521480107
16:23:51, B, -73, -12, 2513593645052265
16:23:53, B, -76, -12, 2513595773321259
16:24:14, B, -72, -12, 2513616021463910
16:24:16, B, -72, -12, 2513618164012064
16:24:18, B, -72, -12, 2513620295298122
16:24:20, B, -72, -12, 2513622426748630
16:24:42, B, -65, -12, 2513644781017319
16:24:45, B, -65, -12, 2513646916702193
16:24:47, B, -64, -12, 2513649054654087
16:24:50, B, -64, -12, 2513652257096662
16:25:07, B, -66, -12, 2513669289897438
16:25:09, B, -68, -12, 2513671420689143
16:25:11, B, -66, -12, 2513673565484133
16:25:13, B, -67, -12, 2513675697055108
16:25:16, B, -70, -12, 2513677820188140
16:25:31, B, -67, -12, 2513693790823843
16:25:34, B, -67, -12, 2513695924447627
16:25:38, B, -66, -12, 2513700181250133
16:25:40, B, -65, -12, 2513702311629846
16:25:42, B, -66, -12, 2513704447338981
16:25:56, B, -67, -12, 2513718291300863
16:26:05, B, -69, -12, 2513726820152966
16:26:07, B, -72, -12, 2513728960695677
16:26:09, B, -71, -12, 2513731094034008
16:26:11, B, -67, -12, 2513733226184623
16:26:31, B, -67, -12, 2513753456332286
16:26:33, B, -70, -12, 2513755588733425
16:26:36, B, -68, -12, 2513758781411068
16:26:38, B, -72, -12, 2513759851226470
16:26:58, B, -70, -12, 2513780099630019
16:27:00, B, -68, -12, 2513782235523044
16:27:02, B, -72, -12, 2513784353411332
16:27:04, B, -71, -12, 2513786480238652
16:27:22, B, -56, -12, 2513804609524631
16:27:27, B, -57, -12, 2513808881298246
16:27:31, B, -63, -12, 2513813148576451
16:27:33, B, -68, -12, 2513815276825016
16:27:53, B, -63, -12, 2513835533963099
16:27:55, B, -61, -12, 2513837650573946
16:27:57, B, -60, -12, 2513839777009085
16:28:00, B, -68, -12, 2513841906490946
16:28:22, B, -64, -12, 2513864266873745
16:28:24, B, -63, -12, 2513866389810624
16:28:26, B, -62, -12, 2513868510686765
16:28:46, B, -72, -12, 2513888755607228
16:28:49, B, -77, -12, 2513890881466704
16:28:51, B, -72, -12, 2513893000021196
16:28:53, B, -70, -12, 2513895121763471
16:29:08, B, -68, -12, 2513910714006699
16:29:15, B, -66, -12, 2513917090496331
16:29:38, B, -65, -12, 2513940513706635
16:43:57, B, -66, -12, 2514798969984639
16:44:01, B, -70, -12, 2514803215830837
16:44:03, B, -72, -12, 2514805337263858
16:44:05, B, -72, -12, 2514807471571460
16:44:07, B, -72, -12, 2514809591788854
16:44:09, B, -70, -12, 2514811719295677
16:44:32, B, -55, -12, 2514834048963064
16:44:34, B, -57, -12, 2514836180151296
16:46:47, B, -62, -12, 2514969241833741
16:51:21, B, -74, -12, 2515243596504939
16:53:34, B, -74, -12, 2515376630328013
16:53:36, B, -76, -12, 2515378761058221
16:55:52, B, -66, -12, 2515514014076762
16:55:55, B, -75, -12, 2515517208145408
16:55:56, B, -76, -12, 2515518281244209
16:58:13, B, -69, -12, 2515655618734938
16:58:38, B, -68, -12, 2515680130924043
17:00:51, B, -66, -12, 2515813285383628
17:00:57, B, -66, -12, 2515819678773104
17:05:12, B, -70, -12, 2516074245117800
17:05:16, B, -85, -12, 2516078502693474
17:07:29, B, -68, -12, 2516211636514830
17:07:31, B, -72, -12, 2516213768261131
17:07:34, B, -72, -12, 2516215886597642
17:07:36, B, -68, -12, 2516218029487952
17:10:11, B, -85, -12, 2516373199759509
17:10:13, B, -79, -12, 2516375338557946
17:10:15, B, -80, -12, 2516377477426433
17:12:26, B, -78, -12, 2516508371384925
17:12:30, B, -74, -12, 2516512643299767
17:12:32, B, -96, -12, 2516514778473623
17:14:42, B, -82, -12, 2516644640985289
17:14:48, B, -80, -12, 2516649982538673
17:14:52, B, -89, -12, 2516654233271276
17:17:14, B, -77, -12, 2516795827912680
17:17:27, B, -82, -12, 2516809682699081
17:17:34, B, -81, -12, 2516816066627832
17:17:36, B, -77, -12, 2516818201111109
17:17:38, B, -82, -12, 2516820334117099
17:17:40, B, -83, -12, 2516822463689077
17:17:42, B, -87, -12, 2516824587527305
17:17:50, B, -90, -12, 2516832048971938
17:17:54, B, -85, -12, 2516836316099331
17:17:56, B, -83, -12, 2516838434354175
17:19:58, B, -80, -12, 2516959881788971
17:20:00, B, -82, -12, 2516962009365637
17:20:02, B, -78, -12, 2516964134721158
17:20:04, B, -84, -12, 2516966274754127
17:20:26, B, -83, -12, 2516988665491149
17:20:28, B, -90, -12, 2516990789898961
17:20:31, B, -88, -12, 2516992921170730
17:20:33, B, -86, -12, 2516995055257762
17:20:53, B, -89, -12, 2517015268686035
17:20:55, B, -84, -12, 2517017397520563
17:20:57, B, -89, -12, 2517019534245876
17:20:59, B, -84, -12, 2517021653948167
17:21:20, B, -85, -12, 2517041904528211
17:21:22, B, -75, -12, 2517044033605555
17:21:24, B, -70, -12, 2517046148657896
17:21:39, B, -70, -12, 2517061047028829
17:21:44, B, -68, -12, 2517066353677213
17:21:48, B, -58, -12, 2517070619212002
17:21:50, B, -58, -12, 2517072736634865
17:21:53, B, -58, -12, 2517074880748302
17:21:55, B, -60, -12, 2517077008542364
17:24:10, B, -68, -12, 2517212207476636
17:24:12, B, -71, -12, 2517214327993719
17:24:14, B, -69, -12, 2517216468661269
17:24:34, B, -73, -12, 2517236702252722
17:24:39, B, -86, -12, 2517240956167459
17:24:59, B, -81, -12, 2517261191122343
17:25:03, B, -84, -12, 2517265461227084
17:25:05, B, -91, -12, 2517267601254381
17:25:26, B, -76, -12, 2517287814828607
17:25:28, B, -82, -12, 2517289935341503
17:25:32, B, -76, -12, 2517294194738688
17:25:52, B, -90, -12, 2517314423376796
17:25:56, B, -90, -12, 2517318676218117
17:26:01, B, -86, -12, 2517322931083629
17:26:03, B, -93, -12, 2517325059482952
17:26:05, B, -94, -12, 2517327183152222
17:26:07, B, -90, -12, 2517329349859148
17:26:21, B, -77, -12, 2517343141559192
17:26:30, B, -64, -12, 2517352704516742
17:26:31, B, -63, -12, 2517353773568878
17:26:34, B, -63, -12, 2517355907120698
17:26:56, B, -62, -12, 2517378265973712
17:27:02, B, -62, -12, 2517384675450167
17:27:16, B, -63, -12, 2517398539201830
17:27:25, B, -62, -12, 2517407035086253
17:27:28, B, -69, -12, 2517410234007398
17:27:30, B, -62, -12, 2517412378704325
17:27:44, B, -62, -12, 2517426239229844
17:27:51, B, -68, -12, 2517433697325722
17:27:54, B, -70, -12, 2517435814826402
17:27:56, B, -69, -12, 2517437929308533
17:27:58, B, -62, -12, 2517440046405251
17:28:18, B, -67, -12, 2517460275000452
17:28:22, B, -63, -12, 2517464542741857
17:28:24, B, -61, -12, 2517466661094929
17:28:28, B, -62, -12, 2517469867216490
17:28:40, B, -61, -12, 2517482612730495
17:28:42, B, -61, -12, 2517484738436693
17:28:45, B, -61, -12, 2517486873210078
17:28:47, B, -61, -12, 2517489001418827
17:28:49, B, -69, -12, 2517491136845022
17:28:51, B, -68, -12, 2517493262408095
17:29:03, B, -61, -12, 2517504983031789
17:29:09, B, -62, -12, 2517511023782151
17:29:33, B, -62, -12, 2517535518755268
17:29:35, B, -67, -12, 2517537648086151
17:29:37, B, -63, -12, 2517539775498858
17:29:58, B, -67, -12, 2517560015750882
17:30:02, B, -58, -12, 2517564289386870
17:30:04, B, -58, -12, 2517566404809213
17:30:06, B, -59, -12, 2517568541380774
17:30:26, B, -61, -12, 2517588734143631
17:30:30, B, -60, -12, 2517591922291548
17:30:31, B, -68, -12, 2517592989934309
17:30:33, B, -60, -12, 2517595115256286
17:30:51, B, -61, -12, 2517613226831747
17:30:55, B, -68, -12, 2517617465935236
17:30:59, B, -60, -12, 2517621716295078
17:31:22, B, -60, -12, 2517644060211476
17:31:24, B, -62, -12, 2517646198369184
17:31:26, B, -67, -12, 2517648336831370
17:31:28, B, -61, -12, 2517650475336422
17:31:30, B, -68, -12, 2517652653409285
17:31:53, B, -62, -12, 2517674980185787
17:31:55, B, -63, -12, 2517677113029172
17:31:57, B, -62, -12, 2517679255141410
17:31:59, B, -62, -12, 2517681390410940
17:32:13, B, -61, -12, 2517695232349113
17:32:15, B, -62, -12, 2517697372221289
17:32:21, B, -62, -12, 2517703734272598
17:32:24, B, -67, -12, 2517705870368118
17:32:26, B, -69, -12, 2517707988261660
17:32:29, B, -62, -12, 2517711170273333
17:32:33, B, -70, -12, 2517715436221604
17:32:46, B, -61, -12, 2517728221463267
17:32:48, B, -70, -12, 2517730351327901
17:32:50, B, -69, -12, 2517732493281494
17:32:52, B, -60, -12, 2517734609944983
17:33:13, B, -59, -12, 2517754854594479
17:33:15, B, -60, -12, 2517756975721745
17:33:17, B, -61, -12, 2517759111514557
17:33:39, B, -63, -12, 2517781506916319
17:33:41, B, -62, -12, 2517783631649828
17:33:46, B, -64, -12, 2517787889437261
17:34:06, B, -67, -12, 2517808111510867
17:34:08, B, -62, -12, 2517810240996318
17:34:10, B, -62, -12, 2517812371584741
17:34:12, B, -66, -12, 2517814502016672
17:34:30, B, -64, -12, 2517832591641820
17:34:32, B, -64, -12, 2517834729440737
17:34:37, B, -67, -12, 2517838984005550
17:34:40, B, -63, -12, 2517842169586437
17:35:01, B, -63, -12, 2517863495008161
17:35:05, B, -64, -12, 2517867734308786
17:35:30, B, -67, -12, 2517892239328204
17:35:32, B, -61, -12, 2517894371183360
17:35:36, B, -63, -12, 2517898636098566
17:35:40, B, -65, -12, 2517901818272366
17:35:46, B, -61, -12, 2517908206459656
