16:14:49, C, -62, -12, 2513051738602547
16:14:52, C, -66, -12, 2513053880460358
16:14:56, C, -70, -12, 2513058115891346
16:14:59, C, -76, -12, 2513061321350669
16:15:12, C, -80, -12, 2513074101353944
16:15:16, C, -86, -12, 2513078335049568
16:15:18, C, -73, -12, 2513080473575713
16:15:20, C, -98, -12, 2513082613574931
16:15:22, C, -74, -12, 2513084740996909
16:15:45, C, -76, -12, 2513107109691377
16:15:47, C, -80, -12, 2513109238636743
16:15:49, C, -73, -12, 2513111376133410
16:15:51, C, -73, -12, 2513113501821065
16:16:09, C, -63, -12, 2513131586771389
16:16:11, C, -64, -12, 2513133729220228
16:16:14, C, -66, -12, 2513135871005391
16:16:16, C, -63, -12, 2513137999611473
16:16:18, C, -63, -12, 2513140106905475
16:16:20, C, -67, -12, 2513142252681286
16:16:32, C, -64, -12, 2513153965269691
16:16:42, C, -71, -12, 2513164625686836
16:17:09, C, -88, -12, 2513191228313484
16:17:11, C, -90, -12, 2513193376659837
16:19:19, C, -98, -12, 2513321131792964
16:19:21, C, -97, -12, 2513323267115103
16:19:23, C, -96, -12, 2513325398011088
16:19:25, C, -88, -12, 2513327611781452
16:19:27, C, -91, -12, 2513329660285202
16:19:48, C, -76, -12, 2513349897088673
16:19:54, C, -70, -12, 2513356290413919
16:20:08, C, -74, -12, 2513370111490825
16:20:14, C, -72, -12, 2513376507780524
16:20:16, C, -74, -12, 2513378633347858
16:20:39, C, -71, -12, 2513400983734019
16:20:41, C, -72, -12, 2513403112495714
16:20:43, C, -72, -12, 2513405252798253
16:20:45, C, -75, -12, 2513407380681860
16:20:48, C, -72, -12, 2513410579628796
16:20:49, C, -74, -12, 2513411637827882
16:21:03, C, -72, -12, 2513425480641263
16:21:05, C, -75, -12, 2513427615631540
16:21:12, C, -73, -12, 2513433988410737
16:21:34, C, -75, -12, 2513456350583486
16:21:36, C, -73, -12, 2513458463362846
16:21:38, C, -75, -12, 2513460589520219
16:21:40, C, -73, -12, 2513462720320058
16:21:52, C, -70, -12, 2513474434327905
16:22:01, C, -70, -12, 2513482931032053
16:22:03, C, -70, -12, 2513485071500752
16:22:05, C, -70, -12, 2513487196607847
16:22:27, C, -67, -12, 2513509566394877
16:22:29, C, -68, -12, 2513511684356606
16:22:32, C, -68, -12, 2513513825376576
16:22:34, C, -68, -12, 2513515959909720
16:22:45, C, -71, -12, 2513527674840820
16:22:56, C, -72, -12, 2513538354749162
16:22:58, C, -73, -12, 2513540484308023
16:23:00, C, -71, -12, 2513542623215204
16:23:23, C, -78, -12, 2513565009649764
16:23:25, C, -75, -12, 2513567147807669
16:23:29, C, -78, -12, 2513571421758806
16:23:31, C, -74, -12, 2513573546219299
16:23:34, C, -76, -12, 2513576769902298
16:23:37, C, -71, -12, 2513578897798650
16:23:52, C, -70, -12, 2513593833277830
16:23:54, C, -74, -12, 2513595963330146
16:23:56, C, -76, -12, 2513598106733006
16:23:58, C, -86, -12, 2513600245875436
16:24:20, C, -74, -12, 2513622615342535
16:24:25, C, -76, -12, 2513626870754417
16:24:27, C, -76, -12, 2513628981498368
16:24:41, C, -68, -12, 2513642849890998
16:24:47, C, -68, -12, 2513649238858710
16:24:50, C, -66, -12, 2513652430199552
16:24:51, C, -68, -12, 2513653496811749
16:24:53, C, -67, -12, 2513655623694503
16:25:09, C, -69, -12, 2513671603430570
16:25:14, C, -67, -12, 2513675871889630
16:25:16, C, -70, -12, 2513677999123994
16:25:18, C, -68, -12, 2513680141218926
16:25:20, C, -68, -12, 2513682264063220
16:25:32, C, -71, -12, 2513693955521297
16:25:40, C, -68, -12, 2513702478445170
16:25:44, C, -68, -12, 2513706736123318
16:25:47, C, -68, -12, 2513708864008302
16:26:09, C, -69, -12, 2513731253354995
16:26:11, C, -70, -12, 2513733382864585
16:26:13, C, -69, -12, 2513735525453125
16:26:15, C, -68, -12, 2513737654709928
16:26:37, C, -70, -12, 2513758944138828
16:26:38, C, -71, -12, 2513760021168522
16:26:40, C, -70, -12, 2513762154642744
16:26:53, C, -70, -12, 2513775664402427
16:26:58, C, -70, -12, 2513779917924596
16:27:00, C, -70, -12, 2513782050672943
16:27:20, C, -66, -12, 2513802296085311
16:27:22, C, -64, -12, 2513804428406003
16:27:24, C, -65, -12, 2513806564073692
16:27:26, C, -62, -12, 2513808680371684
16:27:44, C, -66, -12, 2513826759455800
16:27:49, C, -73, -12, 2513831021116772
16:27:53, C, -66, -12, 2513835293864558
16:27:55, C, -64, -12, 2513837407638244
16:28:11, C, -65, -12, 2513853387423801
16:28:15, C, -75, -12, 2513857664285971
16:28:17, C, -73, -12, 2513859800442280
16:28:20, C, -70, -12, 2513861926238571
16:28:22, C, -69, -12, 2513864065606038
16:28:44, C, -77, -12, 2513886380574103
16:28:48, C, -90, -12, 2513890643028633
16:29:15, C, -72, -12, 2513917478027685
16:29:17, C, -72, -12, 2513919406296018
16:29:19, C, -73, -12, 2513921524905913
16:29:36, C, -69, -12, 2513938597093175
16:29:38, C, -70, -12, 2513940714248406
16:43:56, C, -56, -12, 2514798675418911
16:43:59, C, -61, -12, 2514800808404431
16:44:01, C, -68, -12, 2514802942414483
16:44:23, C, -63, -12, 2514825314184995
16:44:25, C, -60, -12, 2514827447740723
16:44:27, C, -61, -12, 2514829573320202
16:44:29, C, -61, -12, 2514831689325617
16:44:32, C, -61, -12, 2514833827529575
16:46:38, C, -63, -12, 2514960475246038
16:46:40, C, -62, -12, 2514962591576713
16:48:49, C, -62, -12, 2515090957767185
16:48:51, C, -62, -12, 2515093099193434
16:48:53, C, -66, -12, 2515095232880309
16:48:55, C, -71, -12, 2515097363564319
16:49:09, C, -72, -12, 2515111211518062
16:51:10, C, -70, -12, 2515232614265361
16:53:48, C, -73, -12, 2515390120065664
16:56:05, C, -70, -12, 2515527429546654
16:56:07, C, -74, -12, 2515529560509413
16:56:09, C, -71, -12, 2515531684932746
16:56:12, C, -68, -12, 2515533806940557
16:58:22, C, -80, -12, 2515664742571082
16:58:27, C, -82, -12, 2515669010519569
16:58:29, C, -83, -12, 2515671139396652
16:58:31, C, -78, -12, 2515673271694724
17:00:44, C, -66, -12, 2515806379865401
17:00:46, C, -75, -12, 2515808520402276
17:00:48, C, -80, -12, 2515810649608837
17:00:50, C, -79, -12, 2515812780480815
17:03:04, C, -87, -12, 2515945930300507
17:03:06, C, -97, -12, 2515948048928004
17:03:09, C, -80, -12, 2515951232557690
17:03:10, C, -79, -12, 2515952301850189
17:05:21, C, -92, -12, 2516083196978893
17:05:23, C, -77, -12, 2516085319572274
17:05:25, C, -77, -12, 2516087445201752
17:07:32, C, -73, -12, 2516213861209673
17:07:36, C, -73, -12, 2516218126714619
17:07:38, C, -74, -12, 2516220249531597
17:07:51, C, -72, -12, 2516233055724198
17:09:53, C, -76, -12, 2516355498340505
17:09:55, C, -73, -12, 2516357633383421
17:09:57, C, -75, -12, 2516359762541441
17:10:01, C, -83, -12, 2516362973501491
17:10:11, C, -81, -12, 2516373633091070
17:10:18, C, -87, -12, 2516380006654504
17:10:20, C, -80, -12, 2516382141378723
17:12:29, C, -81, -12, 2516510994149352
17:12:39, C, -82, -12, 2516521639343151
17:14:42, C, -90, -12, 2516644129804665
17:14:57, C, -83, -12, 2516659027198256
17:15:01, C, -94, -12, 2516663283577678
17:15:03, C, -83, -12, 2516665407025126
17:15:05, C, -75, -12, 2516667535792938
17:15:07, C, -82, -12, 2516669663033770
17:17:16, C, -74, -12, 2516798520247315
17:17:20, C, -81, -12, 2516802773691219
17:17:25, C, -75, -12, 2516807042999238
17:17:27, C, -73, -12, 2516809167679706
17:17:29, C, -76, -12, 2516811314459132
17:17:41, C, -82, -12, 2516823023471732
17:17:49, C, -95, -12, 2516831550987302
17:17:52, C, -82, -12, 2516834748157249
17:17:54, C, -77, -12, 2516835807532769
17:17:56, C, -82, -12, 2516837948743082
17:20:11, C, -76, -12, 2516973218199904
17:20:13, C, -75, -12, 2516975342018498
17:20:15, C, -89, -12, 2516977465721204
17:20:17, C, -76, -12, 2516979600412716
17:20:29, C, -84, -12, 2516991310349792
17:20:38, C, -77, -12, 2516999835013694
17:20:42, C, -82, -12, 2517004099086142
17:20:44, C, -81, -12, 2517006225438641
17:21:04, C, -90, -12, 2517026481965407
17:21:06, C, -79, -12, 2517028604163163
17:21:08, C, -76, -12, 2517030726712070
17:21:11, C, -81, -12, 2517032870641235
17:21:13, C, -83, -12, 2517034984833682
17:21:15, C, -74, -12, 2517037132881647
17:21:41, C, -72, -12, 2517063800777371
17:21:44, C, -87, -12, 2517065925705077
17:22:02, C, -67, -12, 2517084033396008
17:22:06, C, -79, -12, 2517088304096996
17:22:08, C, -84, -12, 2517090421561943
17:24:32, C, -76, -12, 2517234211938086
17:24:41, C, -80, -12, 2517243785019385
17:24:52, C, -72, -12, 2517254421596419
17:24:54, C, -101, -12, 2517256548977562
17:25:17, C, -88, -12, 2517278936051403
17:25:19, C, -83, -12, 2517281074551765
17:25:23, C, -90, -12, 2517285310639369
17:25:35, C, -98, -12, 2517297044367177
17:25:43, C, -91, -12, 2517305558283145
17:25:45, C, -90, -12, 2517307689668359
17:25:48, C, -96, -12, 2517309806938630
17:25:52, C, -97, -12, 2517314081516141
17:25:54, C, -87, -12, 2517316216087223
17:25:56, C, -92, -12, 2517318341481547
17:25:58, C, -93, -12, 2517320457082848
17:26:15, C, -92, -12, 2517337480023416
17:26:20, C, -92, -12, 2517342800715705
17:26:23, C, -76, -12, 2517344933998256
17:26:25, C, -71, -12, 2517347059747371
17:26:28, C, -60, -12, 2517350254070598
17:26:43, C, -60, -12, 2517364820199241
17:26:48, C, -66, -12, 2517370122104236
17:26:50, C, -62, -12, 2517372264256319
17:27:05, C, -60, -12, 2517387170297145
17:27:07, C, -62, -12, 2517389304304020
17:27:09, C, -60, -12, 2517391440296103
17:27:11, C, -60, -12, 2517393572568914
17:27:23, C, -66, -12, 2517405280786150
17:27:31, C, -64, -12, 2517413794361199
17:27:34, C, -67, -12, 2517415930010574
17:27:36, C, -67, -12, 2517418070754948
17:27:38, C, -64, -12, 2517420211269946
17:27:41, C, -64, -12, 2517423406739368
17:28:00, C, -61, -12, 2517442622083949
17:28:05, C, -61, -12, 2517446868706450
17:28:07, C, -60, -12, 2517449000395872
17:28:09, C, -61, -12, 2517451135090402
17:28:31, C, -62, -12, 2517473501708156
17:28:33, C, -64, -12, 2517475634552998
17:28:35, C, -62, -12, 2517477759934768
17:28:38, C, -60, -12, 2517479903451330
17:28:58, C, -68, -12, 2517500110236167
17:29:00, C, -65, -12, 2517502241374188
17:29:02, C, -68, -12, 2517504385010798
17:29:22, C, -68, -12, 2517524615288501
17:29:29, C, -65, -12, 2517531007170957
17:29:31, C, -60, -12, 2517533138886307
17:29:53, C, -65, -12, 2517555526785518
17:29:55, C, -60, -12, 2517557669457810
17:29:58, C, -60, -12, 2517559809595414
17:30:00, C, -62, -12, 2517561943713850
17:30:20, C, -60, -12, 2517582165674728
17:30:22, C, -62, -12, 2517584299064675
17:30:24, C, -60, -12, 2517586422124936
17:30:26, C, -61, -12, 2517588556855401
17:30:29, C, -62, -12, 2517591753615402
17:30:53, C, -62, -12, 2517615211157788
17:30:55, C, -62, -12, 2517617344310288
17:30:57, C, -62, -12, 2517619477324454
17:30:59, C, -62, -12, 2517621612783829
17:31:13, C, -65, -12, 2517635463075958
17:31:20, C, -60, -12, 2517641870782571
17:31:22, C, -63, -12, 2517643999876268
17:31:24, C, -60, -12, 2517646126464339
17:31:26, C, -60, -12, 2517648257269963
17:31:28, C, -61, -12, 2517650394689599
17:31:48, C, -59, -12, 2517670592003078
17:31:50, C, -59, -12, 2517672722529903
17:31:53, C, -59, -12, 2517674859866934
17:31:55, C, -61, -12, 2517676995804379
17:31:57, C, -62, -12, 2517679113362243
17:32:17, C, -59, -12, 2517699349753746
17:32:19, C, -62, -12, 2517701474321921
17:32:21, C, -62, -12, 2517703609302286
17:32:23, C, -59, -12, 2517705737444264
17:32:46, C, -63, -12, 2517728110552748
17:32:48, C, -62, -12, 2517730229011755
17:32:50, C, -63, -12, 2517732374219723
17:32:52, C, -63, -12, 2517734520904669
17:33:08, C, -63, -12, 2517750481707060
17:33:11, C, -64, -12, 2517753680578048
17:33:12, C, -61, -12, 2517754743883990
17:33:35, C, -64, -12, 2517777098466216
17:33:37, C, -61, -12, 2517779233758402
17:33:39, C, -61, -12, 2517781367470850
17:33:41, C, -64, -12, 2517783485983089
17:34:01, C, -59, -12, 2517803680340307
17:34:04, C, -59, -12, 2517805823771991
17:34:06, C, -64, -12, 2517807954745736
17:34:26, C, -61, -12, 2517828192021775
17:34:28, C, -61, -12, 2517830313096873
17:34:30, C, -60, -12, 2517832451285049
17:34:32, C, -61, -12, 2517834575418698
17:34:34, C, -60, -12, 2517836698518154
17:34:37, C, -65, -12, 2517838820813113
17:34:50, C, -60, -12, 2517852684228223
17:34:52, C, -63, -12, 2517854804302437
17:34:57, C, -60, -12, 2517859064472331
17:34:59, C, -63, -12, 2517861198266862
17:35:01, C, -60, -12, 2517863342075141
17:35:23, C, -59, -12, 2517885685998570
17:35:29, C, -63, -12, 2517891004039246
17:35:30, C, -63, -12, 2517892071729350
17:35:32, C, -61, -12, 2517894192490131
17:35:46, C, -63, -12, 2517908054454969
