15:53:02, B, -62, -12, 323687239636181
15:53:08, B, -77, -12, 323693635878470
15:53:26, B, -70, -12, 323711738602682
15:53:29, B, -70, -12, 323713865387056
15:53:31, B, -71, -12, 323715990177889
15:53:33, B, -72, -12, 323718124080127
15:53:37, B, -68, -12, 323722393115907
15:53:39, B, -70, -12, 323724538969187
15:53:59, B, -68, -12, 323744772030065
15:54:06, B, -61, -12, 323751153104959
15:54:08, B, -65, -12, 323753292388499
15:54:10, B, -64, -12, 323755463928394
15:54:12, B, -68, -12, 323757556479696
15:54:24, B, -68, -12, 323769268801357
15:54:39, B, -70, -12, 323784203168175
15:54:41, B, -72, -12, 323786336174216
15:54:43, B, -70, -12, 323788460206090
15:54:51, B, -68, -12, 323795932035723
15:55:06, B, -73, -12, 323810828173164
15:55:08, B, -71, -12, 323812955862227
15:55:10, B, -69, -12, 323815098228476
15:55:12, B, -70, -12, 323817224966705
15:55:16, B, -70, -12, 323821480547431
15:55:21, B, -67, -12, 323826796612273
15:55:32, B, -68, -12, 323837444443259
15:55:36, B, -65, -12, 323841719801851
15:55:41, B, -68, -12, 323845990119089
15:55:43, B, -67, -12, 323848115615911
15:55:45, B, -63, -12, 323850256917629
15:55:47, B, -66, -12, 323852381953566
15:55:49, B, -63, -12, 323854519923409
15:56:05, B, -67, -12, 323870482137100
15:56:07, B, -63, -12, 323872611504704
15:56:09, B, -66, -12, 323874744443609
15:56:12, B, -63, -12, 323876877170483
15:56:14, B, -65, -12, 323878992002513
15:56:16, B, -64, -12, 323881124670013
15:56:18, B, -66, -12, 323883255132513
15:56:20, B, -68, -12, 323885391701469
15:56:42, B, -76, -12, 323907758308128
15:56:45, B, -75, -12, 323909880540627
15:56:49, B, -75, -12, 323914138899897
15:57:15, B, -73, -12, 323940753982491
15:57:18, B, -73, -12, 323942889657958
15:57:20, B, -77, -12, 323945016939416
15:57:24, B, -82, -12, 323949286317330
15:57:40, B, -76, -12, 323965246437637
15:57:46, B, -74, -12, 323971647505083
15:57:48, B, -73, -12, 323973781773623
15:58:17, B, -76, -12, 324002553259289
15:58:19, B, -79, -12, 324004677207622
15:58:22, B, -76, -12, 324006817574601
15:58:24, B, -78, -12, 324008939860641
15:58:26, B, -76, -12, 324011088463922
15:58:46, B, -79, -12, 324031310725164
15:58:48, B, -75, -12, 324033448500059
15:58:50, B, -79, -12, 324035580642558
15:58:52, B, -80, -12, 324037712976568
15:58:55, B, -77, -12, 324039837254484
15:58:57, B, -78, -12, 324041979434483
15:59:15, B, -74, -12, 324060120594840
15:59:21, B, -75, -12, 324066500573692
15:59:23, B, -76, -12, 324068628263118
15:59:25, B, -72, -12, 324070753493118
15:59:28, B, -70, -12, 324072894069992
15:59:30, B, -75, -12, 324075022030616
15:59:35, B, -78, -12, 324080337137229
15:59:41, B, -72, -12, 324086710181445
15:59:52, B, -78, -12, 324097379976597
15:59:54, B, -76, -12, 324099508868523
15:59:56, B, -76, -12, 324101637732846
15:59:58, B, -77, -12, 324103772295397
16:00:01, B, -72, -12, 324105906336803
16:00:25, B, -76, -12, 324130397169711
16:00:27, B, -74, -12, 324132517390126
16:00:52, B, -72, -12, 324156982538918
16:00:54, B, -82, -12, 324159112478136
16:00:56, B, -75, -12, 324161238858656
16:00:58, B, -74, -12, 324163379881884
16:01:00, B, -77, -12, 324165515941832
16:01:12, B, -77, -12, 324177216052712
16:01:25, B, -77, -12, 324190008132499
16:01:27, B, -75, -12, 324192152827915
16:01:29, B, -90, -12, 324194275427341
16:01:34, B, -78, -12, 324199589839579
16:01:47, B, -78, -12, 324212350273741
16:01:56, B, -79, -12, 324220869040144
16:02:05, B, -78, -12, 324230418400974
16:02:09, B, -72, -12, 324234667264514
16:02:16, B, -87, -12, 324241073764094
16:02:20, B, -76, -12, 324245327442791
16:02:22, B, -72, -12, 324247453957946
16:02:42, B, -74, -12, 324267652291532
16:02:49, B, -76, -12, 324274052908040
16:02:55, B, -75, -12, 324280442712829
16:03:22, B, -81, -12, 324307073837871
16:03:24, B, -72, -12, 324309190913079
16:03:26, B, -73, -12, 324311315208443
16:03:44, B, -72, -12, 324329411983853
16:03:46, B, -79, -12, 324331523973956
16:03:50, B, -76, -12, 324335771468225
16:03:53, B, -78, -12, 324337897060672
16:04:13, B, -82, -12, 324358135263165
16:04:15, B, -81, -12, 324360257247643
16:04:17, B, -84, -12, 324362394375715
16:04:19, B, -79, -12, 324364521670245
16:04:21, B, -78, -12, 324366668017067
16:04:23, B, -74, -12, 324368806741911
16:04:46, B, -80, -12, 324391142700547
16:04:48, B, -78, -12, 324393278913672
16:04:52, B, -77, -12, 324397543679659
16:05:15, B, -80, -12, 324419891645536
16:05:17, B, -72, -12, 324422028879234
16:05:37, B, -76, -12, 324442238814069
16:05:43, B, -76, -12, 324448619755578
16:05:45, B, -85, -12, 324450759156722
16:05:48, B, -73, -12, 324452888050576
16:05:50, B, -77, -12, 324455017567034
16:05:52, B, -87, -12, 324457157152554
16:05:57, B, -92, -12, 324462459220103
16:06:06, B, -76, -12, 324470964495413
16:06:12, B, -76, -12, 324477345343588
16:06:14, B, -76, -12, 324479486162076
16:06:16, B, -77, -12, 324481617397961
16:06:18, B, -84, -12, 324483750473221
16:06:21, B, -93, -12, 324485880600147
16:06:43, B, -81, -12, 324508243715503
16:06:45, B, -76, -12, 324510388031752
16:06:47, B, -74, -12, 324512520281647
16:06:49, B, -76, -12, 324514646733261
16:07:05, B, -77, -12, 324530637937631
16:07:12, B, -82, -12, 324537040390231
16:07:14, B, -81, -12, 324539182439970
16:07:16, B, -76, -12, 324541309802938
16:07:18, B, -80, -12, 324543452900489
16:07:20, B, -75, -12, 324545579958770
16:07:23, B, -74, -12, 324548764166894
16:07:36, B, -74, -12, 324561556736160
16:07:43, B, -77, -12, 324567934686365
16:07:45, B, -75, -12, 324570056284282
16:07:47, B, -79, -12, 324572189939853
16:07:49, B, -75, -12, 324574313961468
16:08:11, B, -75, -12, 324596677676354
16:08:13, B, -80, -12, 324598802140520
16:08:16, B, -73, -12, 324600932486249
16:08:18, B, -79, -12, 324603070217862
16:08:42, B, -73, -12, 324627560142437
16:08:44, B, -72, -12, 324629685191602
16:09:11, B, -78, -12, 324655940289353
16:09:31, B, -75, -12, 324676151180022
16:09:33, B, -76, -12, 324678281956688
16:09:35, B, -72, -12, 324680415892104
16:09:37, B, -88, -12, 324682530058509
16:09:40, B, -72, -12, 324685735382883
16:10:00, B, -80, -12, 324704886783396
16:10:02, B, -77, -12, 324707017723032
16:10:04, B, -84, -12, 324709146332510
16:10:06, B, -81, -12, 324711271487873
16:10:08, B, -81, -12, 324713403771154
16:10:13, B, -82, -12, 324718711696516
16:10:20, B, -78, -12, 324725119617503
16:10:26, B, -79, -12, 324731499570992
16:10:30, B, -83, -12, 324735759873020
16:10:33, B, -78, -12, 324737886302603
16:10:35, B, -75, -12, 324740006110206
16:10:57, B, -72, -12, 324762362123166
16:10:59, B, -71, -12, 324764489955457
16:11:01, B, -70, -12, 324766611063790
16:11:09, B, -70, -12, 324774051510714
16:11:26, B, -73, -12, 324791078591540
16:11:30, B, -72, -12, 324795352236331
16:11:32, B, -72, -12, 324797480799090
16:11:49, B, -73, -12, 324814478298720
16:11:54, B, -83, -12, 324819776404811
16:11:57, B, -82, -12, 324821908136685
16:11:59, B, -74, -12, 324824031985903
16:12:01, B, -72, -12, 324826167699548
16:12:19, B, -71, -12, 324844265287041
16:12:23, B, -81, -12, 324848518313394
16:12:25, B, -72, -12, 324850636872091
16:12:27, B, -72, -12, 324852770039278
16:12:30, B, -71, -12, 324854900956985
16:12:46, B, -76, -12, 324870884031771
16:12:52, B, -76, -12, 324877273393852
16:12:58, B, -76, -12, 324883681210464
16:13:01, B, -76, -12, 324885822386869
16:13:16, B, -72, -12, 324901799381811
16:13:19, B, -72, -12, 324903937905873
16:13:23, B, -79, -12, 324908187224309
16:13:25, B, -72, -12, 324910320247746
16:13:29, B, -71, -12, 324914582896702
16:13:43, B, -87, -12, 324928411732947
16:13:45, B, -74, -12, 324930553236019
16:13:49, B, -76, -12, 324934799790444
16:13:54, B, -84, -12, 324939073853048
16:13:56, B, -74, -12, 324941211967890
16:14:08, B, -74, -12, 324952936962677
16:14:14, B, -75, -12, 324959334413716
16:14:20, B, -79, -12, 324965730815589
16:14:23, B, -79, -12, 324967846580015
16:14:29, B, -74, -12, 324974251750012
16:14:31, B, -76, -12, 324976378503241
16:14:53, B, -76, -12, 324998773479691
16:14:56, B, -86, -12, 325000901160888
16:15:00, B, -79, -12, 325005161216824
16:15:18, B, -77, -12, 325023266359265
16:15:26, B, -73, -12, 325031776831085
16:15:29, B, -72, -12, 325033905382594
16:15:42, B, -73, -12, 325047741133005
16:15:49, B, -73, -12, 325054140569878
16:15:51, B, -72, -12, 325056270126231
16:15:53, B, -77, -12, 325058392642169
16:15:55, B, -72, -12, 325060532922324
16:15:57, B, -72, -12, 325062670186073
16:15:59, B, -74, -12, 325064806479926
16:16:13, B, -74, -12, 325078653601796
16:16:15, B, -83, -12, 325080783089138
16:16:22, B, -77, -12, 325087176964449
16:16:24, B, -81, -12, 325089295250698
16:16:26, B, -75, -12, 325091424999603
16:16:51, B, -71, -12, 325115938187823
16:16:53, B, -76, -12, 325118065437823
16:16:55, B, -70, -12, 325120190194124
16:16:57, B, -76, -12, 325122335837562
16:17:19, B, -74, -12, 325144666749999
16:17:21, B, -83, -12, 325146794852812
16:17:24, B, -75, -12, 325148914011509
16:17:26, B, -72, -12, 325151053614060
16:17:28, B, -73, -12, 325153183720517
16:17:48, B, -76, -12, 325173389528426
16:17:50, B, -75, -12, 325175505841395
16:17:54, B, -77, -12, 325179779971392
16:18:08, B, -79, -12, 325193626548107
16:18:19, B, -81, -12, 325204283000134
16:18:21, B, -76, -12, 325206415111591
16:18:23, B, -78, -12, 325208538475496
16:18:25, B, -80, -12, 325210649131537
16:18:48, B, -71, -12, 325233024836112
16:18:50, B, -77, -12, 325235162411163
16:18:52, B, -73, -12, 325237344291423
16:18:54, B, -71, -12, 325239409193454
16:18:56, B, -79, -12, 325241540185588
16:19:21, B, -81, -12, 325266045798599
16:19:23, B, -80, -12, 325268176314484
16:19:25, B, -81, -12, 325270309304119
16:19:27, B, -80, -12, 325272426375888
16:19:47, B, -72, -12, 325292635391245
16:19:54, B, -74, -12, 325299017354003
16:20:12, B, -75, -12, 325317101132017
16:20:18, B, -74, -12, 325323484409098
16:20:22, B, -73, -12, 325327742709461
16:20:45, B, -81, -12, 325350105862942
16:20:47, B, -73, -12, 325352234960233
16:20:49, B, -76, -12, 325354364006846
16:20:51, B, -73, -12, 325356496180492
16:21:01, B, -72, -12, 325366079576373
16:21:05, B, -72, -12, 325370341097465
16:21:07, B, -73, -12, 325372471323350
16:21:10, B, -70, -12, 325375674336057
16:21:14, B, -73, -12, 325378867427462
16:21:16, B, -71, -12, 325380995741159
16:21:18, B, -71, -12, 325383133834076
16:21:20, B, -70, -12, 325385259425168
16:21:22, B, -70, -12, 325387378804282
16:21:31, B, -72, -12, 325395904535165
16:21:44, B, -72, -12, 325409747625055
16:21:47, B, -74, -12, 325411866996305
16:21:49, B, -72, -12, 325413987220522
16:21:54, B, -72, -12, 325419311187239
16:22:09, B, -72, -12, 325434196826243
16:22:13, B, -72, -12, 325438480217752
16:22:15, B, -72, -12, 325440605643428
16:22:17, B, -68, -12, 325442745953584
16:22:20, B, -72, -12, 325444881725354
16:22:44, B, -75, -12, 325469396826855
16:22:46, B, -73, -12, 325471538482115
16:22:48, B, -74, -12, 325473664588260
16:23:06, B, -74, -12, 325491787732732
16:23:13, B, -77, -12, 325498158190750
16:23:15, B, -79, -12, 325500295165854
16:23:19, B, -80, -12, 325504543774394
16:23:21, B, -79, -12, 325506687175174
16:23:42, B, -92, -12, 325526928463552
16:23:44, B, -74, -12, 325529059096988
16:23:48, B, -81, -12, 325533310078914
16:24:02, B, -76, -12, 325547152254898
16:24:12, B, -76, -12, 325557795480884
16:24:15, B, -76, -12, 325559934092602
16:24:17, B, -76, -12, 325562079014373
16:24:19, B, -77, -12, 325564211226350
16:24:41, B, -74, -12, 325586567252435
16:24:43, B, -76, -12, 325588697039882
16:24:46, B, -76, -12, 325590830579725
16:24:48, B, -74, -12, 325592968098423
16:25:01, B, -83, -12, 325606813121958
16:25:08, B, -80, -12, 325613199142634
16:25:12, B, -85, -12, 325617473783778
16:25:14, B, -82, -12, 325619608818516
16:25:16, B, -75, -12, 325621740223671
16:25:19, B, -81, -12, 325623857278723
16:25:39, B, -85, -12, 325644099680018
16:25:41, B, -75, -12, 325646230139183
16:25:43, B, -80, -12, 325648357683245
16:25:49, B, -81, -12, 325654766123451
16:26:12, B, -72, -12, 325677134184536
16:26:16, B, -75, -12, 325681386031201
16:26:26, B, -73, -12, 325690970071301
16:26:41, B, -96, -12, 325705889401192
16:26:43, B, -89, -12, 325708028102493
16:26:46, B, -74, -12, 325711241193483
16:26:47, B, -79, -12, 325712308950773
16:26:49, B, -77, -12, 325714434043480
16:27:18, B, -79, -12, 325743205323992
16:27:40, B, -77, -12, 325765593385908
16:27:42, B, -77, -12, 325767729464137
16:27:47, B, -76, -12, 325771992188458
16:27:49, B, -77, -12, 325774104819864
16:28:15, B, -79, -12, 325800722109905
16:28:18, B, -75, -12, 325802855611103
16:28:20, B, -78, -12, 325805004962456
16:28:38, B, -80, -12, 325823077706511
16:28:42, B, -86, -12, 325827351992864
16:28:48, B, -81, -12, 325833730240779
16:29:06, B, -87, -12, 325851795674209
16:29:26, B, -78, -12, 325871639168680
16:29:28, B, -78, -12, 325873770782899
16:29:31, B, -77, -12, 325875900218783
16:29:33, B, -74, -12, 325878020751126
16:29:37, B, -77, -12, 325882277553521
16:29:55, B, -81, -12, 325900366589296
16:29:57, B, -74, -12, 325902499734919
16:29:59, B, -76, -12, 325904624561950
16:30:01, B, -77, -12, 325906744829866
16:30:04, B, -73, -12, 325908879935385
16:30:06, B, -84, -12, 325911004216582
16:30:22, B, -79, -12, 325926992469336
16:30:28, B, -75, -12, 325933389567043
16:30:30, B, -87, -12, 325935525148188
16:30:32, B, -86, -12, 325937658842458
16:30:34, B, -93, -12, 325939798600998
16:30:57, B, -79, -12, 325962153591042
16:30:59, B, -82, -12, 325964286885052
16:31:01, B, -95, -12, 325966404481405
16:31:03, B, -84, -12, 325968525475467
16:31:17, B, -94, -12, 325982374997388
16:31:28, B, -81, -12, 325993034143166
16:31:30, B, -84, -12, 325995180531550
16:31:32, B, -87, -12, 325997307054205
16:31:34, B, -75, -12, 325999433900455
16:31:36, B, -79, -12, 326001558796028
16:31:44, B, -87, -12, 326008998411128
16:31:50, B, -85, -12, 326015418385240
16:31:59, B, -88, -12, 326023958167945
16:32:03, B, -98, -12, 326028223367996
16:32:07, B, -95, -12, 326032489264348
16:32:19, B, -99, -12, 326044182935906
16:32:27, B, -88, -12, 326052659481528
16:32:29, B, -90, -12, 326054792796371
16:32:32, B, -87, -12, 326056910473245
16:32:48, B, -83, -12, 326072919904749
16:32:50, B, -92, -12, 326075050920894
16:32:52, B, -90, -12, 326077184064540
16:32:58, B, -88, -12, 326083564347714
16:33:00, B, -81, -12, 326085693828547
16:33:03, B, -83, -12, 326087836129744
16:33:05, B, -82, -12, 326089983116931
16:33:21, B, -80, -12, 326105961311039
16:33:33, B, -86, -12, 326118764768586
16:33:36, B, -81, -12, 326120892858898
16:33:58, B, -82, -12, 326143267337067
16:34:00, B, -78, -12, 326145388382795
16:34:02, B, -88, -12, 326147532245919
16:34:04, B, -94, -12, 326149667002481
16:34:20, B, -92, -12, 326165677398881
16:34:22, B, -87, -12, 326167801911901
16:34:27, B, -83, -12, 326172053742785
16:34:29, B, -84, -12, 326174191232315
16:34:33, B, -84, -12, 326178442198876
16:34:35, B, -84, -12, 326180575095073
16:34:38, B, -92, -12, 326183766911270
16:34:58, B, -92, -12, 326202935189961
16:35:00, B, -82, -12, 326205063320741
16:35:02, B, -86, -12, 326207191250584
16:35:04, B, -79, -12, 326209320695583
16:35:10, B, -89, -12, 326215698835216
16:35:26, B, -86, -12, 326231670722189
16:35:29, B, -94, -12, 326233818585782
16:35:31, B, -87, -12, 326235964049375
16:35:33, B, -85, -12, 326238099629426
16:35:57, B, -96, -12, 326262590330823
16:35:59, B, -75, -12, 326264710369728
16:36:02, B, -83, -12, 326266837018739
16:36:04, B, -73, -12, 326268963389258
16:36:18, B, -71, -12, 326282829134200
16:36:24, B, -70, -12, 326289234167063
16:36:28, B, -75, -12, 326293489889874
16:36:35, B, -80, -12, 326299877686642
16:36:53, B, -86, -12, 326318000104656
16:36:57, B, -83, -12, 326322274517779
16:36:59, B, -73, -12, 326324404726528
16:37:03, B, -70, -12, 326328660988715
16:37:05, B, -72, -12, 326330776460485
16:37:28, B, -91, -12, 326353175065737
16:37:30, B, -79, -12, 326355295164799
16:37:32, B, -80, -12, 326357412475735
16:37:34, B, -82, -12, 326359547932505
16:37:59, B, -80, -12, 326384013279371
16:38:01, B, -81, -12, 326386133871453
16:38:03, B, -77, -12, 326388255397754
16:38:21, B, -74, -12, 326406400199832
16:38:25, B, -77, -12, 326410659839258
16:38:27, B, -73, -12, 326412788598266
16:38:30, B, -75, -12, 326414913405192
16:38:32, B, -80, -12, 326417041662795
16:38:37, B, -77, -12, 326422360567064
16:38:52, B, -84, -12, 326437283005340
16:38:58, B, -74, -12, 326443657536535
16:39:00, B, -73, -12, 326445797811482
16:39:21, B, -73, -12, 326466070501319
16:39:25, B, -74, -12, 326470324161943
16:39:27, B, -78, -12, 326472447631785
16:39:29, B, -77, -12, 326474590247096
16:39:31, B, -86, -12, 326476714427200
16:39:43, B, -77, -12, 326488405575529
16:39:54, B, -77, -12, 326499022439639
16:39:56, B, -79, -12, 326501160759430
16:39:58, B, -79, -12, 326503282438440
16:40:00, B, -94, -12, 326505411858022
16:40:18, B, -82, -12, 326523521594890
16:40:20, B, -78, -12, 326525662397337
16:40:22, B, -83, -12, 326527800472077
16:40:27, B, -82, -12, 326532066026970
16:40:32, B, -86, -12, 326537383963583
16:40:53, B, -82, -12, 326558666237533
16:40:58, B, -87, -12, 326562933537063
16:41:00, B, -92, -12, 326565052430395
16:41:14, B, -85, -12, 326578861493671
16:41:22, B, -86, -12, 326587378133355
16:41:24, B, -91, -12, 326589517190438
16:41:28, B, -92, -12, 326593791589499
16:41:51, B, -55, -12, 326616147382251
16:41:53, B, -56, -12, 326618279802822
16:41:55, B, -57, -12, 326620405529281
16:43:59, B, -58, -12, 326743948550796
16:44:15, B, -56, -12, 326759899890894
16:44:19, B, -52, -12, 326764143548549
16:44:21, B, -55, -12, 326766266405319
16:44:23, B, -52, -12, 326768400149640
16:44:25, B, -58, -12, 326770521028129
16:46:38, B, -71, -12, 326903570756985
16:46:43, B, -77, -12, 326907822782609
16:46:47, B, -72, -12, 326912099811044
16:46:49, B, -70, -12, 326914221343960
16:48:52, B, -77, -12, 327037755645111
16:48:55, B, -78, -12, 327039881006673
16:49:06, B, -71, -12, 327051580769376
16:49:10, B, -75, -12, 327055478640573
16:49:33, B, -75, -12, 327077821176397
16:49:37, B, -78, -12, 327082086972125
16:49:43, B, -84, -12, 327088475930091
16:49:45, B, -86, -12, 327090595998111
16:49:52, B, -74, -12, 327097007696547
16:49:57, B, -78, -12, 327102321338992
16:50:01, B, -82, -12, 327106570099043
16:50:08, B, -73, -12, 327112973445916
16:50:12, B, -95, -12, 327117246950497
16:50:14, B, -74, -12, 327119358192632
16:50:22, B, -80, -12, 327126817504816
16:50:30, B, -95, -12, 327135317241011
16:50:38, B, -77, -12, 327143815983195
16:50:43, B, -76, -12, 327148084977725
16:51:07, B, -85, -12, 327172602139539
16:51:09, B, -78, -12, 327174736301569
16:51:12, B, -76, -12, 327176864882089
16:51:14, B, -77, -12, 327178998200213
16:51:14, B, -77, -12, 327178998200213
16:51:36, B, -77, -12, 327201347789319
16:51:38, B, -79, -12, 327203471132287
16:51:40, B, -79, -12, 327205596623640
16:51:42, B, -78, -12, 327207716146505
16:51:45, B, -75, -12, 327209845898327
16:51:58, B, -82, -12, 327223655753999
16:52:11, B, -76, -12, 327236412335139
16:52:27, B, -79, -12, 327252386088570
16:52:33, B, -82, -12, 327258793673777
16:52:36, B, -82, -12, 327260911765546
16:52:38, B, -79, -12, 327263040498514
16:52:40, B, -81, -12, 327265157637889
16:52:42, B, -78, -12, 327267307699502
16:53:06, B, -77, -12, 327291808872670
16:53:09, B, -77, -12, 327293929321680
16:53:11, B, -82, -12, 327296053637722
16:53:13, B, -83, -12, 327298176235428
16:53:27, B, -82, -12, 327312011995787
16:53:35, B, -79, -12, 327320544066566
16:53:35, B, -79, -12, 327320544066566
16:53:37, B, -76, -12, 327322670612606
16:53:37, B, -76, -12, 327322670612606
16:53:39, B, -85, -12, 327324791251095
16:53:39, B, -85, -12, 327324791251095
16:53:58, B, -79, -12, 327342897677130
16:54:03, B, -81, -12, 327348233848118
16:54:04, B, -81, -12, 327349305378222
16:54:07, B, -83, -12, 327352483607856
16:54:11, B, -83, -12, 327356754878479
16:54:24, B, -80, -12, 327369551697745
16:54:31, B, -79, -12, 327375956210346
16:54:35, B, -84, -12, 327380187311751
16:54:37, B, -87, -12, 327382305483521
16:54:39, B, -80, -12, 327384436529249
16:54:41, B, -81, -12, 327386552404300
16:55:06, B, -89, -12, 327411053475489
16:55:08, B, -81, -12, 327413176018405
16:55:32, B, -80, -12, 327437697583396
16:55:35, B, -80, -12, 327439825938291
16:55:37, B, -81, -12, 327441958859800
16:55:39, B, -80, -12, 327444079827820
16:55:41, B, -79, -12, 327446214650789
16:55:44, B, -83, -12, 327449405509642
16:56:03, B, -72, -12, 327468585595415
16:56:03, B, -72, -12, 327468585595415
16:56:05, B, -84, -12, 327470720497966
16:56:05, B, -84, -12, 327470720497966
16:56:08, B, -78, -12, 327472839538486
16:56:08, B, -78, -12, 327472839538486
16:56:26, B, -88, -12, 327490946185824
16:56:32, B, -89, -12, 327497351174310
16:56:34, B, -84, -12, 327499455037591
16:56:36, B, -83, -12, 327501588014101
16:56:38, B, -83, -12, 327503714384933
16:56:41, B, -84, -12, 327505842277537
16:57:01, B, -78, -12, 327526036833206
16:57:07, B, -88, -12, 327532429387266
16:57:09, B, -81, -12, 327534569832473
16:57:15, B, -82, -12, 327539904185701
16:57:26, B, -82, -12, 327551620952155
16:57:32, B, -82, -12, 327556969494392
16:57:34, B, -83, -12, 327559083660381
16:57:36, B, -81, -12, 327561219532463
16:57:52, B, -82, -12, 327577183758551
16:57:56, B, -89, -12, 327581443054591
16:57:58, B, -82, -12, 327583558317350
16:58:00, B, -87, -12, 327585685765631
16:58:02, B, -84, -12, 327587807240839
16:58:05, B, -89, -12, 327589947068755
16:58:07, B, -81, -12, 327592071574222
16:58:09, B, -88, -12, 327594201415836
16:58:25, B, -76, -12, 327610179123851
16:58:25, B, -76, -12, 327610179123851
16:58:27, B, -76, -12, 327612301296402
16:58:27, B, -76, -12, 327612301296402
16:58:31, B, -79, -12, 327616566490099
16:58:31, B, -79, -12, 327616566490099
16:58:33, B, -78, -12, 327618700526660
16:58:33, B, -78, -12, 327618700526660
16:58:36, B, -83, -12, 327620838583430
16:58:36, B, -83, -12, 327620838583430
16:58:39, B, -82, -12, 327624038715356
16:58:39, B, -82, -12, 327624038715356
16:58:40, B, -84, -12, 327625110550772
16:58:40, B, -84, -12, 327625110550772
16:59:02, B, -80, -12, 327647472823680
16:59:04, B, -79, -12, 327649597599982
16:59:09, B, -79, -12, 327653855827064
16:59:11, B, -80, -12, 327655995542063
16:59:33, B, -90, -12, 327678369618044
16:59:35, B, -79, -12, 327680508926845
16:59:39, B, -80, -12, 327684770180072
16:59:55, B, -86, -12, 327700751277671
17:00:04, B, -77, -12, 327709244166938
17:00:06, B, -80, -12, 327711368962249
17:00:10, B, -77, -12, 327715636691519
17:00:12, B, -86, -12, 327717774243549
17:00:35, B, -87, -12, 327740160684426
17:00:37, B, -87, -12, 327742282349425
17:00:39, B, -80, -12, 327744397260571
17:00:41, B, -80, -12, 327746515641611
17:00:57, B, -79, -12, 327762525188376
17:00:57, B, -79, -12, 327762525188376
17:01:04, B, -80, -12, 327768923422749
17:01:06, B, -87, -12, 327771059043060
17:01:08, B, -77, -12, 327773201207539
17:01:10, B, -87, -12, 327775335580819
17:01:12, B, -79, -12, 327777453530922
17:01:37, B, -86, -12, 327801976638517
17:01:39, B, -79, -12, 327804091163568
17:01:41, B, -85, -12, 327806226891693
17:02:08, B, -86, -12, 327832865508245
17:02:10, B, -86, -12, 327834990235588
17:02:14, B, -77, -12, 327839260307201
17:02:41, B, -84, -12, 327865892896253
17:02:43, B, -77, -12, 327868019970940
17:02:45, B, -85, -12, 327870132278022
17:03:07, B, -93, -12, 327892512938222
17:03:07, B, -93, -12, 327892512938222
17:03:09, B, -90, -12, 327894642992179
17:03:09, B, -90, -12, 327894642992179
17:03:11, B, -86, -12, 327896762111346
17:03:11, B, -86, -12, 327896762111346
17:03:14, B, -80, -12, 327898891074314
17:03:14, B, -80, -12, 327898891074314
17:03:36, B, -83, -12, 327921259625607
17:03:38, B, -83, -12, 327923389998784
17:03:40, B, -81, -12, 327925518427220
17:03:42, B, -81, -12, 327927658103938
17:03:44, B, -92, -12, 327929794790970
17:04:00, B, -84, -12, 327945775294974
17:04:07, B, -89, -12, 327952159872002
17:04:09, B, -90, -12, 327954277845595
17:04:11, B, -83, -12, 327956411681479
17:04:13, B, -88, -12, 327958542928249
17:04:40, B, -85, -12, 327985140319072
17:04:42, B, -86, -12, 327987275720738
17:04:44, B, -92, -12, 327989412910425
17:04:58, B, -85, -12, 328003257866722
17:05:09, B, -90, -12, 328013901312290
17:05:11, B, -85, -12, 328016031437394
17:05:35, B, -83, -12, 328040521263166
17:05:37, B, -84, -12, 328042648871134
17:05:42, B, -87, -12, 328046921643841
17:05:44, B, -86, -12, 328049055791496
17:06:06, B, -90, -12, 328071403872841
17:06:08, B, -88, -12, 328073536338049
17:06:12, B, -89, -12, 328077809583777
17:06:15, B, -89, -12, 328079936791796
17:06:35, B, -90, -12, 328100178233768
17:06:37, B, -81, -12, 328102305106736
17:06:39, B, -83, -12, 328104435333611
17:06:43, B, -98, -12, 328108704468296
17:06:57, B, -82, -12, 328122510633395
17:07:01, B, -86, -12, 328126787283602
17:07:08, B, -87, -12, 328133161264693
17:07:10, B, -83, -12, 328135296305942
17:07:12, B, -86, -12, 328137422994483
17:07:14, B, -88, -12, 328139561113857
17:07:30, B, -85, -12, 328155545654997
17:07:30, B, -85, -12, 328155545654997
17:07:37, B, -88, -12, 328161940481661
17:07:37, B, -88, -12, 328161940481661
17:07:41, B, -93, -12, 328166206118378
17:07:41, B, -93, -12, 328166206118378
17:07:45, B, -86, -12, 328170443749419
17:07:45, B, -86, -12, 328170443749419
17:08:03, B, -87, -12, 328188586311443
17:08:08, B, -86, -12, 328192849714358
17:08:12, B, -95, -12, 328197105960085
17:08:14, B, -96, -12, 328199239432272
17:08:16, B, -92, -12, 328201377588104
17:08:32, B, -88, -12, 328217365264193
17:08:34, B, -98, -12, 328219484649452
17:08:38, B, -95, -12, 328223753045075
17:08:41, B, -92, -12, 328225884221689
17:08:45, B, -86, -12, 328230135292000
17:08:47, B, -86, -12, 328232253851010
17:09:07, B, -92, -12, 328252512283657
17:09:31, B, -96, -12, 328276696883179
17:09:33, B, -95, -12, 328278816014273
17:09:36, B, -89, -12, 328280939574480
17:10:06, B, -80, -12, 328311790762854
17:10:06, B, -80, -12, 328311790762854
17:10:18, B, -81, -12, 328323503618735
17:10:18, B, -81, -12, 328323503618735
17:10:22, B, -85, -12, 328327763822067
17:10:22, B, -85, -12, 328327763822067
17:10:29, B, -86, -12, 328334157463210
17:10:31, B, -99, -12, 328336283509043
17:11:00, B, -86, -12, 328365003824396
17:11:02, B, -82, -12, 328367142237728
17:11:24, B, -98, -12, 328389485856106
17:11:28, B, -86, -12, 328393742432145
17:11:31, B, -86, -12, 328395859771572
17:11:33, B, -99, -12, 328397976517560
17:11:57, B, -87, -12, 328422453214270
17:12:00, B, -90, -12, 328425646453072
17:12:04, B, -100, -12, 328428842147653
17:12:20, B, -89, -12, 328444836827491
17:12:22, B, -90, -12, 328446964048323
17:12:26, B, -88, -12, 328451224277644
17:12:26, B, -88, -12, 328451224277644
17:12:32, B, -93, -12, 328457621570403
17:12:32, B, -93, -12, 328457621570403
17:12:37, B, -79, -12, 328461884164828
17:12:37, B, -79, -12, 328461884164828
17:12:50, B, -87, -12, 328475704003312
17:12:50, B, -87, -12, 328475704003312
17:12:57, B, -92, -12, 328482092551070
17:12:57, B, -92, -12, 328482092551070
17:12:59, B, -92, -12, 328484226421122
17:12:59, B, -92, -12, 328484226421122
17:13:03, B, -88, -12, 328488508294453
17:13:03, B, -88, -12, 328488508294453
17:13:05, B, -94, -12, 328490651765702
17:13:05, B, -94, -12, 328490651765702
17:13:07, B, -88, -12, 328492776140910
17:13:07, B, -88, -12, 328492776140910
17:13:21, B, -88, -12, 328506639596894
17:13:21, B, -88, -12, 328506639596894
17:13:23, B, -92, -12, 328508757417622
17:13:23, B, -92, -12, 328508757417622
17:13:30, B, -87, -12, 328515127727620
17:13:30, B, -87, -12, 328515127727620
17:13:32, B, -96, -12, 328517254664182
17:13:32, B, -96, -12, 328517254664182
17:13:44, B, -88, -12, 328528976232146
17:13:44, B, -88, -12, 328528976232146
17:13:59, B, -95, -12, 328543859625890
17:13:59, B, -95, -12, 328543859625890
17:14:01, B, -98, -12, 328545986926827
17:14:01, B, -98, -12, 328545986926827
17:14:03, B, -89, -12, 328548113582191
17:14:03, B, -89, -12, 328548113582191
17:14:05, B, -90, -12, 328550243971201
17:14:05, B, -90, -12, 328550243971201
17:14:15, B, -93, -12, 328559828855572
17:14:15, B, -93, -12, 328559828855572
17:14:19, B, -92, -12, 328564089428643
17:14:19, B, -92, -12, 328564089428643
17:14:27, B, -92, -12, 328572608049473
17:14:27, B, -92, -12, 328572608049473
17:14:29, B, -90, -12, 328574730394681
17:14:29, B, -90, -12, 328574730394681
17:14:47, B, -90, -12, 328592814166549
17:14:48, B, -90, -12, 328592814166549
17:14:48, B, -90, -12, 328592814166549
17:14:58, B, -85, -12, 328603465046337
17:14:58, B, -85, -12, 328603465046337
17:14:58, B, -85, -12, 328603465046337
17:15:02, B, -93, -12, 328607711997064
17:15:02, B, -93, -12, 328607711997064
17:15:02, B, -93, -12, 328607711997064
17:15:05, B, -96, -12, 328609858771126
17:15:05, B, -96, -12, 328609858771126
17:15:05, B, -96, -12, 328609858771126
17:15:18, B, -94, -12, 328623686288413
17:15:18, B, -94, -12, 328623686288413
17:15:21, B, -92, -12, 328625820446380
17:15:21, B, -92, -12, 328625820446380
17:15:27, B, -102, -12, 328632205749086
17:15:27, B, -102, -12, 328632205749086
17:15:29, B, -87, -12, 328634335633720
17:15:29, B, -87, -12, 328634335633720
17:15:35, B, -92, -12, 328640722257208
17:15:35, B, -92, -12, 328640722257208
17:15:53, B, -88, -12, 328658812277617
17:15:54, B, -88, -12, 328658812277617
17:15:56, B, -84, -12, 328660945164075
17:15:56, B, -84, -12, 328660945164075
17:15:58, B, -84, -12, 328663076865116
17:15:58, B, -84, -12, 328663076865116
17:16:00, B, -83, -12, 328665209515531
17:16:00, B, -83, -12, 328665209515531
17:16:02, B, -91, -12, 328667351244802
17:16:02, B, -91, -12, 328667351244802
17:16:04, B, -94, -12, 328669482430270
17:16:04, B, -94, -12, 328669482430270
17:16:07, B, -93, -12, 328672673920321
17:16:07, B, -93, -12, 328672673920321
17:16:28, B, -91, -12, 328692881991511
17:16:28, B, -91, -12, 328692881991511
17:16:29, B, -88, -12, 328693943953437
17:16:29, B, -88, -12, 328693943953437
17:16:31, B, -94, -12, 328696067349218
17:16:31, B, -94, -12, 328696067349218
17:17:02, B, -93, -12, 328726956845039
17:17:02, B, -93, -12, 328726956845039
17:17:04, B, -98, -12, 328729073507747
17:17:04, B, -98, -12, 328729073507747
17:17:24, B, -100, -12, 328749324196594
17:17:24, B, -100, -12, 328749324196594
17:17:24, B, -100, -12, 328749324196594
17:17:26, B, -89, -12, 328751446433364
17:17:26, B, -89, -12, 328751446433364
17:17:26, B, -89, -12, 328751446433364
17:17:33, B, -88, -12, 328757843361538
17:17:33, B, -88, -12, 328757843361538
17:17:33, B, -88, -12, 328757843361538
17:17:35, B, -90, -12, 328759982209974
17:17:35, B, -90, -12, 328759982209974
17:17:35, B, -90, -12, 328759982209974
17:17:55, B, -90, -12, 328780233785697
17:17:55, B, -90, -12, 328780233785697
17:17:55, B, -90, -12, 328780233785697
17:17:59, B, -93, -12, 328784472636528
17:17:59, B, -93, -12, 328784472636528
17:18:01, B, -91, -12, 328786604825069
17:18:01, B, -91, -12, 328786604825069
17:18:03, B, -93, -12, 328788733122880
17:18:03, B, -93, -12, 328788733122880
17:18:28, B, -84, -12, 328813237022558
17:18:28, B, -84, -12, 328813237022558
17:18:31, B, -99, -12, 328816438811359
17:18:31, B, -99, -12, 328816438811359
17:18:50, B, -86, -12, 328835633559842
17:18:50, B, -86, -12, 328835633559842
17:18:59, B, -96, -12, 328844160569421
17:18:59, B, -96, -12, 328844160569421
17:19:01, B, -86, -12, 328846296732285
17:19:01, B, -86, -12, 328846296732285
17:19:03, B, -87, -12, 328848426801660
17:19:03, B, -87, -12, 328848426801660
17:19:30, B, -90, -12, 328875051097327
17:19:30, B, -90, -12, 328875051097327
17:19:34, B, -90, -12, 328879307578367
17:19:34, B, -90, -12, 328879307578367
17:19:54, B, -87, -12, 328899535758932
17:19:54, B, -87, -12, 328899535758932
17:19:58, B, -90, -12, 328903801494608
17:19:58, B, -90, -12, 328903801494608
17:20:01, B, -86, -12, 328905925761013
17:20:01, B, -86, -12, 328905925761013
17:20:01, B, -86, -12, 328905925761013
17:20:03, B, -90, -12, 328908056637418
17:20:03, B, -90, -12, 328908056637418
17:20:03, B, -90, -12, 328908056637418
17:20:07, B, -90, -12, 328912316157416
17:20:07, B, -90, -12, 328912316157416
17:20:07, B, -90, -12, 328912316157416
17:20:23, B, -90, -12, 328928317401369
17:20:23, B, -90, -12, 328928317401369
17:20:23, B, -90, -12, 328928317401369
17:20:29, B, -85, -12, 328934721308710
17:20:29, B, -85, -12, 328934721308710
17:20:29, B, -85, -12, 328934721308710
17:20:32, B, -86, -12, 328936843637928
17:20:32, B, -86, -12, 328936843637928
17:20:32, B, -86, -12, 328936843637928
17:20:58, B, -92, -12, 328963436709428
17:20:58, B, -92, -12, 328963436709428
17:20:58, B, -92, -12, 328963436709428
17:21:00, B, -85, -12, 328965572164427
17:21:00, B, -85, -12, 328965572164427
17:21:00, B, -85, -12, 328965572164427
17:21:02, B, -87, -12, 328967701573385
17:21:02, B, -87, -12, 328967701573385
17:21:02, B, -87, -12, 328967701573385
17:21:05, B, -93, -12, 328969835587656
17:21:05, B, -93, -12, 328969835587656
17:21:05, B, -93, -12, 328969835587656
17:21:07, B, -84, -12, 328971960118696
17:21:07, B, -84, -12, 328971960118696
17:21:07, B, -84, -12, 328971960118696
17:21:15, B, -97, -12, 328980492801922
17:21:15, B, -97, -12, 328980492801922
17:21:15, B, -97, -12, 328980492801922
17:21:29, B, -66, -12, 328994318529937
17:21:29, B, -66, -12, 328994318529937
17:21:29, B, -66, -12, 328994318529937
17:21:35, B, -66, -12, 329000707981185
17:21:35, B, -66, -12, 329000707981185
17:21:35, B, -66, -12, 329000707981185
17:21:41, B, -71, -12, 329006026851756
17:21:41, B, -71, -12, 329006026851756
17:21:41, B, -71, -12, 329006026851756
17:21:58, B, -71, -12, 329023050634666
17:21:58, B, -71, -12, 329023050634666
17:21:58, B, -71, -12, 329023050634666
17:22:00, B, -73, -12, 329025175164821
17:22:00, B, -73, -12, 329025175164821
17:22:00, B, -73, -12, 329025175164821
17:22:02, B, -75, -12, 329027309831956
17:22:02, B, -75, -12, 329027309831956
17:22:02, B, -75, -12, 329027309831956
17:22:04, B, -81, -12, 329029432375497
17:22:04, B, -81, -12, 329029432375497
17:22:04, B, -81, -12, 329029432375497
17:22:06, B, -81, -12, 329031572987423
17:22:06, B, -81, -12, 329031572987423
17:22:06, B, -81, -12, 329031572987423
17:22:24, B, -79, -12, 329049624879187
17:22:24, B, -79, -12, 329049624879187
17:22:26, B, -78, -12, 329051756950957
17:22:26, B, -78, -12, 329051756950957
17:22:29, B, -82, -12, 329053889974498
17:22:29, B, -82, -12, 329053889974498
17:22:31, B, -78, -12, 329056007387570
17:22:31, B, -78, -12, 329056007387570
17:22:35, B, -79, -12, 329060238808193
17:22:35, B, -79, -12, 329060238808193
17:22:57, B, -77, -12, 329082606418289
17:22:57, B, -77, -12, 329082606418289
17:22:59, B, -83, -12, 329084738111361
17:22:59, B, -83, -12, 329084738111361
17:23:02, B, -77, -12, 329086877812142
17:23:02, B, -77, -12, 329086877812142
17:23:04, B, -78, -12, 329089017867297
17:23:04, B, -78, -12, 329089017867297
17:23:18, B, -86, -12, 329102850323490
17:23:18, B, -86, -12, 329102850323490
17:23:28, B, -84, -12, 329113495743642
17:23:28, B, -84, -12, 329113495743642
17:23:30, B, -79, -12, 329115642388641
17:23:30, B, -79, -12, 329115642388641
17:23:32, B, -80, -12, 329117760220411
17:23:32, B, -80, -12, 329117760220411
17:23:35, B, -83, -12, 329119895692754
17:23:35, B, -83, -12, 329119895692754
17:23:46, B, -78, -12, 329131610797177
17:23:46, B, -78, -12, 329131610797177
17:23:55, B, -84, -12, 329140142480767
17:23:55, B, -84, -12, 329140142480767
17:23:57, B, -82, -12, 329142280079933
17:23:57, B, -82, -12, 329142280079933
17:24:01, B, -80, -12, 329146533668890
17:24:01, B, -80, -12, 329146533668890
17:24:03, B, -83, -12, 329148657667743
17:24:03, B, -83, -12, 329148657667743
17:24:05, B, -82, -12, 329150785943471
17:24:05, B, -82, -12, 329150785943471
17:24:24, B, -82, -12, 329168892032528
17:24:24, B, -82, -12, 329168892032528
17:24:24, B, -82, -12, 329168892032528
17:24:26, B, -72, -12, 329171021881484
17:24:26, B, -72, -12, 329171021881484
17:24:26, B, -72, -12, 329171021881484
17:24:32, B, -65, -12, 329177407900076
17:24:32, B, -65, -12, 329177407900076
17:24:32, B, -65, -12, 329177407900076
17:24:34, B, -68, -12, 329179551711325
17:24:34, B, -68, -12, 329179551711325
17:24:34, B, -68, -12, 329179551711325
17:24:59, B, -74, -12, 329204041402409
17:24:59, B, -74, -12, 329204041402409
17:24:59, B, -74, -12, 329204041402409
17:25:01, B, -70, -12, 329206164027825
17:25:01, B, -70, -12, 329206164027825
17:25:01, B, -70, -12, 329206164027825
17:25:03, B, -68, -12, 329208298287772
17:25:03, B, -68, -12, 329208298287772
17:25:03, B, -68, -12, 329208298287772
17:25:05, B, -69, -12, 329210438203709
17:25:05, B, -69, -12, 329210438203709
17:25:05, B, -69, -12, 329210438203709
17:25:27, B, -75, -12, 329232798733232
17:25:27, B, -75, -12, 329232798733232
17:25:27, B, -75, -12, 329232798733232
17:25:30, B, -77, -12, 329234915610731
17:25:30, B, -77, -12, 329234915610731
17:25:30, B, -77, -12, 329234915610731
17:25:37, B, -69, -12, 329242362273800
17:25:37, B, -69, -12, 329242362273800
17:25:37, B, -69, -12, 329242362273800
17:25:52, B, -67, -12, 329257261465462
17:25:52, B, -67, -12, 329257261465462
17:25:52, B, -67, -12, 329257261465462
17:25:56, B, -67, -12, 329261531138377
17:25:56, B, -67, -12, 329261531138377
17:25:56, B, -67, -12, 329261531138377
17:25:59, B, -62, -12, 329264724722178
17:25:59, B, -62, -12, 329264724722178
17:25:59, B, -62, -12, 329264724722178
17:26:00, B, -64, -12, 329265788360146
17:26:00, B, -64, -12, 329265788360146
17:26:00, B, -64, -12, 329265788360146
17:26:03, B, -66, -12, 329267912705666
17:26:03, B, -66, -12, 329267912705666
17:26:03, B, -66, -12, 329267912705666
17:26:05, B, -63, -12, 329270038103634
17:26:05, B, -63, -12, 329270038103634
17:26:05, B, -63, -12, 329270038103634
17:26:27, B, -80, -12, 329292362304823
17:26:27, B, -80, -12, 329292362304823
17:26:27, B, -80, -12, 329292362304823
17:26:29, B, -93, -12, 329294502484927
17:26:29, B, -93, -12, 329294502484927
17:26:29, B, -93, -12, 329294502484927
17:26:31, B, -80, -12, 329296620808833
17:26:31, B, -80, -12, 329296620808833
17:26:31, B, -80, -12, 329296620808833
17:26:49, B, -73, -12, 329314751858096
17:26:49, B, -73, -12, 329314751858096
17:26:49, B, -73, -12, 329314751858096
17:26:54, B, -75, -12, 329318994361793
17:26:54, B, -75, -12, 329318994361793
17:26:54, B, -75, -12, 329318994361793
17:27:00, B, -70, -12, 329325386938353
17:27:00, B, -70, -12, 329325386938353
17:27:00, B, -70, -12, 329325386938353
17:27:22, B, -72, -12, 329347766689802
17:27:22, B, -72, -12, 329347766689802
17:27:22, B, -72, -12, 329347766689802
17:27:27, B, -69, -12, 329352011597353
17:27:27, B, -69, -12, 329352011597353
17:27:27, B, -69, -12, 329352011597353
17:27:30, B, -70, -12, 329355209368549
17:27:30, B, -70, -12, 329355209368549
17:27:30, B, -70, -12, 329355209368549
17:27:31, B, -67, -12, 329356270330790
17:27:31, B, -67, -12, 329356270330790
17:27:31, B, -67, -12, 329356270330790
17:27:33, B, -72, -12, 329358410259643
17:27:33, B, -72, -12, 329358410259643
17:27:33, B, -72, -12, 329358410259643
17:27:35, B, -69, -12, 329360540934224
17:27:35, B, -69, -12, 329360540934224
17:27:35, B, -69, -12, 329360540934224
17:27:53, B, -69, -12, 329378672670468
17:27:53, B, -69, -12, 329378672670468
17:27:53, B, -69, -12, 329378672670468
17:28:00, B, -72, -12, 329385031735778
17:28:00, B, -72, -12, 329385031735778
17:28:00, B, -72, -12, 329385031735778
17:28:02, B, -67, -12, 329387163701456
17:28:02, B, -67, -12, 329387163701456
17:28:02, B, -67, -12, 329387163701456
17:28:04, B, -68, -12, 329389279213328
17:28:04, B, -68, -12, 329389279213328
17:28:04, B, -68, -12, 329389279213328
17:28:06, B, -67, -12, 329391415431974
17:28:06, B, -67, -12, 329391415431974
17:28:06, B, -67, -12, 329391415431974
17:28:08, B, -68, -12, 329393554256087
17:28:08, B, -68, -12, 329393554256087
17:28:08, B, -68, -12, 329393554256087
17:28:33, B, -71, -12, 329418029536911
17:28:33, B, -71, -12, 329418029536911
17:28:33, B, -71, -12, 329418029536911
17:28:35, B, -74, -12, 329420163101962
17:28:35, B, -74, -12, 329420163101962
17:28:35, B, -74, -12, 329420163101962
17:28:37, B, -72, -12, 329422277766233
17:28:37, B, -72, -12, 329422277766233
17:28:37, B, -72, -12, 329422277766233
17:28:59, B, -72, -12, 329444643841380
17:28:59, B, -72, -12, 329444643841380
17:28:59, B, -72, -12, 329444643841380
17:29:01, B, -72, -12, 329446766940338
17:29:01, B, -72, -12, 329446766940338
17:29:01, B, -72, -12, 329446766940338
17:29:04, B, -73, -12, 329448898701379
17:29:04, B, -73, -12, 329448898701379
17:29:04, B, -73, -12, 329448898701379
17:29:06, B, -72, -12, 329451024312368
17:29:06, B, -72, -12, 329451024312368
17:29:06, B, -72, -12, 329451024312368
17:29:08, B, -72, -12, 329453158954137
17:29:08, B, -72, -12, 329453158954137
17:29:08, B, -72, -12, 329453158954137
17:29:17, B, -71, -12, 329462385264186
17:29:17, B, -71, -12, 329462385264186
17:29:17, B, -71, -12, 329462385264186
17:29:19, B, -71, -12, 329464522325330
17:29:19, B, -71, -12, 329464522325330
17:29:19, B, -71, -12, 329464522325330
17:29:21, B, -74, -12, 329466654942934
17:29:21, B, -74, -12, 329466654942934
17:29:21, B, -74, -12, 329466654942934
17:29:23, B, -73, -12, 329468776276163
17:29:23, B, -73, -12, 329468776276163
17:29:23, B, -73, -12, 329468776276163
17:29:28, B, -73, -12, 329473035422516
17:29:28, B, -73, -12, 329473035422516
17:29:28, B, -73, -12, 329473035422516
17:29:50, B, -73, -12, 329495430137350
17:29:50, B, -73, -12, 329495430137350
17:29:50, B, -73, -12, 329495430137350
17:29:52, B, -71, -12, 329497551102037
17:29:52, B, -71, -12, 329497551102037
17:29:52, B, -71, -12, 329497551102037
17:29:54, B, -68, -12, 329499675460942
17:29:54, B, -68, -12, 329499675460942
17:29:54, B, -68, -12, 329499675460942
17:29:56, B, -72, -12, 329501798059952
17:29:56, B, -72, -12, 329501798059952
17:29:56, B, -72, -12, 329501798059952
17:30:19, B, -70, -12, 329524158540360
17:30:19, B, -70, -12, 329524158540360
17:30:19, B, -70, -12, 329524158540360
17:30:23, B, -74, -12, 329528398718848
17:30:23, B, -74, -12, 329528398718848
17:30:23, B, -74, -12, 329528398718848
17:30:25, B, -74, -12, 329530520692181
17:30:25, B, -74, -12, 329530520692181
17:30:25, B, -74, -12, 329530520692181
17:30:27, B, -76, -12, 329532656182701
17:30:27, B, -76, -12, 329532656182701
17:30:27, B, -76, -12, 329532656182701
17:30:50, B, -72, -12, 329555008495817
17:30:50, B, -72, -12, 329555008495817
17:30:50, B, -72, -12, 329555008495817
17:30:52, B, -74, -12, 329557141650816
17:30:52, B, -74, -12, 329557141650816
17:30:52, B, -74, -12, 329557141650816
17:30:54, B, -72, -12, 329559260902795
17:30:54, B, -72, -12, 329559260902795
17:30:54, B, -72, -12, 329559260902795
17:30:56, B, -76, -12, 329561389938054
17:30:56, B, -76, -12, 329561389938054
17:30:56, B, -76, -12, 329561389938054
17:31:18, B, -68, -12, 329583721688254
17:31:18, B, -68, -12, 329583721688254
17:31:18, B, -68, -12, 329583721688254
17:31:21, B, -68, -12, 329585851032159
17:31:21, B, -68, -12, 329585851032159
17:31:21, B, -68, -12, 329585851032159
17:31:23, B, -70, -12, 329587970721482
17:31:23, B, -70, -12, 329587970721482
17:31:23, B, -70, -12, 329587970721482
17:31:25, B, -75, -12, 329590117646637
17:31:25, B, -75, -12, 329590117646637
17:31:25, B, -75, -12, 329590117646637
17:31:27, B, -72, -12, 329592252466532
17:31:27, B, -72, -12, 329592252466532
17:31:27, B, -72, -12, 329592252466532
17:31:49, B, -71, -12, 329614641810273
17:31:49, B, -71, -12, 329614641810273
17:31:49, B, -71, -12, 329614641810273
17:31:51, B, -71, -12, 329616763316836
17:31:51, B, -71, -12, 329616763316836
17:31:51, B, -71, -12, 329616763316836
17:31:54, B, -70, -12, 329618890035845
17:31:54, B, -70, -12, 329618890035845
17:31:54, B, -70, -12, 329618890035845
17:31:56, B, -73, -12, 329621025969698
17:31:56, B, -73, -12, 329621025969698
17:31:56, B, -73, -12, 329621025969698
17:31:58, B, -70, -12, 329623169053657
17:31:58, B, -70, -12, 329623169053657
17:31:58, B, -70, -12, 329623169053657
17:32:20, B, -72, -12, 329645532390939
17:32:20, B, -72, -12, 329645532390939
17:32:20, B, -72, -12, 329645532390939
17:32:22, B, -69, -12, 329647659564219
17:32:22, B, -69, -12, 329647659564219
17:32:22, B, -69, -12, 329647659564219
17:32:24, B, -65, -12, 329649777337553
17:32:24, B, -65, -12, 329649777337553
17:32:24, B, -65, -12, 329649777337553
17:32:27, B, -68, -12, 329651906818384
17:32:27, B, -68, -12, 329651906818384
17:32:27, B, -68, -12, 329651906818384
17:32:45, B, -66, -12, 329670021700513
17:32:45, B, -66, -12, 329670021700513
17:32:45, B, -66, -12, 329670021700513
17:32:47, B, -70, -12, 329672134355304
17:32:47, B, -70, -12, 329672134355304
17:32:47, B, -70, -12, 329672134355304
17:32:51, B, -67, -12, 329676404313688
17:32:51, B, -67, -12, 329676404313688
17:32:51, B, -67, -12, 329676404313688
17:32:55, B, -72, -12, 329680659232748
17:32:55, B, -72, -12, 329680659232748
17:32:55, B, -72, -12, 329680659232748
17:33:00, B, -71, -12, 329684930202955
17:33:00, B, -71, -12, 329684930202955
17:33:00, B, -71, -12, 329684930202955
17:33:20, B, -68, -12, 329705146299354
17:33:20, B, -68, -12, 329705146299354
17:33:20, B, -68, -12, 329705146299354
17:33:24, B, -71, -12, 329709405261644
17:33:24, B, -71, -12, 329709405261644
17:33:24, B, -71, -12, 329709405261644
17:33:26, B, -73, -12, 329711533933934
17:33:26, B, -73, -12, 329711533933934
17:33:26, B, -73, -12, 329711533933934
17:33:28, B, -67, -12, 329713666411174
17:33:28, B, -67, -12, 329713666411174
17:33:28, B, -67, -12, 329713666411174
17:33:49, B, -66, -12, 329733917256635
17:33:49, B, -66, -12, 329733917256635
17:33:49, B, -66, -12, 329733917256635
17:33:51, B, -69, -12, 329736041732571
17:33:51, B, -69, -12, 329736041732571
17:33:51, B, -69, -12, 329736041732571
17:33:53, B, -65, -12, 329738164151529
17:33:53, B, -65, -12, 329738164151529
17:33:53, B, -65, -12, 329738164151529
17:33:55, B, -65, -12, 329740293743768
17:33:55, B, -65, -12, 329740293743768
17:33:55, B, -65, -12, 329740293743768
17:33:57, B, -68, -12, 329742424050538
17:33:57, B, -68, -12, 329742424050538
17:33:57, B, -68, -12, 329742424050538
17:33:59, B, -67, -12, 329744558632151
17:33:59, B, -67, -12, 329744558632151
17:33:59, B, -67, -12, 329744558632151
17:34:13, B, -65, -12, 329758413260063
17:34:13, B, -65, -12, 329758413260063
17:34:13, B, -65, -12, 329758413260063
17:34:19, B, -69, -12, 329764792287195
17:34:19, B, -69, -12, 329764792287195
17:34:19, B, -69, -12, 329764792287195
17:34:22, B, -66, -12, 329766907199955
17:34:22, B, -66, -12, 329766907199955
17:34:22, B, -66, -12, 329766907199955
17:34:24, B, -66, -12, 329769045794225
17:34:24, B, -66, -12, 329769045794225
17:34:24, B, -66, -12, 329769045794225
17:34:26, B, -66, -12, 329771170219954
17:34:26, B, -66, -12, 329771170219954
17:34:26, B, -66, -12, 329771170219954
17:34:38, B, -68, -12, 329782890400470
17:34:38, B, -68, -12, 329782890400470
17:34:38, B, -68, -12, 329782890400470
17:34:55, B, -72, -12, 329799942947443
17:34:55, B, -72, -12, 329799942947443
17:34:55, B, -72, -12, 329799942947443
17:34:57, B, -68, -12, 329802075573015
17:34:57, B, -68, -12, 329802075573015
17:34:57, B, -68, -12, 329802075573015
