15:53:02, C, -66, -12, 323687706590400
15:53:05, C, -71, -12, 323689842587534
15:53:07, C, -64, -12, 323691982574720
15:53:11, C, -68, -12, 323696234799564
15:53:13, C, -67, -12, 323698372124927
15:53:15, C, -64, -12, 323700500177633
15:53:17, C, -67, -12, 323702618559508
15:53:19, C, -66, -12, 323704758608935
15:53:22, C, -66, -12, 323706895656955
15:53:33, C, -67, -12, 323718611132940
15:53:35, C, -67, -12, 323720748220178
15:53:46, C, -67, -12, 323731402512675
15:53:48, C, -70, -12, 323733527895069
15:53:50, C, -68, -12, 323735657421266
15:54:13, C, -74, -12, 323758043852039
15:54:17, C, -70, -12, 323762304947090
15:54:19, C, -67, -12, 323764422412609
15:54:21, C, -68, -12, 323766554889381
15:54:23, C, -73, -12, 323768683251202
15:54:48, C, -66, -12, 323793148214838
15:54:50, C, -64, -12, 323795279545201
15:54:52, C, -71, -12, 323797406449472
15:54:56, C, -64, -12, 323801662079679
15:55:14, C, -62, -12, 323819774680922
15:55:21, C, -66, -12, 323826165929096
15:55:23, C, -66, -12, 323828288537689
15:55:25, C, -68, -12, 323830410389772
15:55:27, C, -68, -12, 323832530686438
15:55:52, C, -73, -12, 323857016116690
15:55:54, C, -67, -12, 323859132068042
15:56:10, C, -62, -12, 323875079227671
15:56:12, C, -72, -12, 323877206689859
15:56:14, C, -63, -12, 323879329135170
15:56:20, C, -65, -12, 323885718295740
15:56:27, C, -59, -12, 323892115511103
15:56:29, C, -67, -12, 323894250620060
15:56:47, C, -79, -12, 323912311594428
15:56:51, C, -76, -12, 323916573329166
15:56:53, C, -75, -12, 323918704283123
15:56:56, C, -67, -12, 323920832616039
15:56:58, C, -67, -12, 323922967839737
15:57:00, C, -67, -12, 323925094597340
15:57:22, C, -66, -12, 323947431723477
15:57:24, C, -66, -12, 323949572978997
15:57:29, C, -73, -12, 323953840873579
15:57:31, C, -70, -12, 323955968868111
15:57:57, C, -70, -12, 323982616374765
15:57:59, C, -68, -12, 323984750184452
15:58:02, C, -66, -12, 323986884658775
15:58:04, C, -69, -12, 323989016862107
15:58:06, C, -70, -12, 323991147847784
15:58:35, C, -66, -12, 324019912449856
15:58:59, C, -66, -12, 324044382050888
15:59:01, C, -66, -12, 324046520507502
15:59:03, C, -70, -12, 324048655601824
15:59:21, C, -70, -12, 324066731446348
15:59:28, C, -72, -12, 324073118388533
15:59:30, C, -70, -12, 324075242758429
15:59:32, C, -68, -12, 324077369128063
15:59:59, C, -71, -12, 324104000609199
16:00:01, C, -65, -12, 324106129950032
16:00:03, C, -73, -12, 324108276900187
16:00:05, C, -67, -12, 324110408803207
16:00:07, C, -74, -12, 324112538013883
16:00:27, C, -66, -12, 324132775829239
16:00:32, C, -67, -12, 324137035148874
16:00:34, C, -69, -12, 324139166709758
16:00:38, C, -72, -12, 324143425572986
16:00:58, C, -67, -12, 324163632446832
16:01:00, C, -69, -12, 324165763773654
16:01:05, C, -72, -12, 324170019856569
16:01:07, C, -68, -12, 324172139820840
16:01:12, C, -72, -12, 324177462922660
16:01:31, C, -65, -12, 324196617504163
16:01:39, C, -70, -12, 324204071478431
16:01:45, C, -69, -12, 324210464671814
16:01:49, C, -70, -12, 324214729495771
16:01:58, C, -70, -12, 324223235449153
16:02:00, C, -67, -12, 324225369852121
16:02:22, C, -67, -12, 324247715640185
16:02:27, C, -74, -12, 324251974546903
16:02:29, C, -74, -12, 324254101207423
16:02:47, C, -67, -12, 324272145528249
16:02:49, C, -67, -12, 324274273464082
16:02:55, C, -67, -12, 324280660172881
16:02:57, C, -67, -12, 324282788167672
16:03:00, C, -72, -12, 324284916969755
16:03:02, C, -65, -12, 324287039755379
16:03:13, C, -70, -12, 324298745937197
16:03:16, C, -66, -12, 324300861642300
16:03:24, C, -69, -12, 324309382301672
16:03:26, C, -69, -12, 324311509832088
16:03:28, C, -72, -12, 324313649358755
16:03:30, C, -72, -12, 324315778406357
16:03:35, C, -71, -12, 324320043471408
16:03:57, C, -67, -12, 324342397620462
16:03:59, C, -66, -12, 324344528784836
16:04:02, C, -66, -12, 324347726459158
16:04:13, C, -66, -12, 324358406822747
16:04:22, C, -67, -12, 324366918892223
16:04:24, C, -71, -12, 324369048297639
16:04:26, C, -65, -12, 324371174693785
16:04:28, C, -71, -12, 324373298933575
16:04:30, C, -67, -12, 324375429877481
16:04:37, C, -71, -12, 324381825595291
16:04:46, C, -67, -12, 324391418930600
16:04:48, C, -71, -12, 324393539443567
16:04:50, C, -71, -12, 324395668840181
16:04:52, C, -70, -12, 324397801895024
16:04:57, C, -66, -12, 324402066042783
16:04:59, C, -71, -12, 324404201849084
16:05:08, C, -66, -12, 324413780424132
16:05:21, C, -65, -12, 324426555911471
16:05:23, C, -73, -12, 324428687208450
16:05:28, C, -73, -12, 324432949219750
16:05:32, C, -70, -12, 324437215887665
16:05:37, C, -65, -12, 324442540420319
16:05:52, C, -65, -12, 324457426996304
16:05:54, C, -66, -12, 324459557794167
16:05:58, C, -73, -12, 324463809825676
16:06:10, C, -69, -12, 324475525939213
16:06:17, C, -66, -12, 324481924074107
16:06:21, C, -68, -12, 324486177607491
16:06:23, C, -68, -12, 324488307716760
16:06:25, C, -72, -12, 324490421355718
16:06:27, C, -66, -12, 324492565918738
16:06:43, C, -69, -12, 324508206040451
16:06:45, C, -73, -12, 324510333405711
16:06:47, C, -72, -12, 324512455044616
16:07:01, C, -65, -12, 324526295682319
16:07:09, C, -68, -12, 324534800081482
16:07:12, C, -72, -12, 324536930605804
16:07:16, C, -72, -12, 324541182914969
16:07:40, C, -72, -12, 324565643327512
16:07:42, C, -70, -12, 324567769876366
16:07:45, C, -65, -12, 324569893454594
16:08:01, C, -71, -12, 324585844085265
16:08:07, C, -70, -12, 324592224557242
16:08:09, C, -65, -12, 324594351287032
16:08:11, C, -65, -12, 324596471541927
16:08:36, C, -66, -12, 324620920230199
16:08:40, C, -71, -12, 324625196996083
16:08:42, C, -65, -12, 324627327564937
16:08:44, C, -68, -12, 324629466879727
16:09:13, C, -68, -12, 324658220187789
16:09:31, C, -72, -12, 324676316021273
16:09:37, C, -69, -12, 324682692910072
16:09:40, C, -69, -12, 324684818076633
16:09:42, C, -64, -12, 324686946508976
16:10:00, C, -70, -12, 324705062092094
16:10:02, C, -64, -12, 324707187292927
16:10:04, C, -64, -12, 324709321760114
16:10:06, C, -70, -12, 324711446622717
16:10:08, C, -70, -12, 324713573471623
16:10:10, C, -64, -12, 324715712530059
16:10:33, C, -72, -12, 324738058955155
16:10:35, C, -66, -12, 324740194124894
16:10:39, C, -67, -12, 324744470161558
16:10:41, C, -77, -12, 324746607699162
16:11:02, C, -71, -12, 324766819169936
16:11:04, C, -72, -12, 324768944609206
16:11:06, C, -74, -12, 324771069159204
16:11:08, C, -71, -12, 324773198246809
16:11:10, C, -70, -12, 324775329902276
16:11:37, C, -72, -12, 324801956076068
16:11:39, C, -68, -12, 324804079997682
16:11:53, C, -73, -12, 324817900345332
16:12:05, C, -72, -12, 324830676615015
16:12:07, C, -70, -12, 324832800094389
16:12:32, C, -70, -12, 324857315209172
16:12:34, C, -71, -12, 324859442940630
16:12:36, C, -72, -12, 324861569975524
16:12:38, C, -73, -12, 324863696233440
16:12:59, C, -68, -12, 324883905306610
16:13:01, C, -66, -12, 324886038576140
16:13:03, C, -71, -12, 324888168359889
16:13:05, C, -67, -12, 324890288971451
16:13:19, C, -73, -12, 324904123691185
16:13:32, C, -72, -12, 324916926442586
16:13:34, C, -72, -12, 324919046770972
16:13:50, C, -73, -12, 324934976158830
16:13:52, C, -73, -12, 324937110841277
16:14:00, C, -73, -12, 324945624995441
16:14:02, C, -70, -12, 324947766967106
16:14:05, C, -71, -12, 324949900448824
16:14:08, C, -66, -12, 324953086611010
16:14:25, C, -73, -12, 324970116236368
16:14:27, C, -74, -12, 324972250769181
16:14:29, C, -72, -12, 324974369205586
16:14:31, C, -73, -12, 324976502370428
16:14:33, C, -68, -12, 324978634493449
16:14:54, C, -72, -12, 324998859250211
16:14:56, C, -67, -12, 325000982424117
16:15:00, C, -72, -12, 325005230229272
16:15:02, C, -66, -12, 325007354720521
16:15:20, C, -68, -12, 325025458459889
16:15:22, C, -68, -12, 325027589657127
16:15:24, C, -68, -12, 325029722145044
16:15:29, C, -68, -12, 325033982200875
16:15:31, C, -67, -12, 325036110906864
16:15:45, C, -73, -12, 325049959924880
16:15:57, C, -73, -12, 325062728512479
16:16:00, C, -68, -12, 325064854215655
16:16:22, C, -69, -12, 325087226616428
16:16:26, C, -70, -12, 325091493961062
16:16:28, C, -72, -12, 325093622526686
16:16:51, C, -71, -12, 325115993933396
16:16:53, C, -68, -12, 325118109778604
16:16:55, C, -70, -12, 325120241498238
16:16:57, C, -70, -12, 325122385894540
16:17:22, C, -73, -12, 325146848629895
16:17:24, C, -69, -12, 325148987271977
16:17:26, C, -70, -12, 325151109480205
16:17:28, C, -69, -12, 325153233298173
16:17:42, C, -70, -12, 325167084138481
16:17:44, C, -70, -12, 325169210824313
16:17:48, C, -66, -12, 325173459851812
16:17:50, C, -70, -12, 325175574236239
16:17:52, C, -68, -12, 325177708544935
16:17:55, C, -67, -12, 325179853113944
16:17:57, C, -69, -12, 325181984220820
16:17:59, C, -67, -12, 325184117501807
16:18:21, C, -68, -12, 325206472868883
16:18:23, C, -67, -12, 325208591154663
16:18:25, C, -70, -12, 325210726702788
16:18:28, C, -70, -12, 325212860302942
16:18:50, C, -73, -12, 325235220928455
16:18:52, C, -72, -12, 325237349351995
16:18:54, C, -67, -12, 325239476991370
16:18:56, C, -68, -12, 325241603336578
16:18:58, C, -70, -12, 325243730363348
16:19:19, C, -70, -12, 325263972520631
16:19:21, C, -65, -12, 325266115255840
16:19:23, C, -70, -12, 325268244067452
16:19:25, C, -70, -12, 325270374403962
16:19:27, C, -65, -12, 325272500735940
16:19:52, C, -75, -12, 325297001089316
16:19:56, C, -73, -12, 325301262748898
16:19:58, C, -70, -12, 325303402198950
16:20:23, C, -73, -12, 325327868670399
16:20:25, C, -72, -12, 325329986318158
16:20:41, C, -73, -12, 325345962345183
16:20:43, C, -73, -12, 325348090752943
16:21:07, C, -73, -12, 325372595239548
16:21:18, C, -71, -12, 325383210754440
16:21:20, C, -67, -12, 325385348086835
16:21:22, C, -65, -12, 325387473014490
16:21:47, C, -64, -12, 325411953662346
16:21:49, C, -69, -12, 325414074940105
16:21:51, C, -68, -12, 325416214041823
16:21:54, C, -72, -12, 325419411074999
16:22:10, C, -73, -12, 325435379194993
16:22:15, C, -69, -12, 325440709072803
16:22:18, C, -65, -12, 325442824887282
16:22:20, C, -70, -12, 325444959656864
16:22:22, C, -69, -12, 325447081523947
16:22:44, C, -70, -12, 325469466979095
16:22:46, C, -66, -12, 325471591856802
16:22:48, C, -72, -12, 325473727407635
16:22:51, C, -72, -12, 325475866643050
16:23:19, C, -64, -12, 325504652285123
16:23:24, C, -69, -12, 325508923897101
16:23:46, C, -64, -12, 325531337257977
16:23:48, C, -67, -12, 325533476985945
16:23:52, C, -64, -12, 325537749762818
16:23:55, C, -70, -12, 325539879841828
16:24:04, C, -63, -12, 325549484713126
16:24:15, C, -63, -12, 325560118061196
16:24:17, C, -67, -12, 325562256788017
16:24:21, C, -70, -12, 325566524579631
16:24:23, C, -70, -12, 325568660013953
16:24:25, C, -68, -12, 325570769477754
16:24:39, C, -66, -12, 325584630731915
16:24:46, C, -70, -12, 325591007125402
16:24:48, C, -69, -12, 325593148219100
16:24:50, C, -73, -12, 325595285248734
16:24:52, C, -74, -12, 325597408920035
16:24:54, C, -74, -12, 325599538067014
16:25:08, C, -72, -12, 325613387505237
16:25:14, C, -68, -12, 325619788575287
16:25:17, C, -68, -12, 325621914950546
16:25:19, C, -72, -12, 325624050720181
16:25:23, C, -66, -12, 325628298932836
16:25:25, C, -70, -12, 325630425969763
16:25:43, C, -72, -12, 325648528698871
16:25:45, C, -72, -12, 325650658754599
16:25:47, C, -68, -12, 325652773392411
16:25:50, C, -70, -12, 325654906655326
16:25:52, C, -66, -12, 325657028288762
16:25:54, C, -67, -12, 325659161108761
16:26:08, C, -74, -12, 325673012372558
16:26:16, C, -73, -12, 325681564920420
16:26:18, C, -66, -12, 325683697850263
16:26:21, C, -66, -12, 325685821396564
16:26:36, C, -67, -12, 325701800578224
16:26:47, C, -73, -12, 325712109982075
16:26:48, C, -73, -12, 325713178476658
16:26:54, C, -70, -12, 325719580662957
16:27:05, C, -73, -12, 325730214066964
16:27:07, C, -68, -12, 325732346256598
16:27:09, C, -73, -12, 325734473599670
16:27:13, C, -68, -12, 325738747652273
16:27:36, C, -81, -12, 325761101023358
16:27:38, C, -68, -12, 325763228117315
16:27:40, C, -76, -12, 325765361464034
16:27:42, C, -78, -12, 325767487216273
16:27:50, C, -65, -12, 325774938550905
16:28:05, C, -85, -12, 325789854206732
16:28:07, C, -77, -12, 325791971897044
16:28:09, C, -76, -12, 325794087439387
16:28:11, C, -87, -12, 325796225055429
16:28:27, C, -78, -12, 325812228342297
16:28:35, C, -84, -12, 325820724652399
16:28:38, C, -83, -12, 325822851560939
16:28:40, C, -93, -12, 325824986479948
16:28:42, C, -82, -12, 325827103827760
16:29:04, C, -76, -12, 325849472006189
16:29:11, C, -78, -12, 325855866194051
16:29:13, C, -76, -12, 325857986649154
16:29:24, C, -77, -12, 325869712290660
16:29:35, C, -76, -12, 325880360075448
16:29:39, C, -79, -12, 325884639837269
16:29:41, C, -80, -12, 325886772468155
16:29:44, C, -75, -12, 325888895269091
16:29:49, C, -78, -12, 325894203388516
16:30:04, C, -74, -12, 325909127126948
16:30:08, C, -92, -12, 325913404488040
16:30:10, C, -86, -12, 325915536209029
16:30:12, C, -73, -12, 325917655545122
16:30:28, C, -79, -12, 325933618654543
16:30:35, C, -88, -12, 325940019573863
16:30:37, C, -76, -12, 325942145001049
16:30:39, C, -84, -12, 325944271545632
16:30:41, C, -81, -12, 325946403325736
16:30:51, C, -90, -12, 325955958197607
16:30:59, C, -83, -12, 325964478962135
16:31:03, C, -90, -12, 325968736081977
16:31:08, C, -92, -12, 325972989626507
16:31:10, C, -90, -12, 325975119232704
16:31:24, C, -92, -12, 325988964534209
16:31:26, C, -91, -12, 325991086441760
16:31:32, C, -92, -12, 325997443821185
16:31:34, C, -74, -12, 325999564463580
16:31:36, C, -83, -12, 326001689019985
16:31:38, C, -83, -12, 326003814915767
16:31:42, C, -98, -12, 326007006825400
16:31:59, C, -89, -12, 326024070320758
16:32:01, C, -91, -12, 326026204792528
16:32:03, C, -87, -12, 326028341972266
16:32:07, C, -85, -12, 326032590525546
16:32:09, C, -94, -12, 326034717222889
16:32:21, C, -95, -12, 326046419116010
16:32:23, C, -83, -12, 326048557557363
16:32:32, C, -86, -12, 326057084300589
16:32:34, C, -87, -12, 326059203068713
16:32:36, C, -83, -12, 326061340148920
16:32:39, C, -93, -12, 326064535637097
16:32:43, C, -84, -12, 326068799038189
16:33:00, C, -82, -12, 326085815565422
16:33:05, C, -81, -12, 326090057367452
16:33:07, C, -89, -12, 326092189930732
16:33:21, C, -86, -12, 326106029179373
16:33:31, C, -90, -12, 326116663771817
16:33:33, C, -90, -12, 326118799002649
16:33:36, C, -90, -12, 326120936817961
16:33:45, C, -80, -12, 326130503305042
16:33:52, C, -84, -12, 326136909827381
16:33:56, C, -82, -12, 326141155104984
16:34:00, C, -84, -12, 326145417996493
16:34:04, C, -87, -12, 326149680655293
16:34:20, C, -90, -12, 326165648314923
16:34:22, C, -79, -12, 326167776327682
16:34:27, C, -78, -12, 326172032477108
16:34:29, C, -78, -12, 326174158238878
16:34:31, C, -85, -12, 326176294646273
16:34:33, C, -83, -12, 326178419545959
16:34:35, C, -88, -12, 326180542385281
16:34:53, C, -84, -12, 326198643734911
16:34:55, C, -83, -12, 326200777008712
16:34:58, C, -81, -12, 326202906860273
16:35:02, C, -87, -12, 326207173984021
16:35:04, C, -86, -12, 326209304609697
16:35:18, C, -86, -12, 326223118920213
16:35:20, C, -96, -12, 326225230774275
16:35:22, C, -100, -12, 326227369438076
16:35:26, C, -92, -12, 326231625899429
16:35:28, C, -80, -12, 326233758463074
16:35:31, C, -79, -12, 326235888167344
16:35:33, C, -79, -12, 326238019051093
16:35:57, C, -90, -12, 326262498984417
16:35:59, C, -85, -12, 326264627130614
16:36:01, C, -88, -12, 326266749306030
16:36:24, C, -76, -12, 326289087874094
16:36:26, C, -79, -12, 326291214784041
16:36:30, C, -73, -12, 326295459883050
16:36:55, C, -76, -12, 326319951170593
16:36:57, C, -74, -12, 326322075398040
16:36:59, C, -71, -12, 326324205632518
16:37:21, C, -72, -12, 326346572110323
16:37:23, C, -73, -12, 326348695710061
16:37:25, C, -77, -12, 326350815517561
16:37:31, C, -101, -12, 326356158278391
16:37:50, C, -90, -12, 326375308644999
16:37:52, C, -80, -12, 326377440495624
16:37:56, C, -77, -12, 326381692549685
16:37:59, C, -82, -12, 326383823303069
16:38:21, C, -78, -12, 326406194936029
16:38:23, C, -75, -12, 326408324054206
16:38:25, C, -78, -12, 326410452501392
16:38:27, C, -78, -12, 326412573044256
16:38:50, C, -76, -12, 326434978644924
16:38:52, C, -70, -12, 326437105058777
16:38:55, C, -76, -12, 326440304265547
16:38:56, C, -67, -12, 326441362431953
16:39:14, C, -75, -12, 326459438166269
16:39:18, C, -77, -12, 326463705076528
16:39:21, C, -73, -12, 326465836542881
16:39:23, C, -77, -12, 326467958483505
16:39:47, C, -96, -12, 326492463691777
16:39:49, C, -76, -12, 326494602734537
16:39:54, C, -79, -12, 326498861757712
16:39:56, C, -81, -12, 326500981157763
16:40:07, C, -84, -12, 326512687867655
16:40:16, C, -84, -12, 326521175226037
16:40:18, C, -78, -12, 326523295155047
16:40:20, C, -88, -12, 326525424579421
16:40:22, C, -91, -12, 326527544961557
16:40:47, C, -86, -12, 326552073006859
16:40:49, C, -80, -12, 326554210385296
16:40:51, C, -90, -12, 326556326829722
16:40:53, C, -83, -12, 326558463981804
16:40:58, C, -84, -12, 326563777894094
16:41:21, C, -76, -12, 326586122339450
16:41:22, C, -90, -12, 326587190893772
16:41:42, C, -72, -12, 326607387664546
16:41:44, C, -66, -12, 326609484818765
16:41:46, C, -74, -12, 326611608252409
16:41:51, C, -60, -12, 326615867957876
16:44:10, C, -58, -12, 326755388370062
16:44:12, C, -58, -12, 326757519959072
16:44:14, C, -62, -12, 326759653971311
16:44:18, C, -57, -12, 326762837625060
16:44:19, C, -60, -12, 326763898000632
16:44:21, C, -59, -12, 326766035020215
16:46:42, C, -76, -12, 326907573442557
16:48:57, C, -63, -12, 327042349493547
16:48:59, C, -70, -12, 327044477675785
16:49:03, C, -77, -12, 327048733266200
16:49:19, C, -76, -12, 327064715418070
16:49:28, C, -80, -12, 327073228575254
16:49:30, C, -76, -12, 327075354726138
16:49:32, C, -78, -12, 327077487891658
16:49:34, C, -76, -12, 327079608747074
16:49:48, C, -77, -12, 327093435827902
16:49:57, C, -76, -12, 327101974266910
16:49:59, C, -83, -12, 327104099779825
16:50:03, C, -82, -12, 327108353299302
16:50:21, C, -76, -12, 327126448485911
16:50:24, C, -80, -12, 327129650155858
16:50:28, C, -86, -12, 327132846783512
16:50:32, C, -77, -12, 327137102287469
16:50:34, C, -86, -12, 327139241192833
16:50:56, C, -77, -12, 327161604471939
16:51:01, C, -83, -12, 327165860890270
16:51:05, C, -80, -12, 327170142212821
16:51:29, C, -76, -12, 327194656062395
16:51:29, C, -76, -12, 327194656062395
16:51:33, C, -72, -12, 327197850139737
16:51:33, C, -72, -12, 327197850139737
16:51:34, C, -75, -12, 327198904179998
16:51:36, C, -75, -12, 327201032580830
16:51:58, C, -88, -12, 327223349868842
16:52:00, C, -89, -12, 327225474860717
16:52:02, C, -91, -12, 327227609426340
16:52:04, C, -86, -12, 327229737991756
16:52:27, C, -87, -12, 327252121883622
16:52:29, C, -91, -12, 327254256939872
16:52:31, C, -86, -12, 327256388263673
16:52:33, C, -85, -12, 327258500825443
16:52:47, C, -84, -12, 327272310616375
16:52:49, C, -87, -12, 327274440249187
16:52:56, C, -86, -12, 327280825758248
16:52:58, C, -90, -12, 327282953098246
16:53:12, C, -90, -12, 327296817125794
16:53:26, C, -92, -12, 327311726730319
16:53:33, C, -94, -12, 327318093356306
16:53:57, C, -82, -12, 327342561323379
16:53:59, C, -80, -12, 327344695254525
16:54:13, C, -83, -12, 327358506129207
16:54:26, C, -79, -12, 327371272919827
16:54:28, C, -82, -12, 327373400812170
16:54:30, C, -80, -12, 327375531905919
16:54:40, C, -80, -12, 327385081745916
16:54:44, C, -82, -12, 327389347369091
16:54:53, C, -86, -12, 327397869454192
16:54:55, C, -79, -12, 327400018688775
16:54:59, C, -79, -12, 327404264113878
16:55:23, C, -80, -12, 327428740324180
16:55:26, C, -79, -12, 327430864131419
16:55:28, C, -79, -12, 327432998391471
16:55:30, C, -88, -12, 327435125498762
16:55:46, C, -86, -12, 327451124126203
16:55:52, C, -79, -12, 327457497844900
16:55:54, C, -91, -12, 327459628930106
16:55:54, C, -91, -12, 327459628930106
16:55:56, C, -80, -12, 327461770901720
16:55:56, C, -80, -12, 327461770901720
16:55:59, C, -82, -12, 327463890976459
16:55:59, C, -82, -12, 327463890976459
16:56:21, C, -83, -12, 327486231415929
16:56:23, C, -89, -12, 327488346841709
16:56:25, C, -78, -12, 327490471165303
16:56:27, C, -88, -12, 327492603892073
16:56:39, C, -85, -12, 327504301282172
16:56:47, C, -93, -12, 327512807606492
16:56:50, C, -82, -12, 327514944381699
16:56:52, C, -96, -12, 327517064457428
16:56:54, C, -84, -12, 327519188466854
16:56:56, C, -80, -12, 327521316414406
16:57:18, C, -88, -12, 327543673874709
16:57:20, C, -83, -12, 327545811731792
16:57:23, C, -83, -12, 327547945525906
16:57:43, C, -87, -12, 327568185464388
16:57:51, C, -83, -12, 327576705040166
16:57:54, C, -82, -12, 327578830133498
16:57:56, C, -86, -12, 327580963487143
16:58:20, C, -73, -12, 327605469167446
16:58:20, C, -73, -12, 327605469167446
16:58:22, C, -72, -12, 327607593506196
16:58:22, C, -72, -12, 327607593506196
16:58:24, C, -77, -12, 327609727013799
16:58:24, C, -77, -12, 327609727013799
16:58:27, C, -78, -12, 327611857225673
16:58:27, C, -78, -12, 327611857225673
16:58:45, C, -87, -12, 327629951856604
16:58:49, C, -77, -12, 327634219853321
16:58:51, C, -77, -12, 327636332612226
16:58:53, C, -79, -12, 327638457054048
16:59:20, C, -80, -12, 327665061398882
16:59:22, C, -80, -12, 327667195842528
16:59:26, C, -80, -12, 327671460862682
16:59:49, C, -78, -12, 327693839567466
16:59:51, C, -81, -12, 327695973383716
16:59:53, C, -80, -12, 327698103051995
16:59:55, C, -80, -12, 327700219072150
16:59:57, C, -79, -12, 327702354099597
17:00:19, C, -83, -12, 327724736428807
17:00:22, C, -79, -12, 327726847062035
17:00:24, C, -81, -12, 327728985790733
17:00:26, C, -77, -12, 327731109443023
17:00:55, C, -90, -12, 327759890003169
17:00:55, C, -90, -12, 327759890003169
17:00:57, C, -87, -12, 327762028367595
17:00:57, C, -87, -12, 327762028367595
17:00:59, C, -87, -12, 327764160094677
17:00:59, C, -87, -12, 327764160094677
17:01:06, C, -78, -12, 327771615060613
17:01:13, C, -78, -12, 327777975601287
17:01:21, C, -78, -12, 327786485470034
17:01:23, C, -77, -12, 327788613305137
17:01:25, C, -76, -12, 327790745939511
17:01:28, C, -80, -12, 327792879807323
17:01:50, C, -77, -12, 327815230113825
17:01:52, C, -77, -12, 327817366653511
17:01:54, C, -81, -12, 327819500805177
17:01:56, C, -82, -12, 327821628198145
17:01:58, C, -79, -12, 327823759402936
17:02:10, C, -76, -12, 327835467620900
17:02:19, C, -80, -12, 327843964465324
17:02:21, C, -80, -12, 327846100406105
17:02:23, C, -80, -12, 327848225232614
17:02:25, C, -85, -12, 327850360116884
17:02:27, C, -79, -12, 327852489257977
17:02:39, C, -78, -12, 327864235549952
17:02:52, C, -79, -12, 327877020276926
17:02:56, C, -79, -12, 327881289991924
17:02:58, C, -80, -12, 327883403453070
17:03:18, C, -97, -12, 327903661224937
17:03:25, C, -79, -12, 327910047931966
17:03:27, C, -88, -12, 327912170114309
17:03:49, C, -82, -12, 327934503561487
17:03:51, C, -84, -12, 327936636883206
17:03:53, C, -85, -12, 327938775853257
17:03:56, C, -84, -12, 327940902883985
17:03:58, C, -84, -12, 327943025427682
17:04:20, C, -81, -12, 327965403572674
17:04:22, C, -82, -12, 327967531860485
17:04:24, C, -89, -12, 327969669023089
17:04:26, C, -90, -12, 327971800048921
17:04:29, C, -85, -12, 327973929817514
17:04:47, C, -81, -12, 327991996437455
17:04:49, C, -82, -12, 327994123610267
17:04:51, C, -81, -12, 327996252955422
17:04:53, C, -85, -12, 327998387120786
17:04:55, C, -85, -12, 328000521362556
17:04:57, C, -81, -12, 328002628652971
17:05:20, C, -87, -12, 328024980258433
17:05:20, C, -87, -12, 328024980258433
17:05:22, C, -80, -12, 328027097895619
17:05:22, C, -80, -12, 328027097895619
17:05:24, C, -83, -12, 328029238071972
17:05:24, C, -83, -12, 328029238071972
17:05:26, C, -77, -12, 328031360374575
17:05:26, C, -77, -12, 328031360374575
17:05:46, C, -83, -12, 328051582377380
17:05:48, C, -94, -12, 328053710454202
17:05:51, C, -84, -12, 328055834609150
17:05:53, C, -98, -12, 328057952241440
17:05:55, C, -86, -12, 328060075173262
17:06:13, C, -97, -12, 328078168220131
17:06:19, C, -88, -12, 328084559904034
17:06:21, C, -91, -12, 328086688196950
17:06:23, C, -86, -12, 328088808711585
17:06:26, C, -87, -12, 328090945200022
17:06:37, C, -90, -12, 328102664811840
17:07:04, C, -86, -12, 328128963317663
17:07:06, C, -80, -12, 328131091508912
17:07:10, C, -81, -12, 328135375993286
17:07:12, C, -87, -12, 328137519096410
17:07:14, C, -86, -12, 328139652681097
17:07:26, C, -88, -12, 328151377244061
17:07:39, C, -86, -12, 328164165002286
17:07:39, C, -86, -12, 328164165002286
17:07:43, C, -92, -12, 328168419365773
17:07:43, C, -92, -12, 328168419365773
17:07:45, C, -86, -12, 328170545679210
17:07:45, C, -86, -12, 328170545679210
17:07:47, C, -87, -12, 328172687123011
17:07:47, C, -87, -12, 328172687123011
17:07:53, C, -80, -12, 328178041207488
17:07:53, C, -80, -12, 328178041207488
17:08:03, C, -81, -12, 328188708841495
17:08:08, C, -80, -12, 328192962552118
17:08:12, C, -87, -12, 328197212085293
17:08:14, C, -78, -12, 328199351215397
17:08:16, C, -81, -12, 328201472496281
17:08:18, C, -85, -12, 328203614247062
17:08:45, C, -83, -12, 328230250193771
17:08:47, C, -87, -12, 328232373690958
17:09:03, C, -79, -12, 328248368843451
17:09:12, C, -81, -12, 328256864014385
17:09:14, C, -82, -12, 328258996931260
17:09:37, C, -84, -12, 328282396514324
17:09:40, C, -84, -12, 328285572546718
17:09:42, C, -83, -12, 328287710692499
17:09:45, C, -82, -12, 328289834607290
17:10:03, C, -87, -12, 328307953019262
17:10:03, C, -87, -12, 328307953019262
17:10:11, C, -79, -12, 328316469376342
17:10:11, C, -79, -12, 328316469376342
17:10:13, C, -79, -12, 328318611543320
17:10:13, C, -79, -12, 328318611543320
17:10:16, C, -82, -12, 328321791181132
17:10:16, C, -82, -12, 328321791181132
17:10:18, C, -93, -12, 328322855435662
17:10:18, C, -93, -12, 328322855435662
17:10:40, C, -81, -12, 328345216019560
17:10:42, C, -94, -12, 328347348122476
17:10:44, C, -82, -12, 328349479396798
17:10:46, C, -100, -12, 328351613986589
17:10:48, C, -92, -12, 328353747557577
17:11:02, C, -99, -12, 328367606285749
17:11:11, C, -86, -12, 328376115921944
17:11:13, C, -84, -12, 328378244458193
17:11:15, C, -101, -12, 328380365513244
17:11:31, C, -80, -12, 328396362539540
17:11:35, C, -85, -12, 328400625601779
17:11:42, C, -94, -12, 328406996488130
17:11:46, C, -80, -12, 328411256440524
17:11:48, C, -86, -12, 328413384869326
17:12:10, C, -85, -12, 328435737606036
17:12:13, C, -85, -12, 328437878452806
17:12:16, C, -93, -12, 328441067401919
17:12:17, C, -86, -12, 328442142129211
17:12:19, C, -86, -12, 328444278248793
17:12:41, C, -88, -12, 328466610511284
17:12:41, C, -88, -12, 328466610511284
17:12:46, C, -84, -12, 328470859741752
17:12:46, C, -84, -12, 328470859741752
17:12:48, C, -98, -12, 328472988746803
17:12:48, C, -98, -12, 328472988746803
17:13:04, C, -95, -12, 328488957635182
17:13:04, C, -95, -12, 328488957635182
17:13:14, C, -86, -12, 328499590305334
17:13:14, C, -86, -12, 328499590305334
17:13:19, C, -84, -12, 328503855134187
17:13:19, C, -84, -12, 328503855134187
17:13:32, C, -85, -12, 328517692065432
17:13:32, C, -85, -12, 328517692065432
17:13:34, C, -86, -12, 328519818297566
17:13:35, C, -86, -12, 328519818297566
17:13:41, C, -88, -12, 328526230753710
17:13:41, C, -88, -12, 328526230753710
17:13:45, C, -90, -12, 328530493054437
17:13:45, C, -90, -12, 328530493054437
17:13:55, C, -88, -12, 328540098804485
17:13:55, C, -88, -12, 328540098804485
17:14:14, C, -85, -12, 328559286135989
17:14:14, C, -85, -12, 328559286135989
17:14:16, C, -84, -12, 328561405327811
17:14:16, C, -84, -12, 328561405327811
17:14:18, C, -87, -12, 328563542907446
17:14:18, C, -87, -12, 328563542907446
17:14:20, C, -91, -12, 328565685087133
17:14:20, C, -91, -12, 328565685087133
17:14:43, C, -97, -12, 328588032971395
17:14:43, C, -97, -12, 328588032971395
17:14:47, C, -83, -12, 328592293839882
17:14:47, C, -83, -12, 328592293839882
17:14:47, C, -83, -12, 328592293839882
17:14:49, C, -85, -12, 328594415345403
17:14:49, C, -85, -12, 328594415345403
17:14:49, C, -85, -12, 328594415345403
17:14:54, C, -89, -12, 328599732861182
17:14:54, C, -89, -12, 328599732861182
17:14:54, C, -89, -12, 328599732861182
17:15:03, C, -88, -12, 328608258709147
17:15:03, C, -88, -12, 328608258709147
17:15:03, C, -88, -12, 328608258709147
17:15:11, C, -94, -12, 328616779755498
17:15:11, C, -94, -12, 328616779755498
17:15:11, C, -94, -12, 328616779755498
17:15:16, C, -93, -12, 328621014436434
17:15:16, C, -93, -12, 328621014436434
17:15:18, C, -83, -12, 328623136426017
17:15:18, C, -83, -12, 328623136426017
17:15:20, C, -100, -12, 328625264098308
17:15:20, C, -100, -12, 328625264098308
17:15:34, C, -82, -12, 328639119389969
17:15:34, C, -82, -12, 328639119389969
17:15:38, C, -83, -12, 328643380722519
17:15:38, C, -83, -12, 328643380722519
17:15:44, C, -80, -12, 328649781093975
17:15:44, C, -80, -12, 328649781093975
17:15:47, C, -85, -12, 328651902669495
17:15:47, C, -85, -12, 328651902669495
17:15:49, C, -80, -12, 328654029686891
17:15:49, C, -80, -12, 328654029686891
17:16:11, C, -85, -12, 328676391743444
17:16:11, C, -85, -12, 328676391743444
17:16:13, C, -93, -12, 328678526383287
17:16:13, C, -93, -12, 328678526383287
17:16:17, C, -80, -12, 328682789312921
17:16:17, C, -80, -12, 328682789312921
17:16:44, C, -81, -12, 328709407027442
17:16:44, C, -81, -12, 328709407027442
17:16:46, C, -80, -12, 328711530742649
17:16:46, C, -80, -12, 328711530742649
17:16:48, C, -88, -12, 328713659435878
17:16:48, C, -88, -12, 328713659435878
17:17:11, C, -96, -12, 328736050294463
17:17:11, C, -96, -12, 328736050294463
17:17:13, C, -80, -12, 328738185817431
17:17:13, C, -80, -12, 328738185817431
17:17:15, C, -87, -12, 328740299452534
17:17:15, C, -87, -12, 328740299452534
17:17:15, C, -87, -12, 328740299452534
17:17:17, C, -84, -12, 328742428408367
17:17:17, C, -84, -12, 328742428408367
17:17:17, C, -84, -12, 328742428408367
17:17:42, C, -79, -12, 328766932871222
17:17:42, C, -79, -12, 328766932871222
17:17:42, C, -79, -12, 328766932871222
17:17:44, C, -99, -12, 328769063680336
17:17:44, C, -99, -12, 328769063680336
17:17:44, C, -99, -12, 328769063680336
17:17:46, C, -81, -12, 328771196427366
17:17:46, C, -81, -12, 328771196427366
17:17:46, C, -81, -12, 328771196427366
17:17:48, C, -92, -12, 328773332598459
17:17:48, C, -92, -12, 328773332598459
17:17:48, C, -92, -12, 328773332598459
17:17:50, C, -82, -12, 328775455773511
17:17:50, C, -82, -12, 328775455773511
17:17:50, C, -82, -12, 328775455773511
17:18:13, C, -95, -12, 328797831942773
17:18:13, C, -95, -12, 328797831942773
17:18:15, C, -82, -12, 328799957204075
17:18:15, C, -82, -12, 328799957204075
17:18:17, C, -95, -12, 328802082589229
17:18:17, C, -95, -12, 328802082589229
17:18:19, C, -92, -12, 328804213623655
17:18:19, C, -92, -12, 328804213623655
17:18:21, C, -82, -12, 328806340220530
17:18:21, C, -82, -12, 328806340220530
17:18:46, C, -88, -12, 328830862722447
17:18:46, C, -88, -12, 328830862722447
17:18:48, C, -89, -12, 328832994354531
17:18:48, C, -89, -12, 328832994354531
17:18:50, C, -87, -12, 328835121786352
17:18:50, C, -87, -12, 328835121786352
17:19:04, C, -86, -12, 328848965695306
17:19:04, C, -86, -12, 328848965695306
17:19:14, C, -87, -12, 328859609928426
17:19:14, C, -87, -12, 328859609928426
17:19:23, C, -88, -12, 328868143978319
17:19:23, C, -88, -12, 328868143978319
17:19:45, C, -80, -12, 328890501977894
17:19:45, C, -80, -12, 328890501977894
17:19:52, C, -81, -12, 328896890570547
17:19:52, C, -81, -12, 328896890570547
17:20:14, C, -80, -12, 328919264394810
17:20:14, C, -80, -12, 328919264394810
17:20:14, C, -80, -12, 328919264394810
17:20:16, C, -79, -12, 328921376239392
17:20:16, C, -79, -12, 328921376239392
17:20:16, C, -79, -12, 328921376239392
17:20:18, C, -90, -12, 328923507202673
17:20:18, C, -90, -12, 328923507202673
17:20:18, C, -90, -12, 328923507202673
17:20:20, C, -92, -12, 328925638615015
17:20:20, C, -92, -12, 328925638615015
17:20:20, C, -92, -12, 328925638615015
17:20:41, C, -86, -12, 328945876301987
17:20:41, C, -86, -12, 328945876301987
17:20:41, C, -86, -12, 328945876301987
17:20:45, C, -82, -12, 328950137128965
17:20:45, C, -82, -12, 328950137128965
17:20:45, C, -82, -12, 328950137128965
17:20:47, C, -80, -12, 328952274208339
17:20:47, C, -80, -12, 328952274208339
17:20:47, C, -80, -12, 328952274208339
17:20:49, C, -79, -12, 328954396370369
17:20:49, C, -79, -12, 328954396370369
17:20:49, C, -79, -12, 328954396370369
17:20:51, C, -89, -12, 328956532666254
17:20:51, C, -89, -12, 328956532666254
17:20:51, C, -89, -12, 328956532666254
17:21:14, C, -86, -12, 328978899922287
17:21:14, C, -86, -12, 328978899922287
17:21:14, C, -86, -12, 328978899922287
17:21:16, C, -92, -12, 328981040379630
17:21:16, C, -92, -12, 328981040379630
17:21:16, C, -92, -12, 328981040379630
17:21:18, C, -87, -12, 328983173526296
17:21:18, C, -87, -12, 328983173526296
17:21:18, C, -87, -12, 328983173526296
17:21:22, C, -61, -12, 328987426899628
17:21:22, C, -61, -12, 328987426899628
17:21:22, C, -61, -12, 328987426899628
17:21:36, C, -61, -12, 329001296226081
17:21:36, C, -61, -12, 329001296226081
17:21:36, C, -61, -12, 329001296226081
17:21:47, C, -75, -12, 329011970142691
17:21:47, C, -75, -12, 329011970142691
17:21:47, C, -75, -12, 329011970142691
17:21:49, C, -79, -12, 329014094071857
17:21:49, C, -79, -12, 329014094071857
17:21:49, C, -79, -12, 329014094071857
17:21:53, C, -77, -12, 329018355403105
17:21:53, C, -77, -12, 329018355403105
17:21:53, C, -77, -12, 329018355403105
17:21:55, C, -76, -12, 329020487704146
17:21:55, C, -76, -12, 329020487704146
17:21:55, C, -76, -12, 329020487704146
17:22:15, C, -75, -12, 329040720257940
17:22:15, C, -75, -12, 329040720257940
17:22:18, C, -81, -12, 329042851522835
17:22:18, C, -81, -12, 329042851522835
17:22:20, C, -72, -12, 329044978489658
17:22:20, C, -72, -12, 329044978489658
17:22:22, C, -75, -12, 329047114391479
17:22:22, C, -75, -12, 329047114391479
17:22:24, C, -76, -12, 329049251064864
17:22:24, C, -76, -12, 329049251064864
17:22:38, C, -75, -12, 329063092478296
17:22:38, C, -75, -12, 329063092478296
17:22:46, C, -75, -12, 329071628777408
17:22:46, C, -75, -12, 329071628777408
17:22:48, C, -83, -12, 329073762987615
17:22:48, C, -83, -12, 329073762987615
17:22:51, C, -76, -12, 329075890515271
17:22:51, C, -76, -12, 329075890515271
17:22:55, C, -83, -12, 329080140467873
17:22:55, C, -83, -12, 329080140467873
17:23:17, C, -81, -12, 329102531366094
17:23:17, C, -81, -12, 329102531366094
17:23:19, C, -74, -12, 329104662942551
17:23:19, C, -74, -12, 329104662942551
17:23:21, C, -73, -12, 329106789920207
17:23:21, C, -73, -12, 329106789920207
17:23:24, C, -80, -12, 329108912388748
17:23:24, C, -80, -12, 329108912388748
17:23:26, C, -74, -12, 329111039270466
17:23:26, C, -74, -12, 329111039270466
17:23:37, C, -75, -12, 329122744687857
17:23:37, C, -75, -12, 329122744687857
17:23:40, C, -87, -12, 329124870390773
17:23:40, C, -87, -12, 329124870390773
17:23:46, C, -74, -12, 329131255731604
17:23:46, C, -74, -12, 329131255731604
17:23:48, C, -76, -12, 329133386656812
17:23:48, C, -76, -12, 329133386656812
17:23:50, C, -74, -12, 329135512725665
17:23:50, C, -74, -12, 329135512725665
17:23:52, C, -82, -12, 329137640423060
17:23:52, C, -82, -12, 329137640423060
17:23:54, C, -81, -12, 329139760230299
17:23:54, C, -81, -12, 329139760230299
17:24:17, C, -86, -12, 329162127512530
17:24:17, C, -86, -12, 329162127512530
17:24:17, C, -86, -12, 329162127512530
17:24:19, C, -84, -12, 329164265603987
17:24:19, C, -84, -12, 329164265603987
17:24:19, C, -84, -12, 329164265603987
17:24:21, C, -93, -12, 329166390318413
17:24:21, C, -93, -12, 329166390318413
17:24:21, C, -93, -12, 329166390318413
17:24:23, C, -82, -12, 329168535933517
17:24:23, C, -82, -12, 329168535933517
17:24:23, C, -82, -12, 329168535933517
17:24:25, C, -73, -12, 329170653077214
17:24:25, C, -73, -12, 329170653077214
17:24:25, C, -73, -12, 329170653077214
17:24:32, C, -64, -12, 329177049388722
17:24:32, C, -64, -12, 329177049388722
17:24:32, C, -64, -12, 329177049388722
17:24:48, C, -72, -12, 329193014021007
17:24:48, C, -72, -12, 329193014021007
17:24:48, C, -72, -12, 329193014021007
17:24:50, C, -80, -12, 329195130223403
17:24:50, C, -80, -12, 329195130223403
17:24:50, C, -80, -12, 329195130223403
17:24:52, C, -75, -12, 329197260774235
17:24:52, C, -75, -12, 329197260774235
17:24:52, C, -75, -12, 329197260774235
17:24:54, C, -79, -12, 329199399971630
17:24:54, C, -79, -12, 329199399971630
17:24:54, C, -79, -12, 329199399971630
17:25:12, C, -101, -12, 329217496332352
17:25:12, C, -101, -12, 329217496332352
17:25:12, C, -101, -12, 329217496332352
17:25:15, C, -75, -12, 329220696545997
17:25:15, C, -75, -12, 329220696545997
17:25:15, C, -75, -12, 329220696545997
17:25:16, C, -77, -12, 329221772683861
17:25:16, C, -77, -12, 329221772683861
17:25:16, C, -77, -12, 329221772683861
17:25:19, C, -90, -12, 329223910247193
17:25:19, C, -90, -12, 329223910247193
17:25:19, C, -90, -12, 329223910247193
17:25:32, C, -75, -12, 329237763490365
17:25:32, C, -75, -12, 329237763490365
17:25:32, C, -75, -12, 329237763490365
17:25:47, C, -74, -12, 329252663799839
17:25:47, C, -74, -12, 329252663799839
17:25:47, C, -74, -12, 329252663799839
17:25:49, C, -76, -12, 329254781313901
17:25:49, C, -76, -12, 329254781313901
17:25:49, C, -76, -12, 329254781313901
17:25:52, C, -76, -12, 329256921287493
17:25:52, C, -76, -12, 329256921287493
17:25:52, C, -76, -12, 329256921287493
17:25:54, C, -72, -12, 329259058269681
17:25:54, C, -72, -12, 329259058269681
17:25:54, C, -72, -12, 329259058269681
17:26:16, C, -78, -12, 329281400411546
17:26:16, C, -78, -12, 329281400411546
17:26:16, C, -78, -12, 329281400411546
17:26:18, C, -76, -12, 329283524259307
17:26:18, C, -76, -12, 329283524259307
17:26:18, C, -76, -12, 329283524259307
17:26:20, C, -71, -12, 329285653597326
17:26:20, C, -71, -12, 329285653597326
17:26:20, C, -71, -12, 329285653597326
17:26:22, C, -70, -12, 329287777093732
17:26:22, C, -70, -12, 329287777093732
17:26:22, C, -70, -12, 329287777093732
17:26:52, C, -72, -12, 329317242986637
17:26:52, C, -72, -12, 329317242986637
17:26:52, C, -72, -12, 329317242986637
17:26:56, C, -77, -12, 329321488190803
17:26:56, C, -77, -12, 329321488190803
17:26:56, C, -77, -12, 329321488190803
17:27:05, C, -68, -12, 329330015077414
17:27:05, C, -68, -12, 329330015077414
17:27:05, C, -68, -12, 329330015077414
17:27:09, C, -72, -12, 329334278955172
17:27:09, C, -72, -12, 329334278955172
17:27:09, C, -72, -12, 329334278955172
17:27:11, C, -72, -12, 329336410336265
17:27:11, C, -72, -12, 329336410336265
17:27:11, C, -72, -12, 329336410336265
17:27:13, C, -72, -12, 329338543351838
17:27:13, C, -72, -12, 329338543351838
17:27:13, C, -72, -12, 329338543351838
17:27:31, C, -70, -12, 329356636301362
17:27:31, C, -70, -12, 329356636301362
17:27:31, C, -70, -12, 329356636301362
17:27:36, C, -75, -12, 329360905136412
17:27:36, C, -75, -12, 329360905136412
17:27:36, C, -75, -12, 329360905136412
17:27:38, C, -72, -12, 329363048174328
17:27:38, C, -72, -12, 329363048174328
17:27:38, C, -72, -12, 329363048174328
17:27:44, C, -71, -12, 329369452967971
17:27:44, C, -71, -12, 329369452967971
17:27:44, C, -71, -12, 329369452967971
17:27:46, C, -74, -12, 329371588874116
17:27:46, C, -74, -12, 329371588874116
17:27:46, C, -74, -12, 329371588874116
17:27:48, C, -70, -12, 329373725920053
17:27:48, C, -70, -12, 329373725920053
17:27:48, C, -70, -12, 329373725920053
17:28:19, C, -72, -12, 329404635293843
17:28:19, C, -72, -12, 329404635293843
17:28:19, C, -72, -12, 329404635293843
17:28:42, C, -74, -12, 329427000279043
17:28:42, C, -74, -12, 329427000279043
17:28:42, C, -74, -12, 329427000279043
17:28:44, C, -72, -12, 329429138552115
17:28:44, C, -72, -12, 329429138552115
17:28:44, C, -72, -12, 329429138552115
17:28:46, C, -70, -12, 329431257669875
17:28:46, C, -70, -12, 329431257669875
17:28:46, C, -70, -12, 329431257669875
17:28:48, C, -71, -12, 329433368307738
17:28:48, C, -71, -12, 329433368307738
17:28:48, C, -71, -12, 329433368307738
17:29:10, C, -72, -12, 329455728079709
17:29:10, C, -72, -12, 329455728079709
17:29:10, C, -72, -12, 329455728079709
17:29:13, C, -72, -12, 329457861112677
17:29:13, C, -72, -12, 329457861112677
17:29:13, C, -72, -12, 329457861112677
17:29:15, C, -72, -12, 329459986971322
17:29:15, C, -72, -12, 329459986971322
17:29:15, C, -72, -12, 329459986971322
17:29:17, C, -72, -12, 329462129520957
17:29:17, C, -72, -12, 329462129520957
17:29:17, C, -72, -12, 329462129520957
17:29:19, C, -71, -12, 329464262260695
17:29:19, C, -71, -12, 329464262260695
17:29:19, C, -71, -12, 329464262260695
17:29:24, C, -72, -12, 329469593616423
17:29:24, C, -72, -12, 329469593616423
17:29:24, C, -72, -12, 329469593616423
17:29:37, C, -67, -12, 329482383429335
17:29:37, C, -67, -12, 329482383429335
17:29:37, C, -67, -12, 329482383429335
17:29:46, C, -70, -12, 329490907165321
17:29:46, C, -70, -12, 329490907165321
17:29:46, C, -70, -12, 329490907165321
17:29:50, C, -74, -12, 329495172150111
17:29:50, C, -74, -12, 329495172150111
17:29:50, C, -74, -12, 329495172150111
17:30:12, C, -73, -12, 329517574254581
17:30:12, C, -73, -12, 329517574254581
17:30:12, C, -73, -12, 329517574254581
17:30:14, C, -74, -12, 329519694763227
17:30:14, C, -74, -12, 329519694763227
17:30:14, C, -74, -12, 329519694763227
17:30:17, C, -70, -12, 329521818905778
17:30:17, C, -70, -12, 329521818905778
17:30:17, C, -70, -12, 329521818905778
17:30:19, C, -72, -12, 329523948878746
17:30:19, C, -72, -12, 329523948878746
17:30:19, C, -72, -12, 329523948878746
17:30:45, C, -72, -12, 329550615683580
17:30:45, C, -72, -12, 329550615683580
17:30:45, C, -72, -12, 329550615683580
17:30:47, C, -74, -12, 329552748249672
17:30:47, C, -74, -12, 329552748249672
17:30:47, C, -74, -12, 329552748249672
17:30:52, C, -73, -12, 329557006319879
17:30:52, C, -73, -12, 329557006319879
17:30:52, C, -73, -12, 329557006319879
17:30:54, C, -76, -12, 329559127538889
17:30:54, C, -76, -12, 329559127538889
17:30:54, C, -76, -12, 329559127538889
17:31:10, C, -68, -12, 329575122017945
17:31:10, C, -68, -12, 329575122017945
17:31:10, C, -68, -12, 329575122017945
17:31:16, C, -73, -12, 329581515335182
17:31:16, C, -73, -12, 329581515335182
17:31:16, C, -73, -12, 329581515335182
17:31:18, C, -74, -12, 329583654040494
17:31:18, C, -74, -12, 329583654040494
17:31:18, C, -74, -12, 329583654040494
17:31:20, C, -72, -12, 329585787609191
17:31:20, C, -72, -12, 329585787609191
17:31:20, C, -72, -12, 329585787609191
17:31:23, C, -72, -12, 329587911981482
17:31:23, C, -72, -12, 329587911981482
17:31:23, C, -72, -12, 329587911981482
17:31:25, C, -73, -12, 329590035115440
17:31:25, C, -73, -12, 329590035115440
17:31:25, C, -73, -12, 329590035115440
17:31:41, C, -75, -12, 329606001647985
17:31:41, C, -75, -12, 329606001647985
17:31:41, C, -75, -12, 329606001647985
17:31:49, C, -68, -12, 329614495141107
17:31:49, C, -68, -12, 329614495141107
17:31:49, C, -68, -12, 329614495141107
17:31:51, C, -74, -12, 329616625782878
17:31:51, C, -74, -12, 329616625782878
17:31:51, C, -74, -12, 329616625782878
17:32:16, C, -70, -12, 329641139351253
17:32:16, C, -70, -12, 329641139351253
17:32:16, C, -70, -12, 329641139351253
17:32:18, C, -70, -12, 329643252125836
17:32:18, C, -70, -12, 329643252125836
17:32:18, C, -70, -12, 329643252125836
17:32:20, C, -70, -12, 329645381626460
17:32:20, C, -70, -12, 329645381626460
17:32:20, C, -70, -12, 329645381626460
17:32:24, C, -69, -12, 329649647989167
17:32:24, C, -69, -12, 329649647989167
17:32:24, C, -69, -12, 329649647989167
17:32:40, C, -69, -12, 329665637422963
17:32:40, C, -69, -12, 329665637422963
17:32:40, C, -69, -12, 329665637422963
17:32:47, C, -71, -12, 329672026880565
17:32:47, C, -71, -12, 329672026880565
17:32:47, C, -71, -12, 329672026880565
17:32:51, C, -71, -12, 329676281104469
17:32:51, C, -71, -12, 329676281104469
17:32:51, C, -71, -12, 329676281104469
17:32:55, C, -73, -12, 329680562697228
17:32:55, C, -73, -12, 329680562697228
17:32:55, C, -73, -12, 329680562697228
17:33:13, C, -67, -12, 329698654881023
17:33:13, C, -67, -12, 329698654881023
17:33:13, C, -67, -12, 329698654881023
17:33:18, C, -71, -12, 329702915253105
17:33:18, C, -71, -12, 329702915253105
17:33:18, C, -71, -12, 329702915253105
17:33:20, C, -73, -12, 329705032676281
17:33:20, C, -73, -12, 329705032676281
17:33:20, C, -73, -12, 329705032676281
17:33:22, C, -70, -12, 329707162751540
17:33:22, C, -70, -12, 329707162751540
17:33:22, C, -70, -12, 329707162751540
17:33:24, C, -72, -12, 329709295556019
17:33:24, C, -72, -12, 329709295556019
17:33:24, C, -72, -12, 329709295556019
17:33:48, C, -67, -12, 329733765533771
17:33:48, C, -67, -12, 329733765533771
17:33:48, C, -67, -12, 329733765533771
17:33:51, C, -71, -12, 329735879325384
17:33:51, C, -71, -12, 329735879325384
17:33:51, C, -71, -12, 329735879325384
17:33:55, C, -70, -12, 329740142979601
17:33:55, C, -70, -12, 329740142979601
17:33:55, C, -70, -12, 329740142979601
17:34:17, C, -66, -12, 329762537018863
17:34:17, C, -66, -12, 329762537018863
17:34:17, C, -66, -12, 329762537018863
17:34:19, C, -69, -12, 329764657616675
17:34:19, C, -69, -12, 329764657616675
17:34:19, C, -69, -12, 329764657616675
17:34:21, C, -70, -12, 329766788993497
17:34:21, C, -70, -12, 329766788993497
17:34:21, C, -70, -12, 329766788993497
17:34:24, C, -71, -12, 329768931433287
17:34:24, C, -71, -12, 329768931433287
17:34:24, C, -71, -12, 329768931433287
17:34:26, C, -72, -12, 329771055509589
17:34:26, C, -72, -12, 329771055509589
17:34:26, C, -72, -12, 329771055509589
17:34:46, C, -72, -12, 329791247129738
17:34:46, C, -72, -12, 329791247129738
17:34:46, C, -72, -12, 329791247129738
17:34:48, C, -72, -12, 329793377624737
17:34:48, C, -72, -12, 329793377624737
17:34:48, C, -72, -12, 329793377624737
17:34:50, C, -70, -12, 329795516251299
17:34:50, C, -70, -12, 329795516251299
17:34:50, C, -70, -12, 329795516251299
17:34:52, C, -73, -12, 329797653451767
17:34:52, C, -73, -12, 329797653451767
17:34:52, C, -73, -12, 329797653451767
17:34:54, C, -70, -12, 329799784388849
17:34:54, C, -70, -12, 329799784388849
17:34:54, C, -70, -12, 329799784388849
17:35:19, C, -73, -12, 329824263073318
17:35:19, C, -73, -12, 329824263073318
17:35:19, C, -73, -12, 329824263073318
17:35:23, C, -68, -12, 329828526119671
17:35:23, C, -68, -12, 329828526119671
17:35:23, C, -68, -12, 329828526119671
