15:52:57, A, -74, -12, 323682676251912
15:53:13, A, -66, -12, 323698624504875
15:53:20, A, -66, -12, 323705020254716
15:53:22, A, -67, -12, 323707153915340
15:53:24, A, -65, -12, 323709290606745
15:53:26, A, -67, -12, 323711422538150
15:53:30, A, -65, -12, 323715675443879
15:53:44, A, -63, -12, 323729527918352
15:53:46, A, -62, -12, 323731666444289
15:53:53, A, -63, -12, 323738038653036
15:53:55, A, -64, -12, 323740161712099
15:53:57, A, -66, -12, 323742297707514
15:54:01, A, -66, -12, 323746558850220
15:54:04, A, -69, -12, 323749745840115
15:54:24, A, -75, -12, 323768918979899
15:54:26, A, -74, -12, 323771046195784
15:54:28, A, -80, -12, 323773180593492
15:54:32, A, -71, -12, 323777435502344
15:54:59, A, -70, -12, 323804060598115
15:55:03, A, -71, -12, 323808325934729
15:55:05, A, -72, -12, 323810459454415
15:55:28, A, -70, -12, 323832830673834
15:55:32, A, -70, -12, 323837097189300
15:55:34, A, -69, -12, 323839226096696
15:56:02, A, -75, -12, 323866940877466
15:56:04, A, -81, -12, 323869074649913
15:56:05, A, -64, -12, 323870135811059
15:56:07, A, -75, -12, 323872272323193
15:56:09, A, -76, -12, 323874399947567
15:56:34, A, -66, -12, 323898893804121
15:56:36, A, -67, -12, 323901022371933
15:56:38, A, -69, -12, 323903148802296
15:57:04, A, -68, -12, 323929773580099
15:57:07, A, -71, -12, 323931901324212
15:57:09, A, -76, -12, 323934053365357
15:57:11, A, -72, -12, 323936180743742
15:57:13, A, -72, -12, 323938313894887
15:57:27, A, -68, -12, 323952113210091
15:57:31, A, -73, -12, 323956365735141
15:57:35, A, -72, -12, 323960620933732
15:57:37, A, -68, -12, 323962753962014
15:57:40, A, -74, -12, 323964878788262
15:57:42, A, -73, -12, 323967022763626
15:57:44, A, -76, -12, 323969142042323
15:58:06, A, -74, -12, 323991475308357
15:58:08, A, -70, -12, 323993626195595
15:58:13, A, -75, -12, 323997880267260
15:58:37, A, -75, -12, 324022368251522
15:58:41, A, -75, -12, 324026622009072
15:58:43, A, -73, -12, 324028749045634
15:59:04, A, -77, -12, 324049014059272
15:59:08, A, -74, -12, 324053258268124
15:59:10, A, -70, -12, 324055388781092
15:59:12, A, -72, -12, 324057517822185
15:59:14, A, -73, -12, 324059633662341
15:59:37, A, -76, -12, 324081995272436
15:59:39, A, -70, -12, 324084131294050
15:59:41, A, -76, -12, 324086261000872
15:59:43, A, -74, -12, 324088396684465
15:59:45, A, -69, -12, 324090536171860
15:59:47, A, -70, -12, 324092657964152
16:00:10, A, -72, -12, 324115032107788
16:00:12, A, -76, -12, 324117160046174
16:00:14, A, -75, -12, 324119286553308
16:00:16, A, -73, -12, 324121426417942
16:00:18, A, -77, -12, 324123541079243
16:00:36, A, -72, -12, 324141662566111
16:00:43, A, -75, -12, 324148053646630
16:00:45, A, -70, -12, 324150187676837
16:01:01, A, -72, -12, 324166124161988
16:01:09, A, -75, -12, 324174633622089
16:01:11, A, -75, -12, 324176748183493
16:01:16, A, -72, -12, 324181004199013
16:01:38, A, -72, -12, 324203361818692
16:01:42, A, -72, -12, 324207617584524
16:01:58, A, -74, -12, 324223592200507
16:02:03, A, -74, -12, 324227848231964
16:02:07, A, -76, -12, 324232092463942
16:02:09, A, -77, -12, 324234218047899
16:02:11, A, -72, -12, 324236347688471
16:02:18, A, -74, -12, 324243792494614
16:02:36, A, -81, -12, 324260845679296
16:02:38, A, -72, -12, 324262968996898
16:02:40, A, -78, -12, 324265104116325
16:02:42, A, -73, -12, 324267236993355
16:03:06, A, -73, -12, 324291735047148
16:03:09, A, -72, -12, 324293869590220
16:03:13, A, -74, -12, 324298125332667
16:03:15, A, -78, -12, 324300247959905
16:03:20, A, -71, -12, 324305586153133
16:03:25, A, -74, -12, 324309856528079
16:03:39, A, -75, -12, 324324742738541
16:03:42, A, -75, -12, 324326868311561
16:03:44, A, -73, -12, 324329004174530
16:04:04, A, -76, -12, 324349223378532
16:04:06, A, -73, -12, 324351342414417
16:04:08, A, -70, -12, 324353476362958
16:04:10, A, -71, -12, 324355614105718
16:04:36, A, -77, -12, 324381161074615
16:04:37, A, -73, -12, 324382225749874
16:04:39, A, -76, -12, 324384353664040
16:04:41, A, -76, -12, 324386474140550
16:04:49, A, -74, -12, 324393942160703
16:05:04, A, -78, -12, 324408833712728
16:05:06, A, -73, -12, 324410944684758
16:05:08, A, -77, -12, 324413067106269
16:05:10, A, -78, -12, 324415205454705
16:05:32, A, -73, -12, 324437559154332
16:05:34, A, -72, -12, 324439677542404
16:05:36, A, -77, -12, 324441799854851
16:05:39, A, -73, -12, 324443926971725
16:05:59, A, -74, -12, 324464131354373
16:06:03, A, -76, -12, 324468404774581
16:06:05, A, -71, -12, 324470544722028
16:06:11, A, -73, -12, 324475871838744
16:06:32, A, -70, -12, 324497181163267
16:06:36, A, -71, -12, 324501439856756
16:07:01, A, -76, -12, 324525954764090
16:07:03, A, -76, -12, 324528079884610
16:07:05, A, -71, -12, 324530205877838
16:07:07, A, -72, -12, 324532351232212
16:07:25, A, -74, -12, 324550449441477
16:07:29, A, -73, -12, 324554707725641
16:07:32, A, -72, -12, 324556837705537
16:07:36, A, -86, -12, 324561114385118
16:07:38, A, -77, -12, 324563240023607
16:08:00, A, -73, -12, 324585626183911
16:08:05, A, -76, -12, 324589882842659
16:08:07, A, -77, -12, 324592008409586
16:08:31, A, -75, -12, 324616501407805
16:08:35, A, -74, -12, 324620758530928
16:08:38, A, -75, -12, 324622889849105
16:09:04, A, -71, -12, 324649504818730
16:09:06, A, -74, -12, 324651634747219
16:09:08, A, -74, -12, 324653761547374
16:09:30, A, -70, -12, 324675093850127
16:09:31, A, -76, -12, 324676161271845
16:09:33, A, -72, -12, 324678297197469
16:09:35, A, -69, -12, 324680425086323
16:09:37, A, -71, -12, 324682545977311
16:09:57, A, -76, -12, 324702768446887
16:10:00, A, -75, -12, 324704899382511
16:10:02, A, -75, -12, 324707025503604
16:10:04, A, -75, -12, 324709162215322
16:10:06, A, -72, -12, 324711292835686
16:10:08, A, -73, -12, 324713431326674
16:10:30, A, -73, -12, 324735809679582
16:10:33, A, -67, -12, 324737944767343
16:10:46, A, -77, -12, 324751419818535
16:10:50, A, -74, -12, 324755689083586
16:10:53, A, -76, -12, 324757818564314
16:10:55, A, -75, -12, 324759955812177
16:10:57, A, -79, -12, 324762078451864
16:11:06, A, -77, -12, 324771705469517
16:11:15, A, -77, -12, 324780225604046
16:11:17, A, -76, -12, 324782360656596
16:11:19, A, -76, -12, 324784486609252
16:11:21, A, -75, -12, 324786611545658
16:11:23, A, -76, -12, 324788741066385
16:11:26, A, -75, -12, 324790867779093
16:11:28, A, -74, -12, 324792990438051
16:11:46, A, -77, -12, 324811077189085
16:11:48, A, -84, -12, 324813215860230
16:11:50, A, -74, -12, 324815349946063
16:11:54, A, -76, -12, 324819610030384
16:12:15, A, -81, -12, 324839859313606
16:12:21, A, -83, -12, 324846253431259
16:12:23, A, -88, -12, 324848377157977
16:12:25, A, -77, -12, 324850518578549
16:12:27, A, -78, -12, 324852640841309
16:12:52, A, -76, -12, 324877140707185
16:12:56, A, -70, -12, 324881392905725
16:13:14, A, -72, -12, 324899450854781
16:13:16, A, -81, -12, 324901574732436
16:13:21, A, -79, -12, 324905831940299
16:13:23, A, -81, -12, 324907954236028
16:13:47, A, -71, -12, 324932430306955
16:13:49, A, -71, -12, 324934575256122
16:13:51, A, -71, -12, 324936699131798
16:13:54, A, -79, -12, 324938837569037
16:14:07, A, -73, -12, 324952652887417
16:14:09, A, -77, -12, 324954771991582
16:14:16, A, -73, -12, 324961166649132
16:14:18, A, -75, -12, 324963296630850
16:14:20, A, -73, -12, 324965407086475
16:14:45, A, -73, -12, 324989920494537
16:14:49, A, -73, -12, 324994165058131
16:14:52, A, -70, -12, 324997339961514
16:14:56, A, -70, -12, 325001609826304
16:15:07, A, -71, -12, 325012251120206
16:15:11, A, -72, -12, 325016508909268
16:15:15, A, -76, -12, 325020755566088
16:15:18, A, -73, -12, 325022879807338
16:15:29, A, -77, -12, 325034586273688
16:15:40, A, -74, -12, 325045212200141
16:15:42, A, -77, -12, 325047354241287
16:15:44, A, -78, -12, 325049492642172
16:15:48, A, -77, -12, 325053750677170
16:16:11, A, -78, -12, 325076114181484
16:16:13, A, -76, -12, 325078248932629
16:16:15, A, -72, -12, 325080377750441
16:16:17, A, -78, -12, 325082508380596
16:16:42, A, -84, -12, 325106970634649
16:16:44, A, -75, -12, 325109106065483
16:16:46, A, -75, -12, 325111235344127
16:17:06, A, -71, -12, 325131502661827
16:17:08, A, -76, -12, 325133629607817
16:17:10, A, -75, -12, 325135743742712
16:17:13, A, -72, -12, 325137875878752
16:17:15, A, -76, -12, 325139990720263
16:17:37, A, -77, -12, 325162327022754
16:17:39, A, -75, -12, 325164463489367
16:17:41, A, -75, -12, 325166601343064
16:17:43, A, -76, -12, 325168742251240
16:17:46, A, -76, -12, 325170881582647
16:17:50, A, -72, -12, 325175154131239
16:18:02, A, -77, -12, 325186878326077
16:18:04, A, -78, -12, 325188992975712
16:18:08, A, -75, -12, 325193228765398
16:18:10, A, -76, -12, 325195367346647
16:18:12, A, -77, -12, 325197492865657
16:18:14, A, -73, -12, 325199611073573
16:18:39, A, -78, -12, 325224102331896
16:18:41, A, -77, -12, 325226225557364
16:19:03, A, -76, -12, 325248582204387
16:19:08, A, -76, -12, 325252831024854
16:19:12, A, -76, -12, 325257087593290
16:19:14, A, -74, -12, 325259209471206
16:19:16, A, -73, -12, 325261341924174
16:19:30, A, -74, -12, 325275166762867
16:19:34, A, -68, -12, 325279419712449
16:19:36, A, -72, -12, 325281550039010
16:19:38, A, -73, -12, 325283686816457
16:19:41, A, -76, -12, 325285823735207
16:20:04, A, -75, -12, 325309209307541
16:20:06, A, -71, -12, 325311337042905
16:20:09, A, -70, -12, 325314528000247
16:20:11, A, -73, -12, 325316652530038
16:20:25, A, -70, -12, 325330484720971
16:20:27, A, -75, -12, 325332621669094
16:20:38, A, -71, -12, 325343264684872
16:20:40, A, -71, -12, 325345392631746
16:21:02, A, -72, -12, 325367711570696
16:21:07, A, -73, -12, 325371960596840
16:21:09, A, -73, -12, 325374088587464
16:21:29, A, -72, -12, 325394317650738
16:21:31, A, -73, -12, 325396456225112
16:21:33, A, -73, -12, 325398581666726
16:21:35, A, -73, -12, 325400712696725
16:21:38, A, -72, -12, 325402838601203
16:21:56, A, -70, -12, 325420944755988
16:21:58, A, -74, -12, 325423069887185
16:22:00, A, -70, -12, 325425201588226
16:22:02, A, -72, -12, 325427326924840
16:22:06, A, -71, -12, 325431577111609
16:22:22, A, -73, -12, 325447561133062
16:22:29, A, -76, -12, 325453927936340
16:22:33, A, -72, -12, 325458189902432
16:22:35, A, -72, -12, 325460330472588
16:22:51, A, -75, -12, 325476289973831
16:22:57, A, -74, -12, 325482676224298
16:22:59, A, -75, -12, 325484814092006
16:23:02, A, -71, -12, 325486947395755
16:23:28, A, -72, -12, 325513583747255
16:23:30, A, -74, -12, 325515715580691
16:23:33, A, -77, -12, 325517835103868
16:23:35, A, -72, -12, 325519976604024
16:23:51, A, -72, -12, 325535934109850
16:23:55, A, -76, -12, 325540189150891
16:23:57, A, -74, -12, 325542308803234
16:23:59, A, -72, -12, 325544439379691
16:24:03, A, -75, -12, 325548680474741
16:24:26, A, -89, -12, 325571090379524
16:24:28, A, -72, -12, 325573220517649
16:24:30, A, -73, -12, 325575350144002
16:24:32, A, -84, -12, 325577480707334
16:24:55, A, -72, -12, 325599866275607
16:24:57, A, -73, -12, 325601993580606
16:24:59, A, -70, -12, 325604126063314
16:25:01, A, -74, -12, 325606254223313
16:25:03, A, -73, -12, 325608391716645
16:25:11, A, -76, -12, 325615832304560
16:25:23, A, -81, -12, 325628596818669
16:25:28, A, -76, -12, 325632857423928
16:25:30, A, -79, -12, 325634996396688
16:25:32, A, -83, -12, 325637117048770
16:25:48, A, -76, -12, 325653088544181
16:25:54, A, -74, -12, 325659489663397
16:25:56, A, -71, -12, 325661631712771
16:25:58, A, -75, -12, 325663762780687
16:26:01, A, -73, -12, 325665894962822
16:26:23, A, -75, -12, 325688219240261
16:26:25, A, -74, -12, 325690359694947
16:26:29, A, -76, -12, 325694625311769
16:26:31, A, -71, -12, 325696768266612
16:26:43, A, -73, -12, 325708471814784
16:26:54, A, -77, -12, 325719130921760
16:26:56, A, -76, -12, 325721256379259
16:26:58, A, -76, -12, 325723391145821
16:27:20, A, -78, -12, 325745770079041
16:27:23, A, -90, -12, 325747889479873
16:27:25, A, -83, -12, 325750014791696
16:27:27, A, -74, -12, 325752141888205
16:27:29, A, -81, -12, 325754272542110
16:27:31, A, -77, -12, 325756401097474
16:27:53, A, -78, -12, 325778756299290
16:27:56, A, -82, -12, 325780889518403
16:27:58, A, -82, -12, 325783019239287
16:28:00, A, -84, -12, 325785137473610
16:28:24, A, -98, -12, 325809610375892
16:28:26, A, -89, -12, 325811736216829
16:28:29, A, -83, -12, 325813881599015
16:28:31, A, -93, -12, 325816020410108
16:28:42, A, -80, -12, 325827722529687
16:28:51, A, -84, -12, 325836229688070
16:28:53, A, -82, -12, 325838361881558
16:28:55, A, -88, -12, 325840487987964
16:28:57, A, -86, -12, 325842605618223
16:28:59, A, -91, -12, 325844746507805
16:29:07, A, -88, -12, 325852215981865
16:29:22, A, -82, -12, 325867124148683
16:29:24, A, -84, -12, 325869260457432
16:29:26, A, -84, -12, 325871372172951
16:29:42, A, -87, -12, 325887332241018
16:29:46, A, -85, -12, 325891582389819
16:29:51, A, -82, -12, 325895840265651
16:29:53, A, -73, -12, 325897977806118
16:29:55, A, -73, -12, 325900121134659
16:29:57, A, -74, -12, 325902240348825
16:30:21, A, -82, -12, 325926759581107
16:30:24, A, -77, -12, 325928897965170
16:30:26, A, -92, -12, 325931026622668
16:30:41, A, -83, -12, 325946662802090
16:30:43, A, -98, -12, 325948784328600
16:30:46, A, -87, -12, 325950901902452
16:31:08, A, -88, -12, 325973272820464
16:31:10, A, -92, -12, 325975396220673
16:31:12, A, -91, -12, 325977524578484
16:31:14, A, -94, -12, 325979651826817
16:31:16, A, -98, -12, 325981787068586
16:31:22, A, -92, -12, 325987115817387
16:31:32, A, -94, -12, 325997763473737
16:31:39, A, -86, -12, 326004154903578
16:31:41, A, -87, -12, 326006293550557
16:31:43, A, -85, -12, 326008430862222
16:31:46, A, -88, -12, 326011617620190
16:31:47, A, -83, -12, 326012687415710
16:31:50, A, -89, -12, 326014828246959
16:32:08, A, -91, -12, 326032952559660
16:32:10, A, -94, -12, 326035084458202
16:32:14, A, -90, -12, 326039336661429
16:32:16, A, -100, -12, 326041455366377
16:32:18, A, -89, -12, 326043591212469
16:32:34, A, -87, -12, 326059558688296
16:32:41, A, -83, -12, 326065948640273
16:32:45, A, -92, -12, 326070202016209
16:33:01, A, -83, -12, 326086184160006
16:33:12, A, -90, -12, 326096827233647
16:33:16, A, -80, -12, 326101089476249
16:33:30, A, -93, -12, 326114957402859
16:33:40, A, -83, -12, 326125608279209
16:33:42, A, -85, -12, 326127723639104
16:33:45, A, -84, -12, 326129853796916
16:33:47, A, -80, -12, 326131988954416
16:33:52, A, -80, -12, 326137314857121
16:34:09, A, -95, -12, 326154359127531
16:34:11, A, -87, -12, 326156486007478
16:34:13, A, -81, -12, 326158608631800
16:34:15, A, -84, -12, 326160744048935
16:34:18, A, -99, -12, 326162867117893
16:34:42, A, -87, -12, 326187364555435
16:34:44, A, -91, -12, 326189485610122
16:34:46, A, -92, -12, 326191626489340
16:35:02, A, -84, -12, 326207609615220
16:35:07, A, -87, -12, 326211860106311
16:35:09, A, -92, -12, 326214000608654
16:35:11, A, -88, -12, 326216121311258
16:35:13, A, -96, -12, 326218249673132
16:35:15, A, -93, -12, 326220386304329
16:35:17, A, -90, -12, 326222499909693
16:35:37, A, -92, -12, 326242728833956
16:35:46, A, -89, -12, 326251237030254
16:36:06, A, -81, -12, 326271478706757
16:36:08, A, -86, -12, 326273622447642
16:36:10, A, -88, -12, 326275740481183
16:36:13, A, -78, -12, 326277873086390
16:36:15, A, -79, -12, 326279990588941
16:36:18, A, -78, -12, 326283182008888
16:36:37, A, -79, -12, 326302336406381
16:36:39, A, -80, -12, 326304460189557
16:36:41, A, -76, -12, 326306589070858
16:37:06, A, -86, -12, 326331068611995
16:37:08, A, -87, -12, 326333198731577
16:37:10, A, -78, -12, 326335331834962
16:37:12, A, -77, -12, 326337448960378
16:37:35, A, -73, -12, 326359824161463
16:37:39, A, -72, -12, 326364085584274
16:37:41, A, -76, -12, 326366210807919
16:37:55, A, -77, -12, 326380075324007
16:37:59, A, -74, -12, 326384325148954
16:38:03, A, -79, -12, 326388575807806
16:38:05, A, -71, -12, 326390708417390
16:38:08, A, -78, -12, 326392839603273
16:38:10, A, -76, -12, 326394970324054
16:38:26, A, -76, -12, 326410936795714
16:38:32, A, -74, -12, 326417320600191
16:38:36, A, -74, -12, 326421591894512
16:38:52, A, -73, -12, 326437559967840
16:39:03, A, -67, -12, 326448194303148
16:39:05, A, -71, -12, 326450335467367
16:39:07, A, -80, -12, 326452452665282
16:39:09, A, -78, -12, 326454586478198
16:39:30, A, -77, -12, 326474832074180
16:39:32, A, -80, -12, 326476970185377
16:39:34, A, -73, -12, 326479095668449
16:39:37, A, -84, -12, 326482296395635
16:40:00, A, -84, -12, 326505738504845
16:40:03, A, -85, -12, 326507874130886
16:40:05, A, -84, -12, 326510007300729
16:40:07, A, -90, -12, 326512145084895
16:40:09, A, -82, -12, 326514278420415
16:40:33, A, -76, -12, 326538808815718
16:40:40, A, -86, -12, 326545215133840
16:40:58, A, -94, -12, 326563327921333
16:41:00, A, -91, -12, 326565433579875
16:41:02, A, -92, -12, 326567565623103
16:41:07, A, -87, -12, 326571822346226
16:41:09, A, -87, -12, 326573943427788
16:41:14, A, -93, -12, 326579268421173
16:41:29, A, -94, -12, 326594192824030
16:41:31, A, -79, -12, 326596321419290
16:41:33, A, -82, -12, 326598447926476
16:41:35, A, -70, -12, 326600581091579
16:41:37, A, -66, -12, 326602707337256
16:41:40, A, -68, -12, 326604847264079
16:44:01, A, -48, -12, 326746301642461
16:44:05, A, -48, -12, 326750548838918
16:44:17, A, -50, -12, 326762279432716
16:44:28, A, -52, -12, 326772945968597
16:44:30, A, -56, -12, 326775085230940
16:44:32, A, -61, -12, 326777209735210
16:46:41, A, -82, -12, 326905963015422
16:48:55, A, -79, -12, 327040135756933
16:49:01, A, -60, -12, 327046580730472
16:49:03, A, -79, -12, 327048669307815
16:49:19, A, -79, -12, 327064660996611
16:49:26, A, -77, -12, 327071044001401
16:49:28, A, -81, -12, 327073178360202
16:49:30, A, -86, -12, 327075299605201
16:49:34, A, -78, -12, 327079558276189
16:49:59, A, -81, -12, 327104106531960
16:50:05, A, -81, -12, 327110486029146
16:50:09, A, -88, -12, 327114741890029
16:50:17, A, -82, -12, 327122189963047
16:50:23, A, -78, -12, 327128577556326
16:50:28, A, -76, -12, 327132833587522
16:50:43, A, -87, -12, 327148430746006
16:50:45, A, -76, -12, 327150540377828
16:50:47, A, -83, -12, 327152665383974
16:50:49, A, -76, -12, 327154794658347
16:51:16, A, -85, -12, 327181425825942
16:51:16, A, -85, -12, 327181425825942
16:51:18, A, -77, -12, 327183554634691
16:51:18, A, -77, -12, 327183554634691
16:51:20, A, -78, -12, 327185694609898
16:51:20, A, -78, -12, 327185694609898
16:51:23, A, -73, -12, 327187840596199
16:51:23, A, -73, -12, 327187840596199
16:51:25, A, -79, -12, 327189956483179
16:51:25, A, -79, -12, 327189956483179
16:51:45, A, -95, -12, 327210184635983
16:51:47, A, -81, -12, 327212319422857
16:51:49, A, -91, -12, 327214441341710
16:51:51, A, -82, -12, 327216565422907
16:51:53, A, -81, -12, 327218682522490
16:52:09, A, -87, -12, 327234649717952
16:52:16, A, -84, -12, 327241051808106
16:52:18, A, -84, -12, 327243183398887
16:52:20, A, -81, -12, 327245320036229
16:52:36, A, -92, -12, 327261304620807
16:52:47, A, -87, -12, 327271954646428
16:52:49, A, -92, -12, 327274085064500
16:52:51, A, -89, -12, 327276223033301
16:53:11, A, -93, -12, 327296449450377
16:53:15, A, -81, -12, 327300716164281
16:53:18, A, -86, -12, 327302852282353
16:53:20, A, -80, -12, 327304972900894
16:53:22, A, -79, -12, 327307100571050
16:53:31, A, -86, -12, 327316686909640
16:53:44, A, -74, -12, 327329489423593
16:53:44, A, -74, -12, 327329489423593
16:53:46, A, -86, -12, 327331632358489
16:53:46, A, -86, -12, 327331632358489
16:53:48, A, -80, -12, 327333758742654
16:53:48, A, -80, -12, 327333758742654
16:53:53, A, -83, -12, 327338007961871
16:53:53, A, -83, -12, 327338007961871
16:53:55, A, -79, -12, 327340145984162
16:54:15, A, -83, -12, 327360371090666
16:54:17, A, -92, -12, 327362502871862
16:54:19, A, -82, -12, 327364623022538
16:54:21, A, -87, -12, 327366747847902
16:54:24, A, -92, -12, 327368868814412
16:54:37, A, -84, -12, 327382725490709
16:54:42, A, -86, -12, 327386999445967
16:54:44, A, -90, -12, 327389128092268
16:54:48, A, -86, -12, 327393396720392
16:54:50, A, -86, -12, 327395522186537
16:54:52, A, -90, -12, 327397649634401
16:55:10, A, -87, -12, 327415764832883
16:55:15, A, -88, -12, 327420018144444
16:55:17, A, -83, -12, 327422146450277
16:55:19, A, -92, -12, 327424269785015
16:55:21, A, -92, -12, 327426393638192
16:55:23, A, -90, -12, 327428527251837
16:55:46, A, -86, -12, 327450895555214
16:55:48, A, -88, -12, 327453028103390
16:55:50, A, -90, -12, 327455159526514
16:55:54, A, -87, -12, 327459417147607
16:55:54, A, -87, -12, 327459417147607
16:56:08, A, -78, -12, 327473261153903
16:56:08, A, -78, -12, 327473261153903
16:56:14, A, -85, -12, 327479646892703
16:56:14, A, -85, -12, 327479646892703
16:56:16, A, -84, -12, 327481775515879
16:56:19, A, -78, -12, 327483900408326
16:56:21, A, -84, -12, 327486024150357
16:56:23, A, -82, -12, 327488164811085
16:56:41, A, -82, -12, 327506232681860
16:56:43, A, -79, -12, 327508365542900
16:56:45, A, -81, -12, 327510508660347
16:56:47, A, -80, -12, 327512627412690
16:56:49, A, -80, -12, 327514759869095
16:56:52, A, -80, -12, 327516883476491
16:57:10, A, -80, -12, 327534966763932
16:57:12, A, -79, -12, 327537092184764
16:57:14, A, -79, -12, 327539217006378
16:57:16, A, -80, -12, 327541345282628
16:57:18, A, -80, -12, 327543466787731
16:57:21, A, -80, -12, 327546660200906
16:57:26, A, -80, -12, 327550915665697
16:57:36, A, -79, -12, 327561541188609
16:57:38, A, -81, -12, 327563674571838
16:57:43, A, -83, -12, 327567927761002
16:57:46, A, -81, -12, 327571134004908
16:57:49, A, -81, -12, 327574332263448
16:58:03, A, -81, -12, 327588205750526
16:58:14, A, -79, -12, 327598864591615
16:58:16, A, -78, -12, 327601002618333
16:58:16, A, -78, -12, 327601002618333
16:58:18, A, -79, -12, 327603134340677
16:58:18, A, -79, -12, 327603134340677
16:58:20, A, -82, -12, 327605270016613
16:58:20, A, -82, -12, 327605270016613
16:58:38, A, -75, -12, 327623366821554
16:58:38, A, -75, -12, 327623366821554
16:58:42, A, -80, -12, 327627625494522
16:58:47, A, -82, -12, 327631875195041
16:58:49, A, -80, -12, 327633986121238
16:59:11, A, -82, -12, 327656323681855
16:59:13, A, -84, -12, 327658450010968
16:59:17, A, -81, -12, 327662701926071
16:59:20, A, -80, -12, 327664821497267
16:59:35, A, -80, -12, 327680778560803
16:59:42, A, -82, -12, 327687164597884
16:59:44, A, -82, -12, 327689303039862
16:59:46, A, -78, -12, 327691427412779
17:00:11, A, -79, -12, 327715898154331
17:00:17, A, -78, -12, 327722292893391
17:00:19, A, -80, -12, 327724424785891
17:00:31, A, -78, -12, 327736152177969
17:00:33, A, -81, -12, 327738286487916
17:00:35, A, -79, -12, 327740420956561
17:00:41, A, -78, -12, 327746801074580
17:00:41, A, -78, -12, 327746801074580
17:00:44, A, -80, -12, 327748942575308
17:00:44, A, -80, -12, 327748942575308
17:00:46, A, -80, -12, 327751083046193
17:00:46, A, -80, -12, 327751083046193
17:00:48, A, -86, -12, 327753210464160
17:00:48, A, -86, -12, 327753210464160
17:00:50, A, -84, -12, 327755341148640
17:00:50, A, -84, -12, 327755341148640
17:00:57, A, -86, -12, 327762804080043
17:00:57, A, -86, -12, 327762804080043
17:01:04, A, -77, -12, 327769186926551
17:01:10, A, -88, -12, 327775561310819
17:01:17, A, -87, -12, 327781946237900
17:01:19, A, -82, -12, 327784075062691
17:01:41, A, -88, -12, 327806403631849
17:01:43, A, -84, -12, 327808540173671
17:01:45, A, -87, -12, 327810667753410
17:01:50, A, -86, -12, 327814920816898
17:02:12, A, -82, -12, 327837288442358
17:02:14, A, -85, -12, 327839408696472
17:02:18, A, -84, -12, 327843666654856
17:02:30, A, -88, -12, 327855345923185
17:02:32, A, -84, -12, 327857485188236
17:02:35, A, -83, -12, 327860682509120
17:02:41, A, -83, -12, 327865998852451
17:02:45, A, -87, -12, 327870249944793
17:02:47, A, -86, -12, 327872376197136
17:03:09, A, -85, -12, 327894733013065
17:03:09, A, -85, -12, 327894733013065
17:03:12, A, -84, -12, 327896851189158
17:03:12, A, -84, -12, 327896851189158
17:03:14, A, -89, -12, 327898978591189
17:03:14, A, -89, -12, 327898978591189
17:03:16, A, -82, -12, 327901112327802
17:03:30, A, -86, -12, 327914961348318
17:03:32, A, -84, -12, 327917088307171
17:03:38, A, -84, -12, 327923463412273
17:03:40, A, -82, -12, 327925597075970
17:03:42, A, -91, -12, 327927726096699
17:03:45, A, -95, -12, 327929862485813
17:03:47, A, -87, -12, 327932000276801
17:04:11, A, -86, -12, 327956526076948
17:04:13, A, -87, -12, 327958669953405
17:04:18, A, -86, -12, 327962942607830
17:04:40, A, -84, -12, 327985288806624
17:04:42, A, -90, -12, 327987420387092
17:04:44, A, -85, -12, 327989542536050
17:04:46, A, -99, -12, 327991679363289
17:05:04, A, -90, -12, 328009787363750
17:05:11, A, -91, -12, 328016186020831
17:05:13, A, -86, -12, 328018332548643
17:05:15, A, -95, -12, 328020454865205
17:05:15, A, -95, -12, 328020454865205
17:05:17, A, -95, -12, 328022589066975
17:05:17, A, -95, -12, 328022589066975
17:05:25, A, -87, -12, 328030037963223
17:05:25, A, -87, -12, 328030037963223
17:05:31, A, -93, -12, 328036426144782
17:05:42, A, -84, -12, 328047081666028
17:05:46, A, -87, -12, 328051324737433
17:05:48, A, -83, -12, 328053454465505
17:06:02, A, -85, -12, 328067316845031
17:06:11, A, -92, -12, 328075833758882
17:06:13, A, -87, -12, 328077964166016
17:06:15, A, -87, -12, 328080088428932
17:06:17, A, -84, -12, 328082205825546
17:06:19, A, -103, -12, 328084339700857
17:06:41, A, -101, -12, 328106692472151
17:06:44, A, -96, -12, 328108817118973
17:06:46, A, -92, -12, 328110947744701
17:06:48, A, -89, -12, 328113086258138
17:07:12, A, -98, -12, 328137577600316
17:07:14, A, -101, -12, 328139707140784
17:07:17, A, -100, -12, 328141837211929
17:07:20, A, -88, -12, 328145027667397
17:07:24, A, -86, -12, 328149303509843
17:07:41, A, -94, -12, 328166321853951
17:07:41, A, -94, -12, 328166321853951
17:07:43, A, -90, -12, 328168458205877
17:07:43, A, -90, -12, 328168458205877
17:07:47, A, -86, -12, 328172721323792
17:07:47, A, -86, -12, 328172721323792
17:08:10, A, -80, -12, 328195058248784
17:08:12, A, -79, -12, 328197188696491
17:08:14, A, -80, -12, 328199323064303
17:08:16, A, -91, -12, 328201442479562
17:08:28, A, -99, -12, 328213178813673
17:08:41, A, -78, -12, 328225932454918
17:08:44, A, -95, -12, 328229136052625
17:08:45, A, -80, -12, 328230206017469
17:08:47, A, -90, -12, 328232331658613
17:09:12, A, -80, -12, 328256853541833
17:09:14, A, -95, -12, 328258988243187
17:09:32, A, -91, -12, 328277071207658
17:09:40, A, -81, -12, 328285590103541
17:09:47, A, -80, -12, 328291982517966
17:10:14, A, -80, -12, 328319683961653
17:10:14, A, -80, -12, 328319683961653
17:10:18, A, -88, -12, 328322880079725
17:10:18, A, -88, -12, 328322880079725
17:10:20, A, -79, -12, 328325006656703
17:10:20, A, -79, -12, 328325006656703
17:10:53, A, -84, -12, 328358714675962
17:11:02, A, -90, -12, 328367228188510
17:11:04, A, -90, -12, 328369374854863
17:11:06, A, -84, -12, 328371488909758
17:11:16, A, -89, -12, 328381081299598
17:11:29, A, -88, -12, 328393856182198
17:11:31, A, -91, -12, 328395985541207
17:11:33, A, -82, -12, 328398128326727
17:11:37, A, -89, -12, 328402375369226
17:11:39, A, -83, -12, 328404493785319
17:11:56, A, -79, -12, 328421573108073
17:12:02, A, -89, -12, 328426867659424
17:12:05, A, -81, -12, 328430061468329
17:12:08, A, -82, -12, 328433251910047
17:12:28, A, -82, -12, 328453472681810
17:12:28, A, -82, -12, 328453472681810
17:12:30, A, -84, -12, 328455609153997
17:12:30, A, -84, -12, 328455609153997
17:12:32, A, -89, -12, 328457729809205
17:12:32, A, -89, -12, 328457729809205
17:12:35, A, -96, -12, 328459862988631
17:12:35, A, -96, -12, 328459862988631
17:12:53, A, -90, -12, 328477970741436
17:12:53, A, -90, -12, 328477970741436
17:12:57, A, -77, -12, 328482219635602
17:12:57, A, -77, -12, 328482219635602
17:12:59, A, -91, -12, 328484345002736
17:12:59, A, -91, -12, 328484345002736
17:13:01, A, -89, -12, 328486466509558
17:13:01, A, -89, -12, 328486466509558
17:13:36, A, -81, -12, 328521629623035
17:13:36, A, -81, -12, 328521629623035
17:13:46, A, -83, -12, 328531211460322
17:13:46, A, -83, -12, 328531211460322
17:13:48, A, -92, -12, 328533337797301
17:13:48, A, -92, -12, 328533337797301
17:13:57, A, -83, -12, 328541859683391
17:13:57, A, -83, -12, 328541859683391
17:14:03, A, -93, -12, 328548244188910
17:14:03, A, -93, -12, 328548244188910
17:14:05, A, -79, -12, 328550372943336
17:14:05, A, -79, -12, 328550372943336
17:14:07, A, -95, -12, 328552512859221
17:14:07, A, -95, -12, 328552512859221
17:14:09, A, -83, -12, 328554630881980
17:14:09, A, -83, -12, 328554630881980
17:14:27, A, -92, -12, 328572725747650
17:14:27, A, -92, -12, 328572725747650
17:14:32, A, -94, -12, 328576973395878
17:14:32, A, -94, -12, 328576973395878
17:14:34, A, -79, -12, 328579104261034
17:14:34, A, -79, -12, 328579104261034
17:14:36, A, -82, -12, 328581237439991
17:14:36, A, -82, -12, 328581237439991
17:14:38, A, -93, -12, 328583368079313
17:14:38, A, -93, -12, 328583368079313
17:15:05, A, -90, -12, 328609993775032
17:15:05, A, -90, -12, 328609993775032
17:15:05, A, -90, -12, 328609993775032
17:15:38, A, -88, -12, 328643006536165
17:15:38, A, -88, -12, 328643006536165
17:16:02, A, -85, -12, 328667475724333
17:16:02, A, -85, -12, 328667475724333
17:16:06, A, -88, -12, 328671744669696
17:16:06, A, -88, -12, 328671744669696
17:16:09, A, -88, -12, 328673888638601
17:16:09, A, -88, -12, 328673888638601
17:16:33, A, -86, -12, 328698391371977
17:16:33, A, -86, -12, 328698391371977
17:16:35, A, -93, -12, 328700525692341
17:16:35, A, -93, -12, 328700525692341
17:16:37, A, -91, -12, 328702660617809
17:16:37, A, -91, -12, 328702660617809
17:16:41, A, -88, -12, 328705855848902
17:16:41, A, -88, -12, 328705855848902
17:17:02, A, -88, -12, 328727129148008
17:17:02, A, -88, -12, 328727129148008
17:17:04, A, -91, -12, 328729263387122
17:17:04, A, -91, -12, 328729263387122
17:17:08, A, -89, -12, 328733518264880
17:17:08, A, -89, -12, 328733518264880
17:17:10, A, -88, -12, 328735661348578
17:17:10, A, -88, -12, 328735661348578
17:17:33, A, -88, -12, 328758040804402
17:17:33, A, -88, -12, 328758040804402
17:17:33, A, -88, -12, 328758040804402
17:17:35, A, -86, -12, 328760167799089
17:17:35, A, -86, -12, 328760167799089
17:17:35, A, -86, -12, 328760167799089
17:17:37, A, -89, -12, 328762309971224
17:17:37, A, -89, -12, 328762309971224
17:17:37, A, -89, -12, 328762309971224
17:17:39, A, -87, -12, 328764435679921
17:17:39, A, -87, -12, 328764435679921
17:17:39, A, -87, -12, 328764435679921
17:17:41, A, -88, -12, 328766564985910
17:17:41, A, -88, -12, 328766564985910
17:17:41, A, -88, -12, 328766564985910
17:17:53, A, -88, -12, 328778284150489
17:17:53, A, -88, -12, 328778284150489
17:17:53, A, -88, -12, 328778284150489
17:18:12, A, -86, -12, 328797484043815
17:18:12, A, -86, -12, 328797484043815
17:18:35, A, -87, -12, 328819888429066
17:18:35, A, -87, -12, 328819888429066
17:18:37, A, -80, -12, 328822024017087
17:18:37, A, -80, -12, 328822024017087
17:18:39, A, -85, -12, 328824160673283
17:18:39, A, -85, -12, 328824160673283
17:18:41, A, -79, -12, 328826288111095
17:18:41, A, -79, -12, 328826288111095
17:18:43, A, -90, -12, 328828396618178
17:18:43, A, -90, -12, 328828396618178
17:18:59, A, -80, -12, 328844355996349
17:18:59, A, -80, -12, 328844355996349
17:19:05, A, -81, -12, 328850747351867
17:19:05, A, -81, -12, 328850747351867
17:19:12, A, -88, -12, 328857131816396
17:19:12, A, -88, -12, 328857131816396
17:19:28, A, -79, -12, 328873109991077
17:19:28, A, -79, -12, 328873109991077
17:19:34, A, -87, -12, 328879475547013
17:19:34, A, -87, -12, 328879475547013
17:19:38, A, -98, -12, 328883747026386
17:19:38, A, -98, -12, 328883747026386
17:19:41, A, -87, -12, 328885869682531
17:19:41, A, -87, -12, 328885869682531
17:19:50, A, -82, -12, 328895438728673
17:19:50, A, -82, -12, 328895438728673
17:19:54, A, -83, -12, 328899705606848
17:19:54, A, -83, -12, 328899705606848
17:20:03, A, -89, -12, 328908232510751
17:20:03, A, -89, -12, 328908232510751
17:20:03, A, -89, -12, 328908232510751
17:20:05, A, -88, -12, 328910364330490
17:20:05, A, -88, -12, 328910364330490
17:20:05, A, -88, -12, 328910364330490
17:20:07, A, -79, -12, 328912485726167
17:20:07, A, -79, -12, 328912485726167
17:20:07, A, -79, -12, 328912485726167
17:20:09, A, -88, -12, 328914622871530
17:20:09, A, -88, -12, 328914622871530
17:20:09, A, -88, -12, 328914622871530
17:20:11, A, -80, -12, 328916759410905
17:20:11, A, -80, -12, 328916759410905
17:20:11, A, -80, -12, 328916759410905
17:20:25, A, -81, -12, 328930629995535
17:20:25, A, -81, -12, 328930629995535
17:20:25, A, -81, -12, 328930629995535
17:20:34, A, -91, -12, 328939125346938
17:20:34, A, -91, -12, 328939125346938
17:20:34, A, -91, -12, 328939125346938
17:20:36, A, -83, -12, 328941258516885
17:20:36, A, -83, -12, 328941258516885
17:20:36, A, -83, -12, 328941258516885
17:20:40, A, -91, -12, 328945524332456
17:20:40, A, -91, -12, 328945524332456
17:20:40, A, -91, -12, 328945524332456
17:20:56, A, -83, -12, 328961469212346
17:20:56, A, -83, -12, 328961469212346
17:20:56, A, -83, -12, 328961469212346
17:21:00, A, -82, -12, 328965745875834
17:21:00, A, -82, -12, 328965745875834
17:21:00, A, -82, -12, 328965745875834
17:21:05, A, -92, -12, 328970011090519
17:21:05, A, -92, -12, 328970011090519
17:21:05, A, -92, -12, 328970011090519
17:21:07, A, -91, -12, 328972145298592
17:21:07, A, -91, -12, 328972145298592
17:21:07, A, -91, -12, 328972145298592
17:21:09, A, -90, -12, 328974265007967
17:21:09, A, -90, -12, 328974265007967
17:21:09, A, -90, -12, 328974265007967
17:21:11, A, -89, -12, 328976388898225
17:21:11, A, -89, -12, 328976388898225
17:21:11, A, -89, -12, 328976388898225
17:21:36, A, -67, -12, 329000873102696
17:21:36, A, -67, -12, 329000873102696
17:21:36, A, -67, -12, 329000873102696
17:21:38, A, -68, -12, 329003012362069
17:21:38, A, -68, -12, 329003012362069
17:21:38, A, -68, -12, 329003012362069
17:21:40, A, -68, -12, 329005136537954
17:21:40, A, -68, -12, 329005136537954
17:21:40, A, -68, -12, 329005136537954
17:22:02, A, -94, -12, 329027481984560
17:22:02, A, -94, -12, 329027481984560
17:22:02, A, -94, -12, 329027481984560
17:22:04, A, -80, -12, 329029621639143
17:22:04, A, -80, -12, 329029621639143
17:22:04, A, -80, -12, 329029621639143
17:22:06, A, -75, -12, 329031761744298
17:22:06, A, -75, -12, 329031761744298
17:22:06, A, -75, -12, 329031761744298
17:22:09, A, -76, -12, 329033913485495
17:22:09, A, -76, -12, 329033913485495
17:22:09, A, -76, -12, 329033913485495
17:22:11, A, -78, -12, 329036042357526
17:22:11, A, -78, -12, 329036042357526
17:22:11, A, -78, -12, 329036042357526
17:22:35, A, -80, -12, 329060517484652
17:22:35, A, -80, -12, 329060517484652
17:22:37, A, -82, -12, 329062642797620
17:22:37, A, -82, -12, 329062642797620
17:22:42, A, -76, -12, 329066889973034
17:22:42, A, -76, -12, 329066889973034
17:23:04, A, -75, -12, 329089225739433
17:23:04, A, -75, -12, 329089225739433
17:23:06, A, -75, -12, 329091366087609
17:23:06, A, -75, -12, 329091366087609
17:23:08, A, -77, -12, 329093491597764
17:23:08, A, -77, -12, 329093491597764
17:23:35, A, -77, -12, 329120136239317
17:23:35, A, -77, -12, 329120136239317
17:23:37, A, -78, -12, 329122255074472
17:23:37, A, -78, -12, 329122255074472
17:23:39, A, -81, -12, 329124389652180
17:23:39, A, -81, -12, 329124389652180
17:23:41, A, -76, -12, 329126519954575
17:23:41, A, -76, -12, 329126519954575
17:23:55, A, -81, -12, 329140341744986
17:23:55, A, -81, -12, 329140341744986
17:23:57, A, -76, -12, 329142453512069
17:23:57, A, -76, -12, 329142453512069
17:24:04, A, -76, -12, 329148838831493
17:24:04, A, -76, -12, 329148838831493
17:24:06, A, -76, -12, 329150958548523
17:24:06, A, -76, -12, 329150958548523
17:24:08, A, -80, -12, 329153093437742
17:24:08, A, -80, -12, 329153093437742
17:24:10, A, -77, -12, 329155221701074
17:24:10, A, -77, -12, 329155221701074
17:24:28, A, -70, -12, 329173344702057
17:24:28, A, -70, -12, 329173344702057
17:24:28, A, -70, -12, 329173344702057
17:24:30, A, -67, -12, 329175454856119
17:24:30, A, -67, -12, 329175454856119
17:24:30, A, -67, -12, 329175454856119
17:24:32, A, -67, -12, 329177599586690
17:24:32, A, -67, -12, 329177599586690
17:24:32, A, -67, -12, 329177599586690
17:24:34, A, -69, -12, 329179711075544
17:24:34, A, -69, -12, 329179711075544
17:24:34, A, -69, -12, 329179711075544
17:24:39, A, -70, -12, 329183959141272
17:24:39, A, -70, -12, 329183959141272
17:24:39, A, -70, -12, 329183959141272
17:25:01, A, -71, -12, 329206296687929
17:25:01, A, -71, -12, 329206296687929
17:25:01, A, -71, -12, 329206296687929
17:25:03, A, -68, -12, 329208429424595
17:25:03, A, -68, -12, 329208429424595
17:25:03, A, -68, -12, 329208429424595
17:25:07, A, -67, -12, 329212712299489
17:25:07, A, -67, -12, 329212712299489
17:25:07, A, -67, -12, 329212712299489
17:25:10, A, -72, -12, 329214839441312
17:25:10, A, -72, -12, 329214839441312
17:25:10, A, -72, -12, 329214839441312
17:25:23, A, -71, -12, 329228689484536
17:25:23, A, -71, -12, 329228689484536
17:25:23, A, -71, -12, 329228689484536
17:25:32, A, -70, -12, 329237224508179
17:25:32, A, -70, -12, 329237224508179
17:25:32, A, -70, -12, 329237224508179
17:25:36, A, -65, -12, 329241470311822
17:25:36, A, -65, -12, 329241470311822
17:25:36, A, -65, -12, 329241470311822
17:25:38, A, -70, -12, 329243618048124
17:25:38, A, -70, -12, 329243618048124
17:25:38, A, -70, -12, 329243618048124
17:25:40, A, -63, -12, 329245754339737
17:25:40, A, -63, -12, 329245754339737
17:25:40, A, -63, -12, 329245754339737
17:25:54, A, -64, -12, 329259589646711
17:25:54, A, -64, -12, 329259589646711
17:25:54, A, -64, -12, 329259589646711
17:26:05, A, -63, -12, 329270280358946
17:26:05, A, -63, -12, 329270280358946
17:26:05, A, -63, -12, 329270280358946
17:26:07, A, -67, -12, 329272418339675
17:26:07, A, -67, -12, 329272418339675
17:26:07, A, -67, -12, 329272418339675
17:26:11, A, -70, -12, 329276695214361
17:26:11, A, -70, -12, 329276695214361
17:26:11, A, -70, -12, 329276695214361
17:26:32, A, -76, -12, 329296901932947
17:26:32, A, -76, -12, 329296901932947
17:26:32, A, -76, -12, 329296901932947
17:26:34, A, -79, -12, 329299042619872
17:26:34, A, -79, -12, 329299042619872
17:26:34, A, -79, -12, 329299042619872
17:26:36, A, -82, -12, 329301180113518
17:26:36, A, -82, -12, 329301180113518
17:26:36, A, -82, -12, 329301180113518
17:26:38, A, -77, -12, 329303297663049
17:26:38, A, -77, -12, 329303297663049
17:26:38, A, -77, -12, 329303297663049
17:26:56, A, -75, -12, 329321398918563
17:26:56, A, -75, -12, 329321398918563
17:26:56, A, -75, -12, 329321398918563
17:27:02, A, -77, -12, 329327781923144
17:27:02, A, -77, -12, 329327781923144
17:27:02, A, -77, -12, 329327781923144
17:27:05, A, -75, -12, 329329908099028
17:27:05, A, -75, -12, 329329908099028
17:27:05, A, -75, -12, 329329908099028
17:27:29, A, -77, -12, 329354430717091
17:27:29, A, -77, -12, 329354430717091
17:27:29, A, -77, -12, 329354430717091
17:27:38, A, -74, -12, 329362946164536
17:27:38, A, -74, -12, 329362946164536
17:27:38, A, -74, -12, 329362946164536
17:27:40, A, -78, -12, 329365070135161
17:27:40, A, -78, -12, 329365070135161
17:27:40, A, -78, -12, 329365070135161
17:27:42, A, -76, -12, 329367196269066
17:27:42, A, -76, -12, 329367196269066
17:27:42, A, -76, -12, 329367196269066
17:28:06, A, -71, -12, 329391690589265
17:28:06, A, -71, -12, 329391690589265
17:28:06, A, -71, -12, 329391690589265
17:28:09, A, -76, -12, 329393823037493
17:28:09, A, -76, -12, 329393823037493
17:28:09, A, -76, -12, 329393823037493
17:28:11, A, -77, -12, 329395946557388
17:28:11, A, -77, -12, 329395946557388
17:28:11, A, -77, -12, 329395946557388
17:28:13, A, -82, -12, 329398078330929
17:28:13, A, -82, -12, 329398078330929
17:28:13, A, -82, -12, 329398078330929
17:28:15, A, -77, -12, 329400200295147
17:28:15, A, -77, -12, 329400200295147
17:28:15, A, -77, -12, 329400200295147
17:28:37, A, -76, -12, 329422571850712
17:28:37, A, -76, -12, 329422571850712
17:28:37, A, -76, -12, 329422571850712
17:28:39, A, -73, -12, 329424708362846
17:28:39, A, -73, -12, 329424708362846
17:28:39, A, -73, -12, 329424708362846
17:28:44, A, -73, -12, 329428961881178
17:28:44, A, -73, -12, 329428961881178
17:28:44, A, -73, -12, 329428961881178
17:29:08, A, -78, -12, 329453468830023
17:29:08, A, -78, -12, 329453468830023
17:29:08, A, -78, -12, 329453468830023
17:29:10, A, -80, -12, 329455607041324
17:29:10, A, -80, -12, 329455607041324
17:29:10, A, -80, -12, 329455607041324
17:29:12, A, -73, -12, 329457734729292
17:29:12, A, -73, -12, 329457734729292
17:29:12, A, -73, -12, 329457734729292
17:29:15, A, -72, -12, 329459862001843
17:29:15, A, -72, -12, 329459862001843
17:29:15, A, -72, -12, 329459862001843
17:29:39, A, -76, -12, 329484344563969
17:29:39, A, -76, -12, 329484344563969
17:29:39, A, -76, -12, 329484344563969
17:29:41, A, -76, -12, 329486466516624
17:29:41, A, -76, -12, 329486466516624
17:29:41, A, -76, -12, 329486466516624
17:29:43, A, -72, -12, 329488616224384
17:29:43, A, -72, -12, 329488616224384
17:29:43, A, -72, -12, 329488616224384
17:29:45, A, -76, -12, 329490731657926
17:29:45, A, -76, -12, 329490731657926
17:29:45, A, -76, -12, 329490731657926
17:30:08, A, -71, -12, 329513109195521
17:30:08, A, -71, -12, 329513109195521
17:30:08, A, -71, -12, 329513109195521
17:30:10, A, -76, -12, 329515235102916
17:30:10, A, -76, -12, 329515235102916
17:30:10, A, -76, -12, 329515235102916
17:30:12, A, -76, -12, 329517349833384
17:30:12, A, -76, -12, 329517349833384
17:30:12, A, -76, -12, 329517349833384
17:30:14, A, -72, -12, 329519480801248
17:30:14, A, -72, -12, 329519480801248
17:30:14, A, -72, -12, 329519480801248
17:30:34, A, -73, -12, 329539686306240
17:30:34, A, -73, -12, 329539686306240
17:30:34, A, -73, -12, 329539686306240
17:30:56, A, -74, -12, 329561672848002
17:30:56, A, -74, -12, 329561672848002
17:30:56, A, -74, -12, 329561672848002
17:30:58, A, -77, -12, 329563802128314
17:30:58, A, -77, -12, 329563802128314
17:30:58, A, -77, -12, 329563802128314
17:31:03, A, -74, -12, 329568064161958
17:31:03, A, -74, -12, 329568064161958
17:31:03, A, -74, -12, 329568064161958
17:31:05, A, -74, -12, 329570193768936
17:31:05, A, -74, -12, 329570193768936
17:31:05, A, -74, -12, 329570193768936
17:31:27, A, -71, -12, 329592555832834
17:31:27, A, -71, -12, 329592555832834
17:31:27, A, -71, -12, 329592555832834
17:31:29, A, -82, -12, 329594706355229
17:31:29, A, -82, -12, 329594706355229
17:31:29, A, -82, -12, 329594706355229
17:31:32, A, -80, -12, 329596847218978
17:31:32, A, -80, -12, 329596847218978
17:31:32, A, -80, -12, 329596847218978
17:31:34, A, -77, -12, 329598964621374
17:31:34, A, -77, -12, 329598964621374
17:31:34, A, -77, -12, 329598964621374
17:31:36, A, -80, -12, 329601081973977
17:31:36, A, -80, -12, 329601081973977
17:31:36, A, -80, -12, 329601081973977
17:31:56, A, -72, -12, 329621342123917
17:31:56, A, -72, -12, 329621342123917
17:31:56, A, -72, -12, 329621342123917
17:32:00, A, -75, -12, 329625618612144
17:32:00, A, -75, -12, 329625618612144
17:32:00, A, -75, -12, 329625618612144
17:32:05, A, -72, -12, 329629872364018
17:32:05, A, -72, -12, 329629872364018
17:32:05, A, -72, -12, 329629872364018
17:32:29, A, -72, -12, 329654349785207
17:32:29, A, -72, -12, 329654349785207
17:32:29, A, -72, -12, 329654349785207
17:32:31, A, -73, -12, 329656483927185
17:32:31, A, -73, -12, 329656483927185
17:32:31, A, -73, -12, 329656483927185
17:32:33, A, -74, -12, 329658632684267
17:32:33, A, -74, -12, 329658632684267
17:32:33, A, -74, -12, 329658632684267
17:32:58, A, -68, -12, 329683119720560
17:32:58, A, -68, -12, 329683119720560
17:32:58, A, -68, -12, 329683119720560
17:33:00, A, -73, -12, 329685248291966
17:33:00, A, -73, -12, 329685248291966
17:33:00, A, -73, -12, 329685248291966
17:33:06, A, -74, -12, 329691628141860
17:33:06, A, -74, -12, 329691628141860
17:33:06, A, -74, -12, 329691628141860
17:33:22, A, -67, -12, 329707563416332
17:33:22, A, -67, -12, 329707563416332
17:33:22, A, -67, -12, 329707563416332
17:33:29, A, -67, -12, 329713955219194
17:33:29, A, -67, -12, 329713955219194
17:33:29, A, -67, -12, 329713955219194
17:33:31, A, -74, -12, 329716096780339
17:33:31, A, -74, -12, 329716096780339
17:33:31, A, -74, -12, 329716096780339
17:33:33, A, -76, -12, 329718211473880
17:33:33, A, -76, -12, 329718211473880
17:33:33, A, -76, -12, 329718211473880
17:33:35, A, -76, -12, 329720352391483
17:33:35, A, -76, -12, 329720352391483
17:33:35, A, -76, -12, 329720352391483
17:33:49, A, -71, -12, 329734200102051
17:33:49, A, -71, -12, 329734200102051
17:33:49, A, -71, -12, 329734200102051
17:34:00, A, -72, -12, 329744853940172
17:34:00, A, -72, -12, 329744853940172
17:34:00, A, -72, -12, 329744853940172
17:34:02, A, -71, -12, 329746991171369
17:34:02, A, -71, -12, 329746991171369
17:34:02, A, -71, -12, 329746991171369
17:34:04, A, -70, -12, 329749126900795
17:34:04, A, -70, -12, 329749126900795
17:34:04, A, -70, -12, 329749126900795
17:34:06, A, -70, -12, 329751264261315
17:34:06, A, -70, -12, 329751264261315
17:34:06, A, -70, -12, 329751264261315
17:34:08, A, -68, -12, 329753399655586
17:34:08, A, -68, -12, 329753399655586
17:34:08, A, -68, -12, 329753399655586
17:34:30, A, -68, -12, 329775796720890
17:34:30, A, -68, -12, 329775796720890
17:34:30, A, -68, -12, 329775796720890
17:34:33, A, -71, -12, 329777913279638
17:34:33, A, -71, -12, 329777913279638
17:34:33, A, -71, -12, 329777913279638
17:34:35, A, -75, -12, 329780048372242
17:34:35, A, -75, -12, 329780048372242
17:34:35, A, -75, -12, 329780048372242
17:34:37, A, -70, -12, 329782181152189
17:34:37, A, -70, -12, 329782181152189
17:34:37, A, -70, -12, 329782181152189
17:35:06, A, -69, -12, 329810959695250
17:35:06, A, -69, -12, 329810959695250
17:35:06, A, -69, -12, 329810959695250
17:35:12, A, -73, -12, 329817341853217
17:35:12, A, -73, -12, 329817341853217
17:35:12, A, -73, -12, 329817341853217
